17:07:45 INFO  : Registering command handlers for SDK TCF services
17:07:45 INFO  : Launching XSCT server: xsct.bat -interactive C:\COSMOS_KJH\CosmosPlus_Cluster\CosmosPlus_DFTL_Cluster_Bef\Cluster_Bef\Build\Cluster_Bef\temp_xsdb_launch_script.tcl
17:07:47 INFO  : XSCT server has started successfully.
17:07:48 INFO  : Successfully done setting XSCT server connection channel  
17:07:48 INFO  : Successfully done setting SDK workspace  
17:08:58 INFO  : Project 'system_hw_platform_0' created. You can now create BSPs and application projects targeting this hardware platform.
17:21:20 INFO  : Connected to target on host '127.0.0.1' and port '3121'.
17:21:22 INFO  : Jtag cable 'Digilent JTAG-SMT2 210251A543E7' is selected.
17:21:22 INFO  : 'jtag frequency' command is executed.
17:21:22 INFO  : Sourcing of 'C:/COSMOS_KJH/CosmosPlus_Cluster/CosmosPlus_DFTL_Cluster_Bef/Cluster_Bef/Build/Cluster_Bef/system_hw_platform_0/ps7_init.tcl' is done.
17:21:22 INFO  : Context for 'APU' is selected.
17:21:22 INFO  : System reset is completed.
17:21:25 INFO  : 'after 3000' command is executed.
17:21:25 INFO  : 'targets -set -filter {jtag_cable_name =~ "Digilent JTAG-SMT2 210251A543E7" && level==0} -index 1' command is executed.
17:21:32 INFO  : FPGA configured successfully with bitstream "C:/COSMOS_KJH/CosmosPlus_Cluster/CosmosPlus_DFTL_Cluster_Bef/Cluster_Bef/Build/Cluster_Bef/system_hw_platform_0/OpenSSD2.bit"
17:21:33 INFO  : Context for 'APU' is selected.
17:21:33 INFO  : Hardware design information is loaded from 'C:/COSMOS_KJH/CosmosPlus_Cluster/CosmosPlus_DFTL_Cluster_Bef/Cluster_Bef/Build/Cluster_Bef/system_hw_platform_0/system.hdf'.
17:21:33 INFO  : 'configparams force-mem-access 1' command is executed.
17:21:33 INFO  : Context for 'APU' is selected.
17:21:33 INFO  : 'ps7_init' command is executed.
17:21:33 INFO  : 'ps7_post_config' command is executed.
17:21:33 INFO  : Context for processor 'ps7_cortexa9_0' is selected.
17:21:34 INFO  : The application 'C:/COSMOS_KJH/CosmosPlus_Cluster/CosmosPlus_DFTL_Cluster_Bef/Cluster_Bef/Build/Cluster_Bef/CLUSTER_BEF/Debug/CLUSTER_BEF.elf' is downloaded to processor 'ps7_cortexa9_0'.
17:21:34 INFO  : 'configparams force-mem-access 0' command is executed.
17:21:34 INFO  : ----------------XSDB Script----------------
connect -url tcp:127.0.0.1:3121
source C:/COSMOS_KJH/CosmosPlus_Cluster/CosmosPlus_DFTL_Cluster_Bef/Cluster_Bef/Build/Cluster_Bef/system_hw_platform_0/ps7_init.tcl
targets -set -nocase -filter {name =~"APU*" && jtag_cable_name =~ "Digilent JTAG-SMT2 210251A543E7"} -index 0
rst -system
after 3000
targets -set -filter {jtag_cable_name =~ "Digilent JTAG-SMT2 210251A543E7" && level==0} -index 1
fpga -file C:/COSMOS_KJH/CosmosPlus_Cluster/CosmosPlus_DFTL_Cluster_Bef/Cluster_Bef/Build/Cluster_Bef/system_hw_platform_0/OpenSSD2.bit
targets -set -nocase -filter {name =~"APU*" && jtag_cable_name =~ "Digilent JTAG-SMT2 210251A543E7"} -index 0
loadhw -hw C:/COSMOS_KJH/CosmosPlus_Cluster/CosmosPlus_DFTL_Cluster_Bef/Cluster_Bef/Build/Cluster_Bef/system_hw_platform_0/system.hdf -mem-ranges [list {0x40000000 0xbfffffff}]
configparams force-mem-access 1
targets -set -nocase -filter {name =~"APU*" && jtag_cable_name =~ "Digilent JTAG-SMT2 210251A543E7"} -index 0
ps7_init
ps7_post_config
targets -set -nocase -filter {name =~ "ARM*#0" && jtag_cable_name =~ "Digilent JTAG-SMT2 210251A543E7"} -index 0
dow C:/COSMOS_KJH/CosmosPlus_Cluster/CosmosPlus_DFTL_Cluster_Bef/Cluster_Bef/Build/Cluster_Bef/CLUSTER_BEF/Debug/CLUSTER_BEF.elf
configparams force-mem-access 0
----------------End of Script----------------

17:21:34 INFO  : Memory regions updated for context APU
17:21:34 INFO  : Context for processor 'ps7_cortexa9_0' is selected.
17:21:34 INFO  : 'con' command is executed.
17:21:34 INFO  : ----------------XSDB Script (After Launch)----------------
targets -set -nocase -filter {name =~ "ARM*#0" && jtag_cable_name =~ "Digilent JTAG-SMT2 210251A543E7"} -index 0
con
----------------End of Script----------------

17:21:34 INFO  : Launch script is exported to file 'C:\COSMOS_KJH\CosmosPlus_Cluster\CosmosPlus_DFTL_Cluster_Bef\Cluster_Bef\Build\Cluster_Bef\.sdk\launch_scripts\xilinx_c-c++_application_(system_debugger)\system_debugger_using_debug_cluster_bef.elf_on_local.tcl'
10:25:09 INFO  : Disconnected from the channel tcfchan#1.
14:45:23 INFO  : Registering command handlers for SDK TCF services
14:45:24 INFO  : Launching XSCT server: xsct.bat -interactive C:\COSMOS_KJH\CosmosPlus_Cluster\CosmosPlus_DFTL_Cluster_Bef\Cluster_Bef\Build\Cluster_Bef\temp_xsdb_launch_script.tcl
14:45:26 INFO  : XSCT server has started successfully.
14:45:26 INFO  : Successfully done setting XSCT server connection channel  
14:45:26 INFO  : Successfully done setting SDK workspace  
14:46:24 INFO  : Connected to target on host '127.0.0.1' and port '3121'.
14:46:24 INFO  : Jtag cable 'Digilent JTAG-SMT2 210251A543E7' is selected.
14:46:24 INFO  : 'jtag frequency' command is executed.
14:46:24 INFO  : Sourcing of 'C:/COSMOS_KJH/CosmosPlus_Cluster/CosmosPlus_DFTL_Cluster_Bef/Cluster_Bef/Build/Cluster_Bef/system_hw_platform_0/ps7_init.tcl' is done.
14:46:24 INFO  : Context for 'APU' is selected.
14:46:25 INFO  : System reset is completed.
14:46:28 INFO  : 'after 3000' command is executed.
14:46:28 INFO  : 'targets -set -filter {jtag_cable_name =~ "Digilent JTAG-SMT2 210251A543E7" && level==0} -index 1' command is executed.
14:46:35 INFO  : FPGA configured successfully with bitstream "C:/COSMOS_KJH/CosmosPlus_Cluster/CosmosPlus_DFTL_Cluster_Bef/Cluster_Bef/Build/Cluster_Bef/system_hw_platform_0/OpenSSD2.bit"
14:46:35 INFO  : Context for 'APU' is selected.
14:46:35 INFO  : Hardware design information is loaded from 'C:/COSMOS_KJH/CosmosPlus_Cluster/CosmosPlus_DFTL_Cluster_Bef/Cluster_Bef/Build/Cluster_Bef/system_hw_platform_0/system.hdf'.
14:46:35 INFO  : 'configparams force-mem-access 1' command is executed.
14:46:35 INFO  : Context for 'APU' is selected.
14:46:36 INFO  : 'ps7_init' command is executed.
14:46:36 INFO  : 'ps7_post_config' command is executed.
14:46:36 INFO  : Context for processor 'ps7_cortexa9_0' is selected.
14:46:36 INFO  : The application 'C:/COSMOS_KJH/CosmosPlus_Cluster/CosmosPlus_DFTL_Cluster_Bef/Cluster_Bef/Build/Cluster_Bef/CLUSTER_BEF/Debug/CLUSTER_BEF.elf' is downloaded to processor 'ps7_cortexa9_0'.
14:46:36 INFO  : 'configparams force-mem-access 0' command is executed.
14:46:36 INFO  : ----------------XSDB Script----------------
connect -url tcp:127.0.0.1:3121
source C:/COSMOS_KJH/CosmosPlus_Cluster/CosmosPlus_DFTL_Cluster_Bef/Cluster_Bef/Build/Cluster_Bef/system_hw_platform_0/ps7_init.tcl
targets -set -nocase -filter {name =~"APU*" && jtag_cable_name =~ "Digilent JTAG-SMT2 210251A543E7"} -index 0
rst -system
after 3000
targets -set -filter {jtag_cable_name =~ "Digilent JTAG-SMT2 210251A543E7" && level==0} -index 1
fpga -file C:/COSMOS_KJH/CosmosPlus_Cluster/CosmosPlus_DFTL_Cluster_Bef/Cluster_Bef/Build/Cluster_Bef/system_hw_platform_0/OpenSSD2.bit
targets -set -nocase -filter {name =~"APU*" && jtag_cable_name =~ "Digilent JTAG-SMT2 210251A543E7"} -index 0
loadhw -hw C:/COSMOS_KJH/CosmosPlus_Cluster/CosmosPlus_DFTL_Cluster_Bef/Cluster_Bef/Build/Cluster_Bef/system_hw_platform_0/system.hdf -mem-ranges [list {0x40000000 0xbfffffff}]
configparams force-mem-access 1
targets -set -nocase -filter {name =~"APU*" && jtag_cable_name =~ "Digilent JTAG-SMT2 210251A543E7"} -index 0
ps7_init
ps7_post_config
targets -set -nocase -filter {name =~ "ARM*#0" && jtag_cable_name =~ "Digilent JTAG-SMT2 210251A543E7"} -index 0
dow C:/COSMOS_KJH/CosmosPlus_Cluster/CosmosPlus_DFTL_Cluster_Bef/Cluster_Bef/Build/Cluster_Bef/CLUSTER_BEF/Debug/CLUSTER_BEF.elf
configparams force-mem-access 0
----------------End of Script----------------

14:46:36 INFO  : Memory regions updated for context APU
14:46:36 INFO  : Context for processor 'ps7_cortexa9_0' is selected.
14:46:36 INFO  : 'con' command is executed.
14:46:36 INFO  : ----------------XSDB Script (After Launch)----------------
targets -set -nocase -filter {name =~ "ARM*#0" && jtag_cable_name =~ "Digilent JTAG-SMT2 210251A543E7"} -index 0
con
----------------End of Script----------------

14:46:36 INFO  : Launch script is exported to file 'C:\COSMOS_KJH\CosmosPlus_Cluster\CosmosPlus_DFTL_Cluster_Bef\Cluster_Bef\Build\Cluster_Bef\.sdk\launch_scripts\xilinx_c-c++_application_(system_debugger)\system_debugger_using_debug_cluster_bef.elf_on_local.tcl'
20:06:17 INFO  : Disconnected from the channel tcfchan#1.
