12:20:12 INFO  : Registering command handlers for SDK TCF services
12:20:12 INFO  : Launching XSCT server: xsct.bat -interactive C:\COSMOS_KJH\CosmosPlus_DFTL_Superblock\Superblock\Build\Superblock\temp_xsdb_launch_script.tcl
12:20:14 INFO  : XSCT server has started successfully.
12:20:14 INFO  : Successfully done setting XSCT server connection channel  
12:20:15 INFO  : Successfully done setting SDK workspace  
12:20:33 INFO  : Project 'system_hw_platform_0' created. You can now create BSPs and application projects targeting this hardware platform.
12:24:03 INFO  : Connected to target on host '127.0.0.1' and port '3121'.
12:24:04 INFO  : Jtag cable 'Digilent JTAG-SMT2 210251A543E7' is selected.
12:24:04 INFO  : 'jtag frequency' command is executed.
12:24:04 INFO  : Sourcing of 'C:/COSMOS_KJH/CosmosPlus_DFTL_Superblock/Superblock/Build/Superblock/system_hw_platform_0/ps7_init.tcl' is done.
12:24:04 INFO  : Context for 'APU' is selected.
12:24:04 INFO  : System reset is completed.
12:24:07 INFO  : 'after 3000' command is executed.
12:24:07 INFO  : 'targets -set -filter {jtag_cable_name =~ "Digilent JTAG-SMT2 210251A543E7" && level==0} -index 1' command is executed.
12:24:15 INFO  : FPGA configured successfully with bitstream "C:/COSMOS_KJH/CosmosPlus_DFTL_Superblock/Superblock/Build/Superblock/system_hw_platform_0/OpenSSD2.bit"
12:24:15 INFO  : Context for 'APU' is selected.
12:24:15 INFO  : Hardware design information is loaded from 'C:/COSMOS_KJH/CosmosPlus_DFTL_Superblock/Superblock/Build/Superblock/system_hw_platform_0/system.hdf'.
12:24:15 INFO  : 'configparams force-mem-access 1' command is executed.
12:24:15 INFO  : Context for 'APU' is selected.
12:24:15 INFO  : 'ps7_init' command is executed.
12:24:15 INFO  : 'ps7_post_config' command is executed.
12:24:15 INFO  : Context for processor 'ps7_cortexa9_0' is selected.
12:24:16 INFO  : The application 'C:/COSMOS_KJH/CosmosPlus_DFTL_Superblock/Superblock/Build/Superblock/Superblock/Debug/Superblock.elf' is downloaded to processor 'ps7_cortexa9_0'.
12:24:16 INFO  : 'configparams force-mem-access 0' command is executed.
12:24:16 INFO  : ----------------XSDB Script----------------
connect -url tcp:127.0.0.1:3121
source C:/COSMOS_KJH/CosmosPlus_DFTL_Superblock/Superblock/Build/Superblock/system_hw_platform_0/ps7_init.tcl
targets -set -nocase -filter {name =~"APU*" && jtag_cable_name =~ "Digilent JTAG-SMT2 210251A543E7"} -index 0
rst -system
after 3000
targets -set -filter {jtag_cable_name =~ "Digilent JTAG-SMT2 210251A543E7" && level==0} -index 1
fpga -file C:/COSMOS_KJH/CosmosPlus_DFTL_Superblock/Superblock/Build/Superblock/system_hw_platform_0/OpenSSD2.bit
targets -set -nocase -filter {name =~"APU*" && jtag_cable_name =~ "Digilent JTAG-SMT2 210251A543E7"} -index 0
loadhw -hw C:/COSMOS_KJH/CosmosPlus_DFTL_Superblock/Superblock/Build/Superblock/system_hw_platform_0/system.hdf -mem-ranges [list {0x40000000 0xbfffffff}]
configparams force-mem-access 1
targets -set -nocase -filter {name =~"APU*" && jtag_cable_name =~ "Digilent JTAG-SMT2 210251A543E7"} -index 0
ps7_init
ps7_post_config
targets -set -nocase -filter {name =~ "ARM*#0" && jtag_cable_name =~ "Digilent JTAG-SMT2 210251A543E7"} -index 0
dow C:/COSMOS_KJH/CosmosPlus_DFTL_Superblock/Superblock/Build/Superblock/Superblock/Debug/Superblock.elf
configparams force-mem-access 0
----------------End of Script----------------

12:24:16 INFO  : Memory regions updated for context APU
12:24:16 INFO  : Context for processor 'ps7_cortexa9_0' is selected.
12:24:16 INFO  : 'con' command is executed.
12:24:16 INFO  : ----------------XSDB Script (After Launch)----------------
targets -set -nocase -filter {name =~ "ARM*#0" && jtag_cable_name =~ "Digilent JTAG-SMT2 210251A543E7"} -index 0
con
----------------End of Script----------------

12:24:16 INFO  : Launch script is exported to file 'C:\COSMOS_KJH\CosmosPlus_DFTL_Superblock\Superblock\Build\Superblock\.sdk\launch_scripts\xilinx_c-c++_application_(system_debugger)\system_debugger_using_debug_superblock.elf_on_local.tcl'
12:45:25 INFO  : Disconnected from the channel tcfchan#1.
12:45:26 INFO  : Connected to target on host '127.0.0.1' and port '3121'.
12:45:27 INFO  : Jtag cable 'Digilent JTAG-SMT2 210251A543E7' is selected.
12:45:27 INFO  : 'jtag frequency' command is executed.
12:45:27 INFO  : Sourcing of 'C:/COSMOS_KJH/CosmosPlus_DFTL_Superblock/Superblock/Build/Superblock/system_hw_platform_0/ps7_init.tcl' is done.
12:45:27 INFO  : Context for 'APU' is selected.
12:45:27 INFO  : System reset is completed.
12:45:30 INFO  : 'after 3000' command is executed.
12:45:30 INFO  : 'targets -set -filter {jtag_cable_name =~ "Digilent JTAG-SMT2 210251A543E7" && level==0} -index 1' command is executed.
12:45:37 INFO  : FPGA configured successfully with bitstream "C:/COSMOS_KJH/CosmosPlus_DFTL_Superblock/Superblock/Build/Superblock/system_hw_platform_0/OpenSSD2.bit"
12:45:38 INFO  : Context for 'APU' is selected.
12:45:38 INFO  : Hardware design information is loaded from 'C:/COSMOS_KJH/CosmosPlus_DFTL_Superblock/Superblock/Build/Superblock/system_hw_platform_0/system.hdf'.
12:45:38 INFO  : 'configparams force-mem-access 1' command is executed.
12:45:38 INFO  : Context for 'APU' is selected.
12:45:38 INFO  : 'ps7_init' command is executed.
12:45:38 INFO  : 'ps7_post_config' command is executed.
12:45:38 INFO  : Context for processor 'ps7_cortexa9_0' is selected.
12:45:38 INFO  : The application 'C:/COSMOS_KJH/CosmosPlus_DFTL_Superblock/Superblock/Build/Superblock/Superblock/Debug/Superblock.elf' is downloaded to processor 'ps7_cortexa9_0'.
12:45:38 INFO  : 'configparams force-mem-access 0' command is executed.
12:45:38 INFO  : ----------------XSDB Script----------------
connect -url tcp:127.0.0.1:3121
source C:/COSMOS_KJH/CosmosPlus_DFTL_Superblock/Superblock/Build/Superblock/system_hw_platform_0/ps7_init.tcl
targets -set -nocase -filter {name =~"APU*" && jtag_cable_name =~ "Digilent JTAG-SMT2 210251A543E7"} -index 0
rst -system
after 3000
targets -set -filter {jtag_cable_name =~ "Digilent JTAG-SMT2 210251A543E7" && level==0} -index 1
fpga -file C:/COSMOS_KJH/CosmosPlus_DFTL_Superblock/Superblock/Build/Superblock/system_hw_platform_0/OpenSSD2.bit
targets -set -nocase -filter {name =~"APU*" && jtag_cable_name =~ "Digilent JTAG-SMT2 210251A543E7"} -index 0
loadhw -hw C:/COSMOS_KJH/CosmosPlus_DFTL_Superblock/Superblock/Build/Superblock/system_hw_platform_0/system.hdf -mem-ranges [list {0x40000000 0xbfffffff}]
configparams force-mem-access 1
targets -set -nocase -filter {name =~"APU*" && jtag_cable_name =~ "Digilent JTAG-SMT2 210251A543E7"} -index 0
ps7_init
ps7_post_config
targets -set -nocase -filter {name =~ "ARM*#0" && jtag_cable_name =~ "Digilent JTAG-SMT2 210251A543E7"} -index 0
dow C:/COSMOS_KJH/CosmosPlus_DFTL_Superblock/Superblock/Build/Superblock/Superblock/Debug/Superblock.elf
configparams force-mem-access 0
----------------End of Script----------------

12:45:39 INFO  : Memory regions updated for context APU
12:45:39 INFO  : Context for processor 'ps7_cortexa9_0' is selected.
12:45:39 INFO  : 'con' command is executed.
12:45:39 INFO  : ----------------XSDB Script (After Launch)----------------
targets -set -nocase -filter {name =~ "ARM*#0" && jtag_cable_name =~ "Digilent JTAG-SMT2 210251A543E7"} -index 0
con
----------------End of Script----------------

12:45:39 INFO  : Launch script is exported to file 'C:\COSMOS_KJH\CosmosPlus_DFTL_Superblock\Superblock\Build\Superblock\.sdk\launch_scripts\xilinx_c-c++_application_(system_debugger)\system_debugger_using_debug_superblock.elf_on_local.tcl'
12:50:41 INFO  : Disconnected from the channel tcfchan#2.
12:50:42 INFO  : Connected to target on host '127.0.0.1' and port '3121'.
12:50:42 INFO  : Jtag cable 'Digilent JTAG-SMT2 210251A543E7' is selected.
12:50:42 INFO  : 'jtag frequency' command is executed.
12:50:42 INFO  : Sourcing of 'C:/COSMOS_KJH/CosmosPlus_DFTL_Superblock/Superblock/Build/Superblock/system_hw_platform_0/ps7_init.tcl' is done.
12:50:42 INFO  : Context for 'APU' is selected.
12:50:42 INFO  : System reset is completed.
12:50:45 INFO  : 'after 3000' command is executed.
12:50:45 INFO  : 'targets -set -filter {jtag_cable_name =~ "Digilent JTAG-SMT2 210251A543E7" && level==0} -index 1' command is executed.
12:50:53 INFO  : FPGA configured successfully with bitstream "C:/COSMOS_KJH/CosmosPlus_DFTL_Superblock/Superblock/Build/Superblock/system_hw_platform_0/OpenSSD2.bit"
12:50:53 INFO  : Context for 'APU' is selected.
12:50:53 INFO  : Hardware design information is loaded from 'C:/COSMOS_KJH/CosmosPlus_DFTL_Superblock/Superblock/Build/Superblock/system_hw_platform_0/system.hdf'.
12:50:53 INFO  : 'configparams force-mem-access 1' command is executed.
12:50:53 INFO  : Context for 'APU' is selected.
12:50:53 INFO  : 'ps7_init' command is executed.
12:50:53 INFO  : 'ps7_post_config' command is executed.
12:50:53 INFO  : Context for processor 'ps7_cortexa9_0' is selected.
12:50:54 INFO  : The application 'C:/COSMOS_KJH/CosmosPlus_DFTL_Superblock/Superblock/Build/Superblock/Superblock/Debug/Superblock.elf' is downloaded to processor 'ps7_cortexa9_0'.
12:50:54 INFO  : 'configparams force-mem-access 0' command is executed.
12:50:54 INFO  : ----------------XSDB Script----------------
connect -url tcp:127.0.0.1:3121
source C:/COSMOS_KJH/CosmosPlus_DFTL_Superblock/Superblock/Build/Superblock/system_hw_platform_0/ps7_init.tcl
targets -set -nocase -filter {name =~"APU*" && jtag_cable_name =~ "Digilent JTAG-SMT2 210251A543E7"} -index 0
rst -system
after 3000
targets -set -filter {jtag_cable_name =~ "Digilent JTAG-SMT2 210251A543E7" && level==0} -index 1
fpga -file C:/COSMOS_KJH/CosmosPlus_DFTL_Superblock/Superblock/Build/Superblock/system_hw_platform_0/OpenSSD2.bit
targets -set -nocase -filter {name =~"APU*" && jtag_cable_name =~ "Digilent JTAG-SMT2 210251A543E7"} -index 0
loadhw -hw C:/COSMOS_KJH/CosmosPlus_DFTL_Superblock/Superblock/Build/Superblock/system_hw_platform_0/system.hdf -mem-ranges [list {0x40000000 0xbfffffff}]
configparams force-mem-access 1
targets -set -nocase -filter {name =~"APU*" && jtag_cable_name =~ "Digilent JTAG-SMT2 210251A543E7"} -index 0
ps7_init
ps7_post_config
targets -set -nocase -filter {name =~ "ARM*#0" && jtag_cable_name =~ "Digilent JTAG-SMT2 210251A543E7"} -index 0
dow C:/COSMOS_KJH/CosmosPlus_DFTL_Superblock/Superblock/Build/Superblock/Superblock/Debug/Superblock.elf
configparams force-mem-access 0
----------------End of Script----------------

12:50:54 INFO  : Memory regions updated for context APU
12:50:54 INFO  : Context for processor 'ps7_cortexa9_0' is selected.
12:50:54 INFO  : 'con' command is executed.
12:50:54 INFO  : ----------------XSDB Script (After Launch)----------------
targets -set -nocase -filter {name =~ "ARM*#0" && jtag_cable_name =~ "Digilent JTAG-SMT2 210251A543E7"} -index 0
con
----------------End of Script----------------

12:50:54 INFO  : Launch script is exported to file 'C:\COSMOS_KJH\CosmosPlus_DFTL_Superblock\Superblock\Build\Superblock\.sdk\launch_scripts\xilinx_c-c++_application_(system_debugger)\system_debugger_using_debug_superblock.elf_on_local.tcl'
13:11:43 INFO  : Disconnected from the channel tcfchan#3.
13:11:44 INFO  : Connected to target on host '127.0.0.1' and port '3121'.
13:11:44 INFO  : Jtag cable 'Digilent JTAG-SMT2 210251A543E7' is selected.
13:11:44 INFO  : 'jtag frequency' command is executed.
13:11:44 INFO  : Sourcing of 'C:/COSMOS_KJH/CosmosPlus_DFTL_Superblock/Superblock/Build/Superblock/system_hw_platform_0/ps7_init.tcl' is done.
13:11:44 INFO  : Context for 'APU' is selected.
13:11:44 INFO  : System reset is completed.
13:11:47 INFO  : 'after 3000' command is executed.
13:11:47 INFO  : 'targets -set -filter {jtag_cable_name =~ "Digilent JTAG-SMT2 210251A543E7" && level==0} -index 1' command is executed.
13:11:55 INFO  : FPGA configured successfully with bitstream "C:/COSMOS_KJH/CosmosPlus_DFTL_Superblock/Superblock/Build/Superblock/system_hw_platform_0/OpenSSD2.bit"
13:11:55 INFO  : Context for 'APU' is selected.
13:11:55 INFO  : Hardware design information is loaded from 'C:/COSMOS_KJH/CosmosPlus_DFTL_Superblock/Superblock/Build/Superblock/system_hw_platform_0/system.hdf'.
13:11:55 INFO  : 'configparams force-mem-access 1' command is executed.
13:11:55 INFO  : Context for 'APU' is selected.
13:11:55 INFO  : 'ps7_init' command is executed.
13:11:55 INFO  : 'ps7_post_config' command is executed.
13:11:55 INFO  : Context for processor 'ps7_cortexa9_0' is selected.
13:11:56 INFO  : The application 'C:/COSMOS_KJH/CosmosPlus_DFTL_Superblock/Superblock/Build/Superblock/Superblock/Debug/Superblock.elf' is downloaded to processor 'ps7_cortexa9_0'.
13:11:56 INFO  : 'configparams force-mem-access 0' command is executed.
13:11:56 INFO  : ----------------XSDB Script----------------
connect -url tcp:127.0.0.1:3121
source C:/COSMOS_KJH/CosmosPlus_DFTL_Superblock/Superblock/Build/Superblock/system_hw_platform_0/ps7_init.tcl
targets -set -nocase -filter {name =~"APU*" && jtag_cable_name =~ "Digilent JTAG-SMT2 210251A543E7"} -index 0
rst -system
after 3000
targets -set -filter {jtag_cable_name =~ "Digilent JTAG-SMT2 210251A543E7" && level==0} -index 1
fpga -file C:/COSMOS_KJH/CosmosPlus_DFTL_Superblock/Superblock/Build/Superblock/system_hw_platform_0/OpenSSD2.bit
targets -set -nocase -filter {name =~"APU*" && jtag_cable_name =~ "Digilent JTAG-SMT2 210251A543E7"} -index 0
loadhw -hw C:/COSMOS_KJH/CosmosPlus_DFTL_Superblock/Superblock/Build/Superblock/system_hw_platform_0/system.hdf -mem-ranges [list {0x40000000 0xbfffffff}]
configparams force-mem-access 1
targets -set -nocase -filter {name =~"APU*" && jtag_cable_name =~ "Digilent JTAG-SMT2 210251A543E7"} -index 0
ps7_init
ps7_post_config
targets -set -nocase -filter {name =~ "ARM*#0" && jtag_cable_name =~ "Digilent JTAG-SMT2 210251A543E7"} -index 0
dow C:/COSMOS_KJH/CosmosPlus_DFTL_Superblock/Superblock/Build/Superblock/Superblock/Debug/Superblock.elf
configparams force-mem-access 0
----------------End of Script----------------

13:11:56 INFO  : Memory regions updated for context APU
13:11:56 INFO  : Context for processor 'ps7_cortexa9_0' is selected.
13:11:56 INFO  : 'con' command is executed.
13:11:56 INFO  : ----------------XSDB Script (After Launch)----------------
targets -set -nocase -filter {name =~ "ARM*#0" && jtag_cable_name =~ "Digilent JTAG-SMT2 210251A543E7"} -index 0
con
----------------End of Script----------------

13:11:56 INFO  : Launch script is exported to file 'C:\COSMOS_KJH\CosmosPlus_DFTL_Superblock\Superblock\Build\Superblock\.sdk\launch_scripts\xilinx_c-c++_application_(system_debugger)\system_debugger_using_debug_superblock.elf_on_local.tcl'
13:31:37 INFO  : Disconnected from the channel tcfchan#4.
13:31:38 INFO  : Connected to target on host '127.0.0.1' and port '3121'.
13:31:38 INFO  : Jtag cable 'Digilent JTAG-SMT2 210251A543E7' is selected.
13:31:38 INFO  : 'jtag frequency' command is executed.
13:31:38 INFO  : Sourcing of 'C:/COSMOS_KJH/CosmosPlus_DFTL_Superblock/Superblock/Build/Superblock/system_hw_platform_0/ps7_init.tcl' is done.
13:31:38 INFO  : Context for 'APU' is selected.
13:31:38 INFO  : System reset is completed.
13:31:41 INFO  : 'after 3000' command is executed.
13:31:41 INFO  : 'targets -set -filter {jtag_cable_name =~ "Digilent JTAG-SMT2 210251A543E7" && level==0} -index 1' command is executed.
13:31:49 INFO  : FPGA configured successfully with bitstream "C:/COSMOS_KJH/CosmosPlus_DFTL_Superblock/Superblock/Build/Superblock/system_hw_platform_0/OpenSSD2.bit"
13:31:49 INFO  : Context for 'APU' is selected.
13:31:49 INFO  : Hardware design information is loaded from 'C:/COSMOS_KJH/CosmosPlus_DFTL_Superblock/Superblock/Build/Superblock/system_hw_platform_0/system.hdf'.
13:31:49 INFO  : 'configparams force-mem-access 1' command is executed.
13:31:49 INFO  : Context for 'APU' is selected.
13:31:50 INFO  : 'ps7_init' command is executed.
13:31:50 INFO  : 'ps7_post_config' command is executed.
13:31:50 INFO  : Context for processor 'ps7_cortexa9_0' is selected.
13:31:50 INFO  : The application 'C:/COSMOS_KJH/CosmosPlus_DFTL_Superblock/Superblock/Build/Superblock/Superblock/Debug/Superblock.elf' is downloaded to processor 'ps7_cortexa9_0'.
13:31:50 INFO  : 'configparams force-mem-access 0' command is executed.
13:31:50 INFO  : ----------------XSDB Script----------------
connect -url tcp:127.0.0.1:3121
source C:/COSMOS_KJH/CosmosPlus_DFTL_Superblock/Superblock/Build/Superblock/system_hw_platform_0/ps7_init.tcl
targets -set -nocase -filter {name =~"APU*" && jtag_cable_name =~ "Digilent JTAG-SMT2 210251A543E7"} -index 0
rst -system
after 3000
targets -set -filter {jtag_cable_name =~ "Digilent JTAG-SMT2 210251A543E7" && level==0} -index 1
fpga -file C:/COSMOS_KJH/CosmosPlus_DFTL_Superblock/Superblock/Build/Superblock/system_hw_platform_0/OpenSSD2.bit
targets -set -nocase -filter {name =~"APU*" && jtag_cable_name =~ "Digilent JTAG-SMT2 210251A543E7"} -index 0
loadhw -hw C:/COSMOS_KJH/CosmosPlus_DFTL_Superblock/Superblock/Build/Superblock/system_hw_platform_0/system.hdf -mem-ranges [list {0x40000000 0xbfffffff}]
configparams force-mem-access 1
targets -set -nocase -filter {name =~"APU*" && jtag_cable_name =~ "Digilent JTAG-SMT2 210251A543E7"} -index 0
ps7_init
ps7_post_config
targets -set -nocase -filter {name =~ "ARM*#0" && jtag_cable_name =~ "Digilent JTAG-SMT2 210251A543E7"} -index 0
dow C:/COSMOS_KJH/CosmosPlus_DFTL_Superblock/Superblock/Build/Superblock/Superblock/Debug/Superblock.elf
configparams force-mem-access 0
----------------End of Script----------------

13:31:50 INFO  : Memory regions updated for context APU
13:31:50 INFO  : Context for processor 'ps7_cortexa9_0' is selected.
13:31:50 INFO  : 'con' command is executed.
13:31:50 INFO  : ----------------XSDB Script (After Launch)----------------
targets -set -nocase -filter {name =~ "ARM*#0" && jtag_cable_name =~ "Digilent JTAG-SMT2 210251A543E7"} -index 0
con
----------------End of Script----------------

13:31:50 INFO  : Launch script is exported to file 'C:\COSMOS_KJH\CosmosPlus_DFTL_Superblock\Superblock\Build\Superblock\.sdk\launch_scripts\xilinx_c-c++_application_(system_debugger)\system_debugger_using_debug_superblock.elf_on_local.tcl'
13:45:02 INFO  : Disconnected from the channel tcfchan#5.
13:45:03 INFO  : Connected to target on host '127.0.0.1' and port '3121'.
13:45:04 INFO  : Jtag cable 'Digilent JTAG-SMT2 210251A543E7' is selected.
13:45:04 INFO  : 'jtag frequency' command is executed.
13:45:04 INFO  : Sourcing of 'C:/COSMOS_KJH/CosmosPlus_DFTL_Superblock/Superblock/Build/Superblock/system_hw_platform_0/ps7_init.tcl' is done.
13:45:04 INFO  : Context for 'APU' is selected.
13:45:04 INFO  : System reset is completed.
13:45:07 INFO  : 'after 3000' command is executed.
13:45:07 INFO  : 'targets -set -filter {jtag_cable_name =~ "Digilent JTAG-SMT2 210251A543E7" && level==0} -index 1' command is executed.
13:45:15 INFO  : FPGA configured successfully with bitstream "C:/COSMOS_KJH/CosmosPlus_DFTL_Superblock/Superblock/Build/Superblock/system_hw_platform_0/OpenSSD2.bit"
13:45:15 INFO  : Context for 'APU' is selected.
13:45:15 INFO  : Hardware design information is loaded from 'C:/COSMOS_KJH/CosmosPlus_DFTL_Superblock/Superblock/Build/Superblock/system_hw_platform_0/system.hdf'.
13:45:15 INFO  : 'configparams force-mem-access 1' command is executed.
13:45:15 INFO  : Context for 'APU' is selected.
13:45:15 INFO  : 'ps7_init' command is executed.
13:45:15 INFO  : 'ps7_post_config' command is executed.
13:45:15 INFO  : Context for processor 'ps7_cortexa9_0' is selected.
13:45:15 INFO  : The application 'C:/COSMOS_KJH/CosmosPlus_DFTL_Superblock/Superblock/Build/Superblock/Superblock/Debug/Superblock.elf' is downloaded to processor 'ps7_cortexa9_0'.
13:45:15 INFO  : 'configparams force-mem-access 0' command is executed.
13:45:15 INFO  : ----------------XSDB Script----------------
connect -url tcp:127.0.0.1:3121
source C:/COSMOS_KJH/CosmosPlus_DFTL_Superblock/Superblock/Build/Superblock/system_hw_platform_0/ps7_init.tcl
targets -set -nocase -filter {name =~"APU*" && jtag_cable_name =~ "Digilent JTAG-SMT2 210251A543E7"} -index 0
rst -system
after 3000
targets -set -filter {jtag_cable_name =~ "Digilent JTAG-SMT2 210251A543E7" && level==0} -index 1
fpga -file C:/COSMOS_KJH/CosmosPlus_DFTL_Superblock/Superblock/Build/Superblock/system_hw_platform_0/OpenSSD2.bit
targets -set -nocase -filter {name =~"APU*" && jtag_cable_name =~ "Digilent JTAG-SMT2 210251A543E7"} -index 0
loadhw -hw C:/COSMOS_KJH/CosmosPlus_DFTL_Superblock/Superblock/Build/Superblock/system_hw_platform_0/system.hdf -mem-ranges [list {0x40000000 0xbfffffff}]
configparams force-mem-access 1
targets -set -nocase -filter {name =~"APU*" && jtag_cable_name =~ "Digilent JTAG-SMT2 210251A543E7"} -index 0
ps7_init
ps7_post_config
targets -set -nocase -filter {name =~ "ARM*#0" && jtag_cable_name =~ "Digilent JTAG-SMT2 210251A543E7"} -index 0
dow C:/COSMOS_KJH/CosmosPlus_DFTL_Superblock/Superblock/Build/Superblock/Superblock/Debug/Superblock.elf
configparams force-mem-access 0
----------------End of Script----------------

13:45:16 INFO  : Memory regions updated for context APU
13:45:16 INFO  : Context for processor 'ps7_cortexa9_0' is selected.
13:45:16 INFO  : 'con' command is executed.
13:45:16 INFO  : ----------------XSDB Script (After Launch)----------------
targets -set -nocase -filter {name =~ "ARM*#0" && jtag_cable_name =~ "Digilent JTAG-SMT2 210251A543E7"} -index 0
con
----------------End of Script----------------

13:45:16 INFO  : Launch script is exported to file 'C:\COSMOS_KJH\CosmosPlus_DFTL_Superblock\Superblock\Build\Superblock\.sdk\launch_scripts\xilinx_c-c++_application_(system_debugger)\system_debugger_using_debug_superblock.elf_on_local.tcl'
13:49:12 INFO  : Disconnected from the channel tcfchan#6.
13:49:13 INFO  : Connected to target on host '127.0.0.1' and port '3121'.
13:49:13 INFO  : Jtag cable 'Digilent JTAG-SMT2 210251A543E7' is selected.
13:49:13 INFO  : 'jtag frequency' command is executed.
13:49:13 INFO  : Sourcing of 'C:/COSMOS_KJH/CosmosPlus_DFTL_Superblock/Superblock/Build/Superblock/system_hw_platform_0/ps7_init.tcl' is done.
13:49:13 INFO  : Context for 'APU' is selected.
13:49:13 INFO  : System reset is completed.
13:49:16 INFO  : 'after 3000' command is executed.
13:49:16 INFO  : 'targets -set -filter {jtag_cable_name =~ "Digilent JTAG-SMT2 210251A543E7" && level==0} -index 1' command is executed.
13:49:24 INFO  : FPGA configured successfully with bitstream "C:/COSMOS_KJH/CosmosPlus_DFTL_Superblock/Superblock/Build/Superblock/system_hw_platform_0/OpenSSD2.bit"
13:49:24 INFO  : Context for 'APU' is selected.
13:49:24 INFO  : Hardware design information is loaded from 'C:/COSMOS_KJH/CosmosPlus_DFTL_Superblock/Superblock/Build/Superblock/system_hw_platform_0/system.hdf'.
13:49:24 INFO  : 'configparams force-mem-access 1' command is executed.
13:49:24 INFO  : Context for 'APU' is selected.
13:49:25 INFO  : 'ps7_init' command is executed.
13:49:25 INFO  : 'ps7_post_config' command is executed.
13:49:25 INFO  : Context for processor 'ps7_cortexa9_0' is selected.
13:49:25 INFO  : The application 'C:/COSMOS_KJH/CosmosPlus_DFTL_Superblock/Superblock/Build/Superblock/Superblock/Debug/Superblock.elf' is downloaded to processor 'ps7_cortexa9_0'.
13:49:25 INFO  : 'configparams force-mem-access 0' command is executed.
13:49:25 INFO  : ----------------XSDB Script----------------
connect -url tcp:127.0.0.1:3121
source C:/COSMOS_KJH/CosmosPlus_DFTL_Superblock/Superblock/Build/Superblock/system_hw_platform_0/ps7_init.tcl
targets -set -nocase -filter {name =~"APU*" && jtag_cable_name =~ "Digilent JTAG-SMT2 210251A543E7"} -index 0
rst -system
after 3000
targets -set -filter {jtag_cable_name =~ "Digilent JTAG-SMT2 210251A543E7" && level==0} -index 1
fpga -file C:/COSMOS_KJH/CosmosPlus_DFTL_Superblock/Superblock/Build/Superblock/system_hw_platform_0/OpenSSD2.bit
targets -set -nocase -filter {name =~"APU*" && jtag_cable_name =~ "Digilent JTAG-SMT2 210251A543E7"} -index 0
loadhw -hw C:/COSMOS_KJH/CosmosPlus_DFTL_Superblock/Superblock/Build/Superblock/system_hw_platform_0/system.hdf -mem-ranges [list {0x40000000 0xbfffffff}]
configparams force-mem-access 1
targets -set -nocase -filter {name =~"APU*" && jtag_cable_name =~ "Digilent JTAG-SMT2 210251A543E7"} -index 0
ps7_init
ps7_post_config
targets -set -nocase -filter {name =~ "ARM*#0" && jtag_cable_name =~ "Digilent JTAG-SMT2 210251A543E7"} -index 0
dow C:/COSMOS_KJH/CosmosPlus_DFTL_Superblock/Superblock/Build/Superblock/Superblock/Debug/Superblock.elf
configparams force-mem-access 0
----------------End of Script----------------

13:49:25 INFO  : Memory regions updated for context APU
13:49:25 INFO  : Context for processor 'ps7_cortexa9_0' is selected.
13:49:25 INFO  : 'con' command is executed.
13:49:25 INFO  : ----------------XSDB Script (After Launch)----------------
targets -set -nocase -filter {name =~ "ARM*#0" && jtag_cable_name =~ "Digilent JTAG-SMT2 210251A543E7"} -index 0
con
----------------End of Script----------------

13:49:25 INFO  : Launch script is exported to file 'C:\COSMOS_KJH\CosmosPlus_DFTL_Superblock\Superblock\Build\Superblock\.sdk\launch_scripts\xilinx_c-c++_application_(system_debugger)\system_debugger_using_debug_superblock.elf_on_local.tcl'
