23:34:47 **** Auto Build of configuration Debug for project CLUSTER ****
make pre-build main-build 
a9-linaro-pre-build-step
' '
'Building file: C:/COSMOS_KJH/CosmosPlus_Cluster/CosmosPlus_DFTL_Cluster/Cluster/ftl/dftl/dftl_meta.cpp'
'Invoking: ARM v7 g++ compiler'
arm-none-eabi-g++ -DDFTL=1 -DCOSMOS_PLUS=1 -Wall -O0 -g3 -I../../CLUSTER_bsp/ps7_cortexa9_0/include -I../../../../common -I../../../../ftl -I../../../../ftl/dftl -I../../../../hil -I../../../../hil/nvme -I../../../../target -I../../../../target/cosmos_plus -I../../../../fil -c -fmessage-length=0 -MT"src/ftl/dftl/dftl_meta.o" -mcpu=cortex-a9 -mfpu=vfpv3 -mfloat-abi=hard -MMD -MP -MF"src/ftl/dftl/dftl_meta.d" -MT"src/ftl/dftl/dftl_meta.o" -o "src/ftl/dftl/dftl_meta.o" "C:/COSMOS_KJH/CosmosPlus_Cluster/CosmosPlus_DFTL_Cluster/Cluster/ftl/dftl/dftl_meta.cpp"
In file included from C:/COSMOS_KJH/CosmosPlus_Cluster/CosmosPlus_DFTL_Cluster/Cluster/ftl/dftl/dftl_internal.h:59,
                 from C:/COSMOS_KJH/CosmosPlus_Cluster/CosmosPlus_DFTL_Cluster/Cluster/ftl/dftl/dftl_meta.cpp:17:
../../CLUSTER_bsp/ps7_cortexa9_0/include/xtime_l.h:87:70: note: #pragma message: For the sleep routines, Global timer is being used
 #pragma message ("For the sleep routines, Global timer is being used")
                                                                      ^
C:/COSMOS_KJH/CosmosPlus_Cluster/CosmosPlus_DFTL_Cluster/Cluster/ftl/dftl/dftl_meta.cpp: In member function 'VOID META_CACHE::Initialize()':
C:/COSMOS_KJH/CosmosPlus_Cluster/CosmosPlus_DFTL_Cluster/Cluster/ftl/dftl/dftl_meta.cpp:48:25: warning: comparison of integer expressions of different signedness: 'INT32' {aka 'int'} and 'unsigned int' [-Wsign-compare]
     for (INT32 i = 0; i < META_HASH_SIZE; ++i)
C:/COSMOS_KJH/CosmosPlus_Cluster/CosmosPlus_DFTL_Cluster/Cluster/ftl/dftl/dftl_meta.cpp: In member function 'BOOL META_CACHE::Format()':
C:/COSMOS_KJH/CosmosPlus_Cluster/CosmosPlus_DFTL_Cluster/Cluster/ftl/dftl/dftl_meta.cpp:94:23: warning: comparison of integer expressions of different signedness: 'INT32' {aka 'int'} and 'unsigned int' [-Wsign-compare]
   for (INT32 i = 0; i < L2V_PER_META_PAGE; i++)
C:/COSMOS_KJH/CosmosPlus_Cluster/CosmosPlus_DFTL_Cluster/Cluster/ftl/dftl/dftl_meta.cpp: In member function 'META_CACHE_ENTRY* META_CACHE::GetMetaEntry(UINT32, BOOL)':
C:/COSMOS_KJH/CosmosPlus_Cluster/CosmosPlus_DFTL_Cluster/Cluster/ftl/dftl/dftl_meta.cpp:214:15: warning: comparison of integer expressions of different signedness: 'INT32' {aka 'int'} and 'UINT32' {aka 'unsigned int'} [-Wsign-compare]
  if (nPrevLPN != nLPN)
      ~~~~~~~~~^~~~~~~
In file included from C:/COSMOS_KJH/CosmosPlus_Cluster/CosmosPlus_DFTL_Cluster/Cluster/ftl/dftl/dftl_internal.h:62,
                 from C:/COSMOS_KJH/CosmosPlus_Cluster/CosmosPlus_DFTL_Cluster/Cluster/ftl/dftl/dftl_meta.cpp:17:
C:/COSMOS_KJH/CosmosPlus_Cluster/CosmosPlus_DFTL_Cluster/Cluster/ftl/dftl/dftl_profile.h: At global scope:
C:/COSMOS_KJH/CosmosPlus_Cluster/CosmosPlus_DFTL_Cluster/Cluster/ftl/dftl/dftl_profile.h:63:15: warning: 'DFTL_profile' defined but not used [-Wunused-variable]
 static UINT32 DFTL_profile[Prof_Total_Num];
               ^~~~~~~~~~~~
'Finished building: C:/COSMOS_KJH/CosmosPlus_Cluster/CosmosPlus_DFTL_Cluster/Cluster/ftl/dftl/dftl_meta.cpp'
' '
'Building target: CLUSTER.elf'
'Invoking: ARM v7 g++ linker'
arm-none-eabi-g++ -mcpu=cortex-a9 -mfpu=vfpv3 -mfloat-abi=hard -Wl,-build-id=none -specs=Xilinx.spec -Wl,-T -Wl,../src/lscript.ld -L../../CLUSTER_bsp/ps7_cortexa9_0/lib -o "CLUSTER.elf"  ./src/target/cosmos_plus/cosmos_plus_system.o  ./src/target/main.o ./src/target/osal.o  ./src/hil/nvme/host_lld.o ./src/hil/nvme/nvme_admin_cmd.o ./src/hil/nvme/nvme_identify.o ./src/hil/nvme/nvme_io_cmd.o ./src/hil/nvme/nvme_main.o  ./src/hil/hil.o  ./src/ftl/dftl/dftl_activeblock.o ./src/ftl/dftl/dftl_block.o ./src/ftl/dftl/dftl_bufferpool.o ./src/ftl/dftl/dftl_external_interface.o ./src/ftl/dftl/dftl_garbagecollector.o ./src/ftl/dftl/dftl_global.o ./src/ftl/dftl/dftl_hdma.o ./src/ftl/dftl/dftl_meta.o ./src/ftl/dftl/dftl_profile.o ./src/ftl/dftl/dftl_request.o ./src/ftl/dftl/dftl_request_gc.o ./src/ftl/dftl/dftl_request_hil.o ./src/ftl/dftl/dftl_request_meta.o ./src/ftl/dftl/dftl_vnand.o  ./src/ftl/template.o ./src/ftl/template_cpp.o  ./src/fil/fil.o ./src/fil/fil_nand.o ./src/fil/fil_request.o ./src/fil/nsc_driver.o  ./src/common/list.o ./src/common/random.o ./src/common/statistics.o ./src/common/util.o   -Wl,--start-group,-lxil,-lgcc,-lc,-lstdc++,--end-group
'Finished building target: CLUSTER.elf'
' '
'Invoking: ARM v7 Print Size'
arm-none-eabi-size CLUSTER.elf  |tee "CLUSTER.elf.size"
   text	   data	    bss	    dec	    hex	filename
 236876	   5000	  27788	 269664	  41d60	CLUSTER.elf
'Finished building: CLUSTER.elf.size'
' '

23:34:49 Build Finished (took 1s.705ms)

