10:04:37 INFO  : Registering command handlers for SDK TCF services
10:04:39 INFO  : Launching XSCT server: xsct.bat -interactive C:\COSMOS_KJH\CosmosPlus_DFTL_Cluster_DTRIM\CDTRIM\Build\CDTRIM\temp_xsdb_launch_script.tcl
10:04:43 INFO  : XSCT server has started successfully.
10:04:43 INFO  : Successfully done setting XSCT server connection channel  
10:04:48 INFO  : Successfully done setting SDK workspace  
10:05:15 INFO  : Project 'system_hw_platform_0' created. You can now create BSPs and application projects targeting this hardware platform.
10:22:59 INFO  : Connected to target on host '127.0.0.1' and port '3121'.
10:23:00 INFO  : Jtag cable 'Digilent JTAG-SMT2 210251A543E7' is selected.
10:23:00 INFO  : 'jtag frequency' command is executed.
10:23:00 INFO  : Sourcing of 'C:/COSMOS_KJH/CosmosPlus_DFTL_Cluster_DTRIM/CDTRIM/Build/CDTRIM/system_hw_platform_0/ps7_init.tcl' is done.
10:23:00 INFO  : Context for 'APU' is selected.
10:23:01 INFO  : System reset is completed.
10:23:04 INFO  : 'after 3000' command is executed.
10:23:04 INFO  : 'targets -set -filter {jtag_cable_name =~ "Digilent JTAG-SMT2 210251A543E7" && level==0} -index 1' command is executed.
10:23:11 INFO  : FPGA configured successfully with bitstream "C:/COSMOS_KJH/CosmosPlus_DFTL_Cluster_DTRIM/CDTRIM/Build/CDTRIM/system_hw_platform_0/OpenSSD2.bit"
10:23:11 INFO  : Context for 'APU' is selected.
10:23:11 INFO  : Hardware design information is loaded from 'C:/COSMOS_KJH/CosmosPlus_DFTL_Cluster_DTRIM/CDTRIM/Build/CDTRIM/system_hw_platform_0/system.hdf'.
10:23:11 INFO  : 'configparams force-mem-access 1' command is executed.
10:23:11 INFO  : Context for 'APU' is selected.
10:23:12 INFO  : 'ps7_init' command is executed.
10:23:12 INFO  : 'ps7_post_config' command is executed.
10:23:12 INFO  : Context for processor 'ps7_cortexa9_0' is selected.
10:23:12 INFO  : The application 'C:/COSMOS_KJH/CosmosPlus_DFTL_Cluster_DTRIM/CDTRIM/Build/CDTRIM/CDTRIM/Debug/CDTRIM.elf' is downloaded to processor 'ps7_cortexa9_0'.
10:23:12 INFO  : 'configparams force-mem-access 0' command is executed.
10:23:12 INFO  : ----------------XSDB Script----------------
connect -url tcp:127.0.0.1:3121
source C:/COSMOS_KJH/CosmosPlus_DFTL_Cluster_DTRIM/CDTRIM/Build/CDTRIM/system_hw_platform_0/ps7_init.tcl
targets -set -nocase -filter {name =~"APU*" && jtag_cable_name =~ "Digilent JTAG-SMT2 210251A543E7"} -index 0
rst -system
after 3000
targets -set -filter {jtag_cable_name =~ "Digilent JTAG-SMT2 210251A543E7" && level==0} -index 1
fpga -file C:/COSMOS_KJH/CosmosPlus_DFTL_Cluster_DTRIM/CDTRIM/Build/CDTRIM/system_hw_platform_0/OpenSSD2.bit
targets -set -nocase -filter {name =~"APU*" && jtag_cable_name =~ "Digilent JTAG-SMT2 210251A543E7"} -index 0
loadhw -hw C:/COSMOS_KJH/CosmosPlus_DFTL_Cluster_DTRIM/CDTRIM/Build/CDTRIM/system_hw_platform_0/system.hdf -mem-ranges [list {0x40000000 0xbfffffff}]
configparams force-mem-access 1
targets -set -nocase -filter {name =~"APU*" && jtag_cable_name =~ "Digilent JTAG-SMT2 210251A543E7"} -index 0
ps7_init
ps7_post_config
targets -set -nocase -filter {name =~ "ARM*#0" && jtag_cable_name =~ "Digilent JTAG-SMT2 210251A543E7"} -index 0
dow C:/COSMOS_KJH/CosmosPlus_DFTL_Cluster_DTRIM/CDTRIM/Build/CDTRIM/CDTRIM/Debug/CDTRIM.elf
configparams force-mem-access 0
----------------End of Script----------------

10:23:12 INFO  : Memory regions updated for context APU
10:23:12 INFO  : Context for processor 'ps7_cortexa9_0' is selected.
10:23:13 INFO  : 'con' command is executed.
10:23:13 INFO  : ----------------XSDB Script (After Launch)----------------
targets -set -nocase -filter {name =~ "ARM*#0" && jtag_cable_name =~ "Digilent JTAG-SMT2 210251A543E7"} -index 0
con
----------------End of Script----------------

10:23:13 INFO  : Launch script is exported to file 'C:\COSMOS_KJH\CosmosPlus_DFTL_Cluster_DTRIM\CDTRIM\Build\CDTRIM\.sdk\launch_scripts\xilinx_c-c++_application_(system_debugger)\system_debugger_using_debug_cdtrim.elf_on_local.tcl'
10:48:05 INFO  : Disconnected from the channel tcfchan#1.
10:48:06 INFO  : Connected to target on host '127.0.0.1' and port '3121'.
10:48:06 INFO  : Jtag cable 'Digilent JTAG-SMT2 210251A543E7' is selected.
10:48:06 INFO  : 'jtag frequency' command is executed.
10:48:06 INFO  : Sourcing of 'C:/COSMOS_KJH/CosmosPlus_DFTL_Cluster_DTRIM/CDTRIM/Build/CDTRIM/system_hw_platform_0/ps7_init.tcl' is done.
10:48:06 INFO  : Context for 'APU' is selected.
10:48:06 INFO  : System reset is completed.
10:48:09 INFO  : 'after 3000' command is executed.
10:48:09 INFO  : 'targets -set -filter {jtag_cable_name =~ "Digilent JTAG-SMT2 210251A543E7" && level==0} -index 1' command is executed.
10:48:17 INFO  : FPGA configured successfully with bitstream "C:/COSMOS_KJH/CosmosPlus_DFTL_Cluster_DTRIM/CDTRIM/Build/CDTRIM/system_hw_platform_0/OpenSSD2.bit"
10:48:17 INFO  : Context for 'APU' is selected.
10:48:17 INFO  : Hardware design information is loaded from 'C:/COSMOS_KJH/CosmosPlus_DFTL_Cluster_DTRIM/CDTRIM/Build/CDTRIM/system_hw_platform_0/system.hdf'.
10:48:17 INFO  : 'configparams force-mem-access 1' command is executed.
10:48:17 INFO  : Context for 'APU' is selected.
10:48:18 INFO  : 'ps7_init' command is executed.
10:48:18 INFO  : 'ps7_post_config' command is executed.
10:48:18 INFO  : Context for processor 'ps7_cortexa9_0' is selected.
10:48:18 INFO  : The application 'C:/COSMOS_KJH/CosmosPlus_DFTL_Cluster_DTRIM/CDTRIM/Build/CDTRIM/CDTRIM/Debug/CDTRIM.elf' is downloaded to processor 'ps7_cortexa9_0'.
10:48:18 INFO  : 'configparams force-mem-access 0' command is executed.
10:48:18 INFO  : ----------------XSDB Script----------------
connect -url tcp:127.0.0.1:3121
source C:/COSMOS_KJH/CosmosPlus_DFTL_Cluster_DTRIM/CDTRIM/Build/CDTRIM/system_hw_platform_0/ps7_init.tcl
targets -set -nocase -filter {name =~"APU*" && jtag_cable_name =~ "Digilent JTAG-SMT2 210251A543E7"} -index 0
rst -system
after 3000
targets -set -filter {jtag_cable_name =~ "Digilent JTAG-SMT2 210251A543E7" && level==0} -index 1
fpga -file C:/COSMOS_KJH/CosmosPlus_DFTL_Cluster_DTRIM/CDTRIM/Build/CDTRIM/system_hw_platform_0/OpenSSD2.bit
targets -set -nocase -filter {name =~"APU*" && jtag_cable_name =~ "Digilent JTAG-SMT2 210251A543E7"} -index 0
loadhw -hw C:/COSMOS_KJH/CosmosPlus_DFTL_Cluster_DTRIM/CDTRIM/Build/CDTRIM/system_hw_platform_0/system.hdf -mem-ranges [list {0x40000000 0xbfffffff}]
configparams force-mem-access 1
targets -set -nocase -filter {name =~"APU*" && jtag_cable_name =~ "Digilent JTAG-SMT2 210251A543E7"} -index 0
ps7_init
ps7_post_config
targets -set -nocase -filter {name =~ "ARM*#0" && jtag_cable_name =~ "Digilent JTAG-SMT2 210251A543E7"} -index 0
dow C:/COSMOS_KJH/CosmosPlus_DFTL_Cluster_DTRIM/CDTRIM/Build/CDTRIM/CDTRIM/Debug/CDTRIM.elf
configparams force-mem-access 0
----------------End of Script----------------

10:48:18 INFO  : Memory regions updated for context APU
10:48:18 INFO  : Context for processor 'ps7_cortexa9_0' is selected.
10:48:18 INFO  : 'con' command is executed.
10:48:18 INFO  : ----------------XSDB Script (After Launch)----------------
targets -set -nocase -filter {name =~ "ARM*#0" && jtag_cable_name =~ "Digilent JTAG-SMT2 210251A543E7"} -index 0
con
----------------End of Script----------------

10:48:18 INFO  : Launch script is exported to file 'C:\COSMOS_KJH\CosmosPlus_DFTL_Cluster_DTRIM\CDTRIM\Build\CDTRIM\.sdk\launch_scripts\xilinx_c-c++_application_(system_debugger)\system_debugger_using_debug_cdtrim.elf_on_local.tcl'
11:17:04 INFO  : Disconnected from the channel tcfchan#2.
11:17:05 INFO  : Connected to target on host '127.0.0.1' and port '3121'.
11:17:05 INFO  : Jtag cable 'Digilent JTAG-SMT2 210251A543E7' is selected.
11:17:05 INFO  : 'jtag frequency' command is executed.
11:17:05 INFO  : Sourcing of 'C:/COSMOS_KJH/CosmosPlus_DFTL_Cluster_DTRIM/CDTRIM/Build/CDTRIM/system_hw_platform_0/ps7_init.tcl' is done.
11:17:05 INFO  : Context for 'APU' is selected.
11:17:05 INFO  : System reset is completed.
11:17:08 INFO  : 'after 3000' command is executed.
11:17:08 INFO  : 'targets -set -filter {jtag_cable_name =~ "Digilent JTAG-SMT2 210251A543E7" && level==0} -index 1' command is executed.
11:17:16 INFO  : FPGA configured successfully with bitstream "C:/COSMOS_KJH/CosmosPlus_DFTL_Cluster_DTRIM/CDTRIM/Build/CDTRIM/system_hw_platform_0/OpenSSD2.bit"
11:17:16 INFO  : Context for 'APU' is selected.
11:17:16 INFO  : Hardware design information is loaded from 'C:/COSMOS_KJH/CosmosPlus_DFTL_Cluster_DTRIM/CDTRIM/Build/CDTRIM/system_hw_platform_0/system.hdf'.
11:17:16 INFO  : 'configparams force-mem-access 1' command is executed.
11:17:16 INFO  : Context for 'APU' is selected.
11:17:16 INFO  : 'ps7_init' command is executed.
11:17:16 INFO  : 'ps7_post_config' command is executed.
11:17:16 INFO  : Context for processor 'ps7_cortexa9_0' is selected.
11:17:17 INFO  : The application 'C:/COSMOS_KJH/CosmosPlus_DFTL_Cluster_DTRIM/CDTRIM/Build/CDTRIM/CDTRIM/Debug/CDTRIM.elf' is downloaded to processor 'ps7_cortexa9_0'.
11:17:17 INFO  : 'configparams force-mem-access 0' command is executed.
11:17:17 INFO  : ----------------XSDB Script----------------
connect -url tcp:127.0.0.1:3121
source C:/COSMOS_KJH/CosmosPlus_DFTL_Cluster_DTRIM/CDTRIM/Build/CDTRIM/system_hw_platform_0/ps7_init.tcl
targets -set -nocase -filter {name =~"APU*" && jtag_cable_name =~ "Digilent JTAG-SMT2 210251A543E7"} -index 0
rst -system
after 3000
targets -set -filter {jtag_cable_name =~ "Digilent JTAG-SMT2 210251A543E7" && level==0} -index 1
fpga -file C:/COSMOS_KJH/CosmosPlus_DFTL_Cluster_DTRIM/CDTRIM/Build/CDTRIM/system_hw_platform_0/OpenSSD2.bit
targets -set -nocase -filter {name =~"APU*" && jtag_cable_name =~ "Digilent JTAG-SMT2 210251A543E7"} -index 0
loadhw -hw C:/COSMOS_KJH/CosmosPlus_DFTL_Cluster_DTRIM/CDTRIM/Build/CDTRIM/system_hw_platform_0/system.hdf -mem-ranges [list {0x40000000 0xbfffffff}]
configparams force-mem-access 1
targets -set -nocase -filter {name =~"APU*" && jtag_cable_name =~ "Digilent JTAG-SMT2 210251A543E7"} -index 0
ps7_init
ps7_post_config
targets -set -nocase -filter {name =~ "ARM*#0" && jtag_cable_name =~ "Digilent JTAG-SMT2 210251A543E7"} -index 0
dow C:/COSMOS_KJH/CosmosPlus_DFTL_Cluster_DTRIM/CDTRIM/Build/CDTRIM/CDTRIM/Debug/CDTRIM.elf
configparams force-mem-access 0
----------------End of Script----------------

11:17:17 INFO  : Memory regions updated for context APU
11:17:17 INFO  : Context for processor 'ps7_cortexa9_0' is selected.
11:17:17 INFO  : 'con' command is executed.
11:17:17 INFO  : ----------------XSDB Script (After Launch)----------------
targets -set -nocase -filter {name =~ "ARM*#0" && jtag_cable_name =~ "Digilent JTAG-SMT2 210251A543E7"} -index 0
con
----------------End of Script----------------

11:17:17 INFO  : Launch script is exported to file 'C:\COSMOS_KJH\CosmosPlus_DFTL_Cluster_DTRIM\CDTRIM\Build\CDTRIM\.sdk\launch_scripts\xilinx_c-c++_application_(system_debugger)\system_debugger_using_debug_cdtrim.elf_on_local.tcl'
12:42:02 INFO  : Disconnected from the channel tcfchan#3.
12:42:03 INFO  : Connected to target on host '127.0.0.1' and port '3121'.
12:42:03 INFO  : Jtag cable 'Digilent JTAG-SMT2 210251A543E7' is selected.
12:42:03 INFO  : 'jtag frequency' command is executed.
12:42:03 INFO  : Sourcing of 'C:/COSMOS_KJH/CosmosPlus_DFTL_Cluster_DTRIM/CDTRIM/Build/CDTRIM/system_hw_platform_0/ps7_init.tcl' is done.
12:42:03 INFO  : Context for 'APU' is selected.
12:42:03 INFO  : System reset is completed.
12:42:06 INFO  : 'after 3000' command is executed.
12:42:06 INFO  : 'targets -set -filter {jtag_cable_name =~ "Digilent JTAG-SMT2 210251A543E7" && level==0} -index 1' command is executed.
12:42:14 INFO  : FPGA configured successfully with bitstream "C:/COSMOS_KJH/CosmosPlus_DFTL_Cluster_DTRIM/CDTRIM/Build/CDTRIM/system_hw_platform_0/OpenSSD2.bit"
12:42:14 INFO  : Context for 'APU' is selected.
12:42:14 INFO  : Hardware design information is loaded from 'C:/COSMOS_KJH/CosmosPlus_DFTL_Cluster_DTRIM/CDTRIM/Build/CDTRIM/system_hw_platform_0/system.hdf'.
12:42:14 INFO  : 'configparams force-mem-access 1' command is executed.
12:42:14 INFO  : Context for 'APU' is selected.
12:42:14 INFO  : 'ps7_init' command is executed.
12:42:14 INFO  : 'ps7_post_config' command is executed.
12:42:14 INFO  : Context for processor 'ps7_cortexa9_0' is selected.
12:42:15 INFO  : The application 'C:/COSMOS_KJH/CosmosPlus_DFTL_Cluster_DTRIM/CDTRIM/Build/CDTRIM/CDTRIM/Debug/CDTRIM.elf' is downloaded to processor 'ps7_cortexa9_0'.
12:42:15 INFO  : 'configparams force-mem-access 0' command is executed.
12:42:15 INFO  : ----------------XSDB Script----------------
connect -url tcp:127.0.0.1:3121
source C:/COSMOS_KJH/CosmosPlus_DFTL_Cluster_DTRIM/CDTRIM/Build/CDTRIM/system_hw_platform_0/ps7_init.tcl
targets -set -nocase -filter {name =~"APU*" && jtag_cable_name =~ "Digilent JTAG-SMT2 210251A543E7"} -index 0
rst -system
after 3000
targets -set -filter {jtag_cable_name =~ "Digilent JTAG-SMT2 210251A543E7" && level==0} -index 1
fpga -file C:/COSMOS_KJH/CosmosPlus_DFTL_Cluster_DTRIM/CDTRIM/Build/CDTRIM/system_hw_platform_0/OpenSSD2.bit
targets -set -nocase -filter {name =~"APU*" && jtag_cable_name =~ "Digilent JTAG-SMT2 210251A543E7"} -index 0
loadhw -hw C:/COSMOS_KJH/CosmosPlus_DFTL_Cluster_DTRIM/CDTRIM/Build/CDTRIM/system_hw_platform_0/system.hdf -mem-ranges [list {0x40000000 0xbfffffff}]
configparams force-mem-access 1
targets -set -nocase -filter {name =~"APU*" && jtag_cable_name =~ "Digilent JTAG-SMT2 210251A543E7"} -index 0
ps7_init
ps7_post_config
targets -set -nocase -filter {name =~ "ARM*#0" && jtag_cable_name =~ "Digilent JTAG-SMT2 210251A543E7"} -index 0
dow C:/COSMOS_KJH/CosmosPlus_DFTL_Cluster_DTRIM/CDTRIM/Build/CDTRIM/CDTRIM/Debug/CDTRIM.elf
configparams force-mem-access 0
----------------End of Script----------------

12:42:15 INFO  : Memory regions updated for context APU
12:42:15 INFO  : Context for processor 'ps7_cortexa9_0' is selected.
12:42:15 INFO  : 'con' command is executed.
12:42:15 INFO  : ----------------XSDB Script (After Launch)----------------
targets -set -nocase -filter {name =~ "ARM*#0" && jtag_cable_name =~ "Digilent JTAG-SMT2 210251A543E7"} -index 0
con
----------------End of Script----------------

12:42:15 INFO  : Launch script is exported to file 'C:\COSMOS_KJH\CosmosPlus_DFTL_Cluster_DTRIM\CDTRIM\Build\CDTRIM\.sdk\launch_scripts\xilinx_c-c++_application_(system_debugger)\system_debugger_using_debug_cdtrim.elf_on_local.tcl'
16:34:29 INFO  : Disconnected from the channel tcfchan#4.
16:34:30 INFO  : Connected to target on host '127.0.0.1' and port '3121'.
16:34:30 INFO  : Jtag cable 'Digilent JTAG-SMT2 210251A543E7' is selected.
16:34:30 INFO  : 'jtag frequency' command is executed.
16:34:30 INFO  : Sourcing of 'C:/COSMOS_KJH/CosmosPlus_DFTL_Cluster_DTRIM/CDTRIM/Build/CDTRIM/system_hw_platform_0/ps7_init.tcl' is done.
16:34:30 INFO  : Context for 'APU' is selected.
16:34:31 INFO  : System reset is completed.
16:34:34 INFO  : 'after 3000' command is executed.
16:34:34 INFO  : 'targets -set -filter {jtag_cable_name =~ "Digilent JTAG-SMT2 210251A543E7" && level==0} -index 1' command is executed.
16:34:41 INFO  : FPGA configured successfully with bitstream "C:/COSMOS_KJH/CosmosPlus_DFTL_Cluster_DTRIM/CDTRIM/Build/CDTRIM/system_hw_platform_0/OpenSSD2.bit"
16:34:41 INFO  : Context for 'APU' is selected.
16:34:41 INFO  : Hardware design information is loaded from 'C:/COSMOS_KJH/CosmosPlus_DFTL_Cluster_DTRIM/CDTRIM/Build/CDTRIM/system_hw_platform_0/system.hdf'.
16:34:41 INFO  : 'configparams force-mem-access 1' command is executed.
16:34:41 INFO  : Context for 'APU' is selected.
16:34:42 INFO  : 'ps7_init' command is executed.
16:34:42 INFO  : 'ps7_post_config' command is executed.
16:34:42 INFO  : Context for processor 'ps7_cortexa9_0' is selected.
16:34:42 INFO  : The application 'C:/COSMOS_KJH/CosmosPlus_DFTL_Cluster_DTRIM/CDTRIM/Build/CDTRIM/CDTRIM/Debug/CDTRIM.elf' is downloaded to processor 'ps7_cortexa9_0'.
16:34:42 INFO  : 'configparams force-mem-access 0' command is executed.
16:34:42 INFO  : ----------------XSDB Script----------------
connect -url tcp:127.0.0.1:3121
source C:/COSMOS_KJH/CosmosPlus_DFTL_Cluster_DTRIM/CDTRIM/Build/CDTRIM/system_hw_platform_0/ps7_init.tcl
targets -set -nocase -filter {name =~"APU*" && jtag_cable_name =~ "Digilent JTAG-SMT2 210251A543E7"} -index 0
rst -system
after 3000
targets -set -filter {jtag_cable_name =~ "Digilent JTAG-SMT2 210251A543E7" && level==0} -index 1
fpga -file C:/COSMOS_KJH/CosmosPlus_DFTL_Cluster_DTRIM/CDTRIM/Build/CDTRIM/system_hw_platform_0/OpenSSD2.bit
targets -set -nocase -filter {name =~"APU*" && jtag_cable_name =~ "Digilent JTAG-SMT2 210251A543E7"} -index 0
loadhw -hw C:/COSMOS_KJH/CosmosPlus_DFTL_Cluster_DTRIM/CDTRIM/Build/CDTRIM/system_hw_platform_0/system.hdf -mem-ranges [list {0x40000000 0xbfffffff}]
configparams force-mem-access 1
targets -set -nocase -filter {name =~"APU*" && jtag_cable_name =~ "Digilent JTAG-SMT2 210251A543E7"} -index 0
ps7_init
ps7_post_config
targets -set -nocase -filter {name =~ "ARM*#0" && jtag_cable_name =~ "Digilent JTAG-SMT2 210251A543E7"} -index 0
dow C:/COSMOS_KJH/CosmosPlus_DFTL_Cluster_DTRIM/CDTRIM/Build/CDTRIM/CDTRIM/Debug/CDTRIM.elf
configparams force-mem-access 0
----------------End of Script----------------

16:34:42 INFO  : Memory regions updated for context APU
16:34:42 INFO  : Context for processor 'ps7_cortexa9_0' is selected.
16:34:42 INFO  : 'con' command is executed.
16:34:42 INFO  : ----------------XSDB Script (After Launch)----------------
targets -set -nocase -filter {name =~ "ARM*#0" && jtag_cable_name =~ "Digilent JTAG-SMT2 210251A543E7"} -index 0
con
----------------End of Script----------------

16:34:42 INFO  : Launch script is exported to file 'C:\COSMOS_KJH\CosmosPlus_DFTL_Cluster_DTRIM\CDTRIM\Build\CDTRIM\.sdk\launch_scripts\xilinx_c-c++_application_(system_debugger)\system_debugger_using_debug_cdtrim.elf_on_local.tcl'
19:13:19 INFO  : Disconnected from the channel tcfchan#5.
19:13:20 INFO  : Connected to target on host '127.0.0.1' and port '3121'.
19:13:20 INFO  : Jtag cable 'Digilent JTAG-SMT2 210251A543E7' is selected.
19:13:20 INFO  : 'jtag frequency' command is executed.
19:13:21 INFO  : Sourcing of 'C:/COSMOS_KJH/CosmosPlus_DFTL_Cluster_DTRIM/CDTRIM/Build/CDTRIM/system_hw_platform_0/ps7_init.tcl' is done.
19:13:21 INFO  : Context for 'APU' is selected.
19:13:21 INFO  : System reset is completed.
19:13:24 INFO  : 'after 3000' command is executed.
19:13:24 INFO  : 'targets -set -filter {jtag_cable_name =~ "Digilent JTAG-SMT2 210251A543E7" && level==0} -index 1' command is executed.
19:13:31 INFO  : FPGA configured successfully with bitstream "C:/COSMOS_KJH/CosmosPlus_DFTL_Cluster_DTRIM/CDTRIM/Build/CDTRIM/system_hw_platform_0/OpenSSD2.bit"
19:13:31 INFO  : Context for 'APU' is selected.
19:13:31 INFO  : Hardware design information is loaded from 'C:/COSMOS_KJH/CosmosPlus_DFTL_Cluster_DTRIM/CDTRIM/Build/CDTRIM/system_hw_platform_0/system.hdf'.
19:13:31 INFO  : 'configparams force-mem-access 1' command is executed.
19:13:32 INFO  : Context for 'APU' is selected.
19:13:32 INFO  : 'ps7_init' command is executed.
19:13:32 INFO  : 'ps7_post_config' command is executed.
19:13:32 INFO  : Context for processor 'ps7_cortexa9_0' is selected.
19:13:32 INFO  : The application 'C:/COSMOS_KJH/CosmosPlus_DFTL_Cluster_DTRIM/CDTRIM/Build/CDTRIM/CDTRIM/Debug/CDTRIM.elf' is downloaded to processor 'ps7_cortexa9_0'.
19:13:32 INFO  : 'configparams force-mem-access 0' command is executed.
19:13:32 INFO  : ----------------XSDB Script----------------
connect -url tcp:127.0.0.1:3121
source C:/COSMOS_KJH/CosmosPlus_DFTL_Cluster_DTRIM/CDTRIM/Build/CDTRIM/system_hw_platform_0/ps7_init.tcl
targets -set -nocase -filter {name =~"APU*" && jtag_cable_name =~ "Digilent JTAG-SMT2 210251A543E7"} -index 0
rst -system
after 3000
targets -set -filter {jtag_cable_name =~ "Digilent JTAG-SMT2 210251A543E7" && level==0} -index 1
fpga -file C:/COSMOS_KJH/CosmosPlus_DFTL_Cluster_DTRIM/CDTRIM/Build/CDTRIM/system_hw_platform_0/OpenSSD2.bit
targets -set -nocase -filter {name =~"APU*" && jtag_cable_name =~ "Digilent JTAG-SMT2 210251A543E7"} -index 0
loadhw -hw C:/COSMOS_KJH/CosmosPlus_DFTL_Cluster_DTRIM/CDTRIM/Build/CDTRIM/system_hw_platform_0/system.hdf -mem-ranges [list {0x40000000 0xbfffffff}]
configparams force-mem-access 1
targets -set -nocase -filter {name =~"APU*" && jtag_cable_name =~ "Digilent JTAG-SMT2 210251A543E7"} -index 0
ps7_init
ps7_post_config
targets -set -nocase -filter {name =~ "ARM*#0" && jtag_cable_name =~ "Digilent JTAG-SMT2 210251A543E7"} -index 0
dow C:/COSMOS_KJH/CosmosPlus_DFTL_Cluster_DTRIM/CDTRIM/Build/CDTRIM/CDTRIM/Debug/CDTRIM.elf
configparams force-mem-access 0
----------------End of Script----------------

19:13:33 INFO  : Memory regions updated for context APU
19:13:33 INFO  : Context for processor 'ps7_cortexa9_0' is selected.
19:13:33 INFO  : 'con' command is executed.
19:13:33 INFO  : ----------------XSDB Script (After Launch)----------------
targets -set -nocase -filter {name =~ "ARM*#0" && jtag_cable_name =~ "Digilent JTAG-SMT2 210251A543E7"} -index 0
con
----------------End of Script----------------

19:13:33 INFO  : Launch script is exported to file 'C:\COSMOS_KJH\CosmosPlus_DFTL_Cluster_DTRIM\CDTRIM\Build\CDTRIM\.sdk\launch_scripts\xilinx_c-c++_application_(system_debugger)\system_debugger_using_debug_cdtrim.elf_on_local.tcl'
19:40:48 INFO  : Disconnected from the channel tcfchan#6.
19:40:49 INFO  : Connected to target on host '127.0.0.1' and port '3121'.
19:40:49 INFO  : Jtag cable 'Digilent JTAG-SMT2 210251A543E7' is selected.
19:40:49 INFO  : 'jtag frequency' command is executed.
19:40:49 INFO  : Sourcing of 'C:/COSMOS_KJH/CosmosPlus_DFTL_Cluster_DTRIM/CDTRIM/Build/CDTRIM/system_hw_platform_0/ps7_init.tcl' is done.
19:40:49 INFO  : Context for 'APU' is selected.
19:40:50 INFO  : System reset is completed.
19:40:53 INFO  : 'after 3000' command is executed.
19:40:53 INFO  : 'targets -set -filter {jtag_cable_name =~ "Digilent JTAG-SMT2 210251A543E7" && level==0} -index 1' command is executed.
19:41:00 INFO  : FPGA configured successfully with bitstream "C:/COSMOS_KJH/CosmosPlus_DFTL_Cluster_DTRIM/CDTRIM/Build/CDTRIM/system_hw_platform_0/OpenSSD2.bit"
19:41:00 INFO  : Context for 'APU' is selected.
19:41:00 INFO  : Hardware design information is loaded from 'C:/COSMOS_KJH/CosmosPlus_DFTL_Cluster_DTRIM/CDTRIM/Build/CDTRIM/system_hw_platform_0/system.hdf'.
19:41:00 INFO  : 'configparams force-mem-access 1' command is executed.
19:41:00 INFO  : Context for 'APU' is selected.
19:41:01 INFO  : 'ps7_init' command is executed.
19:41:01 INFO  : 'ps7_post_config' command is executed.
19:41:01 INFO  : Context for processor 'ps7_cortexa9_0' is selected.
19:41:01 INFO  : The application 'C:/COSMOS_KJH/CosmosPlus_DFTL_Cluster_DTRIM/CDTRIM/Build/CDTRIM/CDTRIM/Debug/CDTRIM.elf' is downloaded to processor 'ps7_cortexa9_0'.
19:41:01 INFO  : 'configparams force-mem-access 0' command is executed.
19:41:01 INFO  : ----------------XSDB Script----------------
connect -url tcp:127.0.0.1:3121
source C:/COSMOS_KJH/CosmosPlus_DFTL_Cluster_DTRIM/CDTRIM/Build/CDTRIM/system_hw_platform_0/ps7_init.tcl
targets -set -nocase -filter {name =~"APU*" && jtag_cable_name =~ "Digilent JTAG-SMT2 210251A543E7"} -index 0
rst -system
after 3000
targets -set -filter {jtag_cable_name =~ "Digilent JTAG-SMT2 210251A543E7" && level==0} -index 1
fpga -file C:/COSMOS_KJH/CosmosPlus_DFTL_Cluster_DTRIM/CDTRIM/Build/CDTRIM/system_hw_platform_0/OpenSSD2.bit
targets -set -nocase -filter {name =~"APU*" && jtag_cable_name =~ "Digilent JTAG-SMT2 210251A543E7"} -index 0
loadhw -hw C:/COSMOS_KJH/CosmosPlus_DFTL_Cluster_DTRIM/CDTRIM/Build/CDTRIM/system_hw_platform_0/system.hdf -mem-ranges [list {0x40000000 0xbfffffff}]
configparams force-mem-access 1
targets -set -nocase -filter {name =~"APU*" && jtag_cable_name =~ "Digilent JTAG-SMT2 210251A543E7"} -index 0
ps7_init
ps7_post_config
targets -set -nocase -filter {name =~ "ARM*#0" && jtag_cable_name =~ "Digilent JTAG-SMT2 210251A543E7"} -index 0
dow C:/COSMOS_KJH/CosmosPlus_DFTL_Cluster_DTRIM/CDTRIM/Build/CDTRIM/CDTRIM/Debug/CDTRIM.elf
configparams force-mem-access 0
----------------End of Script----------------

19:41:01 INFO  : Memory regions updated for context APU
19:41:01 INFO  : Context for processor 'ps7_cortexa9_0' is selected.
19:41:01 INFO  : 'con' command is executed.
19:41:01 INFO  : ----------------XSDB Script (After Launch)----------------
targets -set -nocase -filter {name =~ "ARM*#0" && jtag_cable_name =~ "Digilent JTAG-SMT2 210251A543E7"} -index 0
con
----------------End of Script----------------

19:41:01 INFO  : Launch script is exported to file 'C:\COSMOS_KJH\CosmosPlus_DFTL_Cluster_DTRIM\CDTRIM\Build\CDTRIM\.sdk\launch_scripts\xilinx_c-c++_application_(system_debugger)\system_debugger_using_debug_cdtrim.elf_on_local.tcl'
20:44:08 INFO  : Disconnected from the channel tcfchan#7.
20:44:09 INFO  : Connected to target on host '127.0.0.1' and port '3121'.
20:44:09 INFO  : Jtag cable 'Digilent JTAG-SMT2 210251A543E7' is selected.
20:44:09 INFO  : 'jtag frequency' command is executed.
20:44:09 INFO  : Sourcing of 'C:/COSMOS_KJH/CosmosPlus_DFTL_Cluster_DTRIM/CDTRIM/Build/CDTRIM/system_hw_platform_0/ps7_init.tcl' is done.
20:44:09 INFO  : Context for 'APU' is selected.
20:44:09 INFO  : System reset is completed.
20:44:12 INFO  : 'after 3000' command is executed.
20:44:12 INFO  : 'targets -set -filter {jtag_cable_name =~ "Digilent JTAG-SMT2 210251A543E7" && level==0} -index 1' command is executed.
20:44:20 INFO  : FPGA configured successfully with bitstream "C:/COSMOS_KJH/CosmosPlus_DFTL_Cluster_DTRIM/CDTRIM/Build/CDTRIM/system_hw_platform_0/OpenSSD2.bit"
20:44:20 INFO  : Context for 'APU' is selected.
20:44:20 INFO  : Hardware design information is loaded from 'C:/COSMOS_KJH/CosmosPlus_DFTL_Cluster_DTRIM/CDTRIM/Build/CDTRIM/system_hw_platform_0/system.hdf'.
20:44:20 INFO  : 'configparams force-mem-access 1' command is executed.
20:44:20 INFO  : Context for 'APU' is selected.
20:44:20 INFO  : 'ps7_init' command is executed.
20:44:20 INFO  : 'ps7_post_config' command is executed.
20:44:20 INFO  : Context for processor 'ps7_cortexa9_0' is selected.
20:44:21 INFO  : The application 'C:/COSMOS_KJH/CosmosPlus_DFTL_Cluster_DTRIM/CDTRIM/Build/CDTRIM/CDTRIM/Debug/CDTRIM.elf' is downloaded to processor 'ps7_cortexa9_0'.
20:44:21 INFO  : 'configparams force-mem-access 0' command is executed.
20:44:21 INFO  : ----------------XSDB Script----------------
connect -url tcp:127.0.0.1:3121
source C:/COSMOS_KJH/CosmosPlus_DFTL_Cluster_DTRIM/CDTRIM/Build/CDTRIM/system_hw_platform_0/ps7_init.tcl
targets -set -nocase -filter {name =~"APU*" && jtag_cable_name =~ "Digilent JTAG-SMT2 210251A543E7"} -index 0
rst -system
after 3000
targets -set -filter {jtag_cable_name =~ "Digilent JTAG-SMT2 210251A543E7" && level==0} -index 1
fpga -file C:/COSMOS_KJH/CosmosPlus_DFTL_Cluster_DTRIM/CDTRIM/Build/CDTRIM/system_hw_platform_0/OpenSSD2.bit
targets -set -nocase -filter {name =~"APU*" && jtag_cable_name =~ "Digilent JTAG-SMT2 210251A543E7"} -index 0
loadhw -hw C:/COSMOS_KJH/CosmosPlus_DFTL_Cluster_DTRIM/CDTRIM/Build/CDTRIM/system_hw_platform_0/system.hdf -mem-ranges [list {0x40000000 0xbfffffff}]
configparams force-mem-access 1
targets -set -nocase -filter {name =~"APU*" && jtag_cable_name =~ "Digilent JTAG-SMT2 210251A543E7"} -index 0
ps7_init
ps7_post_config
targets -set -nocase -filter {name =~ "ARM*#0" && jtag_cable_name =~ "Digilent JTAG-SMT2 210251A543E7"} -index 0
dow C:/COSMOS_KJH/CosmosPlus_DFTL_Cluster_DTRIM/CDTRIM/Build/CDTRIM/CDTRIM/Debug/CDTRIM.elf
configparams force-mem-access 0
----------------End of Script----------------

20:44:21 INFO  : Memory regions updated for context APU
20:44:21 INFO  : Context for processor 'ps7_cortexa9_0' is selected.
20:44:21 INFO  : 'con' command is executed.
20:44:21 INFO  : ----------------XSDB Script (After Launch)----------------
targets -set -nocase -filter {name =~ "ARM*#0" && jtag_cable_name =~ "Digilent JTAG-SMT2 210251A543E7"} -index 0
con
----------------End of Script----------------

20:44:21 INFO  : Launch script is exported to file 'C:\COSMOS_KJH\CosmosPlus_DFTL_Cluster_DTRIM\CDTRIM\Build\CDTRIM\.sdk\launch_scripts\xilinx_c-c++_application_(system_debugger)\system_debugger_using_debug_cdtrim.elf_on_local.tcl'
10:39:25 INFO  : Disconnected from the channel tcfchan#8.
10:39:26 INFO  : Connected to target on host '127.0.0.1' and port '3121'.
10:39:27 INFO  : Jtag cable 'Digilent JTAG-SMT2 210251A543E7' is selected.
10:39:27 INFO  : 'jtag frequency' command is executed.
10:39:27 INFO  : Sourcing of 'C:/COSMOS_KJH/CosmosPlus_DFTL_Cluster_DTRIM/CDTRIM/Build/CDTRIM/system_hw_platform_0/ps7_init.tcl' is done.
10:39:27 INFO  : Context for 'APU' is selected.
10:39:27 INFO  : System reset is completed.
10:39:30 INFO  : 'after 3000' command is executed.
10:39:30 INFO  : 'targets -set -filter {jtag_cable_name =~ "Digilent JTAG-SMT2 210251A543E7" && level==0} -index 1' command is executed.
10:39:37 INFO  : FPGA configured successfully with bitstream "C:/COSMOS_KJH/CosmosPlus_DFTL_Cluster_DTRIM/CDTRIM/Build/CDTRIM/system_hw_platform_0/OpenSSD2.bit"
10:39:37 INFO  : Context for 'APU' is selected.
10:39:37 INFO  : Hardware design information is loaded from 'C:/COSMOS_KJH/CosmosPlus_DFTL_Cluster_DTRIM/CDTRIM/Build/CDTRIM/system_hw_platform_0/system.hdf'.
10:39:37 INFO  : 'configparams force-mem-access 1' command is executed.
10:39:37 INFO  : Context for 'APU' is selected.
10:39:38 INFO  : 'ps7_init' command is executed.
10:39:38 INFO  : 'ps7_post_config' command is executed.
10:39:38 INFO  : Context for processor 'ps7_cortexa9_0' is selected.
10:39:39 INFO  : The application 'C:/COSMOS_KJH/CosmosPlus_DFTL_Cluster_DTRIM/CDTRIM/Build/CDTRIM/CDTRIM/Debug/CDTRIM.elf' is downloaded to processor 'ps7_cortexa9_0'.
10:39:39 INFO  : 'configparams force-mem-access 0' command is executed.
10:39:39 INFO  : ----------------XSDB Script----------------
connect -url tcp:127.0.0.1:3121
source C:/COSMOS_KJH/CosmosPlus_DFTL_Cluster_DTRIM/CDTRIM/Build/CDTRIM/system_hw_platform_0/ps7_init.tcl
targets -set -nocase -filter {name =~"APU*" && jtag_cable_name =~ "Digilent JTAG-SMT2 210251A543E7"} -index 0
rst -system
after 3000
targets -set -filter {jtag_cable_name =~ "Digilent JTAG-SMT2 210251A543E7" && level==0} -index 1
fpga -file C:/COSMOS_KJH/CosmosPlus_DFTL_Cluster_DTRIM/CDTRIM/Build/CDTRIM/system_hw_platform_0/OpenSSD2.bit
targets -set -nocase -filter {name =~"APU*" && jtag_cable_name =~ "Digilent JTAG-SMT2 210251A543E7"} -index 0
loadhw -hw C:/COSMOS_KJH/CosmosPlus_DFTL_Cluster_DTRIM/CDTRIM/Build/CDTRIM/system_hw_platform_0/system.hdf -mem-ranges [list {0x40000000 0xbfffffff}]
configparams force-mem-access 1
targets -set -nocase -filter {name =~"APU*" && jtag_cable_name =~ "Digilent JTAG-SMT2 210251A543E7"} -index 0
ps7_init
ps7_post_config
targets -set -nocase -filter {name =~ "ARM*#0" && jtag_cable_name =~ "Digilent JTAG-SMT2 210251A543E7"} -index 0
dow C:/COSMOS_KJH/CosmosPlus_DFTL_Cluster_DTRIM/CDTRIM/Build/CDTRIM/CDTRIM/Debug/CDTRIM.elf
configparams force-mem-access 0
----------------End of Script----------------

10:39:39 INFO  : Memory regions updated for context APU
10:39:39 INFO  : Context for processor 'ps7_cortexa9_0' is selected.
10:39:39 INFO  : 'con' command is executed.
10:39:39 INFO  : ----------------XSDB Script (After Launch)----------------
targets -set -nocase -filter {name =~ "ARM*#0" && jtag_cable_name =~ "Digilent JTAG-SMT2 210251A543E7"} -index 0
con
----------------End of Script----------------

10:39:39 INFO  : Launch script is exported to file 'C:\COSMOS_KJH\CosmosPlus_DFTL_Cluster_DTRIM\CDTRIM\Build\CDTRIM\.sdk\launch_scripts\xilinx_c-c++_application_(system_debugger)\system_debugger_using_debug_cdtrim.elf_on_local.tcl'
11:09:23 INFO  : Disconnected from the channel tcfchan#9.
11:09:24 INFO  : Connected to target on host '127.0.0.1' and port '3121'.
11:09:24 INFO  : Jtag cable 'Digilent JTAG-SMT2 210251A543E7' is selected.
11:09:24 INFO  : 'jtag frequency' command is executed.
11:09:24 INFO  : Sourcing of 'C:/COSMOS_KJH/CosmosPlus_DFTL_Cluster_DTRIM/CDTRIM/Build/CDTRIM/system_hw_platform_0/ps7_init.tcl' is done.
11:09:24 INFO  : Context for 'APU' is selected.
11:09:24 INFO  : System reset is completed.
11:09:27 INFO  : 'after 3000' command is executed.
11:09:28 INFO  : 'targets -set -filter {jtag_cable_name =~ "Digilent JTAG-SMT2 210251A543E7" && level==0} -index 1' command is executed.
11:09:35 INFO  : FPGA configured successfully with bitstream "C:/COSMOS_KJH/CosmosPlus_DFTL_Cluster_DTRIM/CDTRIM/Build/CDTRIM/system_hw_platform_0/OpenSSD2.bit"
11:09:35 INFO  : Context for 'APU' is selected.
11:09:35 INFO  : Hardware design information is loaded from 'C:/COSMOS_KJH/CosmosPlus_DFTL_Cluster_DTRIM/CDTRIM/Build/CDTRIM/system_hw_platform_0/system.hdf'.
11:09:35 INFO  : 'configparams force-mem-access 1' command is executed.
11:09:35 INFO  : Context for 'APU' is selected.
11:09:36 INFO  : 'ps7_init' command is executed.
11:09:36 INFO  : 'ps7_post_config' command is executed.
11:09:36 INFO  : Context for processor 'ps7_cortexa9_0' is selected.
11:09:36 INFO  : The application 'C:/COSMOS_KJH/CosmosPlus_DFTL_Cluster_DTRIM/CDTRIM/Build/CDTRIM/CDTRIM/Debug/CDTRIM.elf' is downloaded to processor 'ps7_cortexa9_0'.
11:09:36 INFO  : 'configparams force-mem-access 0' command is executed.
11:09:36 INFO  : ----------------XSDB Script----------------
connect -url tcp:127.0.0.1:3121
source C:/COSMOS_KJH/CosmosPlus_DFTL_Cluster_DTRIM/CDTRIM/Build/CDTRIM/system_hw_platform_0/ps7_init.tcl
targets -set -nocase -filter {name =~"APU*" && jtag_cable_name =~ "Digilent JTAG-SMT2 210251A543E7"} -index 0
rst -system
after 3000
targets -set -filter {jtag_cable_name =~ "Digilent JTAG-SMT2 210251A543E7" && level==0} -index 1
fpga -file C:/COSMOS_KJH/CosmosPlus_DFTL_Cluster_DTRIM/CDTRIM/Build/CDTRIM/system_hw_platform_0/OpenSSD2.bit
targets -set -nocase -filter {name =~"APU*" && jtag_cable_name =~ "Digilent JTAG-SMT2 210251A543E7"} -index 0
loadhw -hw C:/COSMOS_KJH/CosmosPlus_DFTL_Cluster_DTRIM/CDTRIM/Build/CDTRIM/system_hw_platform_0/system.hdf -mem-ranges [list {0x40000000 0xbfffffff}]
configparams force-mem-access 1
targets -set -nocase -filter {name =~"APU*" && jtag_cable_name =~ "Digilent JTAG-SMT2 210251A543E7"} -index 0
ps7_init
ps7_post_config
targets -set -nocase -filter {name =~ "ARM*#0" && jtag_cable_name =~ "Digilent JTAG-SMT2 210251A543E7"} -index 0
dow C:/COSMOS_KJH/CosmosPlus_DFTL_Cluster_DTRIM/CDTRIM/Build/CDTRIM/CDTRIM/Debug/CDTRIM.elf
configparams force-mem-access 0
----------------End of Script----------------

11:09:36 INFO  : Memory regions updated for context APU
11:09:36 INFO  : Context for processor 'ps7_cortexa9_0' is selected.
11:09:36 INFO  : 'con' command is executed.
11:09:36 INFO  : ----------------XSDB Script (After Launch)----------------
targets -set -nocase -filter {name =~ "ARM*#0" && jtag_cable_name =~ "Digilent JTAG-SMT2 210251A543E7"} -index 0
con
----------------End of Script----------------

11:09:36 INFO  : Launch script is exported to file 'C:\COSMOS_KJH\CosmosPlus_DFTL_Cluster_DTRIM\CDTRIM\Build\CDTRIM\.sdk\launch_scripts\xilinx_c-c++_application_(system_debugger)\system_debugger_using_debug_cdtrim.elf_on_local.tcl'
12:26:05 INFO  : Disconnected from the channel tcfchan#10.
12:26:06 INFO  : Connected to target on host '127.0.0.1' and port '3121'.
12:26:06 INFO  : Jtag cable 'Digilent JTAG-SMT2 210251A543E7' is selected.
12:26:06 INFO  : 'jtag frequency' command is executed.
12:26:06 INFO  : Sourcing of 'C:/COSMOS_KJH/CosmosPlus_DFTL_Cluster_DTRIM/CDTRIM/Build/CDTRIM/system_hw_platform_0/ps7_init.tcl' is done.
12:26:06 INFO  : Context for 'APU' is selected.
12:26:06 INFO  : System reset is completed.
12:26:09 INFO  : 'after 3000' command is executed.
12:26:09 INFO  : 'targets -set -filter {jtag_cable_name =~ "Digilent JTAG-SMT2 210251A543E7" && level==0} -index 1' command is executed.
12:26:17 INFO  : FPGA configured successfully with bitstream "C:/COSMOS_KJH/CosmosPlus_DFTL_Cluster_DTRIM/CDTRIM/Build/CDTRIM/system_hw_platform_0/OpenSSD2.bit"
12:26:17 INFO  : Context for 'APU' is selected.
12:26:17 INFO  : Hardware design information is loaded from 'C:/COSMOS_KJH/CosmosPlus_DFTL_Cluster_DTRIM/CDTRIM/Build/CDTRIM/system_hw_platform_0/system.hdf'.
12:26:17 INFO  : 'configparams force-mem-access 1' command is executed.
12:26:17 INFO  : Context for 'APU' is selected.
12:26:18 INFO  : 'ps7_init' command is executed.
12:26:18 INFO  : 'ps7_post_config' command is executed.
12:26:18 INFO  : Context for processor 'ps7_cortexa9_0' is selected.
12:26:18 INFO  : The application 'C:/COSMOS_KJH/CosmosPlus_DFTL_Cluster_DTRIM/CDTRIM/Build/CDTRIM/CDTRIM/Debug/CDTRIM.elf' is downloaded to processor 'ps7_cortexa9_0'.
12:26:18 INFO  : 'configparams force-mem-access 0' command is executed.
12:26:18 INFO  : ----------------XSDB Script----------------
connect -url tcp:127.0.0.1:3121
source C:/COSMOS_KJH/CosmosPlus_DFTL_Cluster_DTRIM/CDTRIM/Build/CDTRIM/system_hw_platform_0/ps7_init.tcl
targets -set -nocase -filter {name =~"APU*" && jtag_cable_name =~ "Digilent JTAG-SMT2 210251A543E7"} -index 0
rst -system
after 3000
targets -set -filter {jtag_cable_name =~ "Digilent JTAG-SMT2 210251A543E7" && level==0} -index 1
fpga -file C:/COSMOS_KJH/CosmosPlus_DFTL_Cluster_DTRIM/CDTRIM/Build/CDTRIM/system_hw_platform_0/OpenSSD2.bit
targets -set -nocase -filter {name =~"APU*" && jtag_cable_name =~ "Digilent JTAG-SMT2 210251A543E7"} -index 0
loadhw -hw C:/COSMOS_KJH/CosmosPlus_DFTL_Cluster_DTRIM/CDTRIM/Build/CDTRIM/system_hw_platform_0/system.hdf -mem-ranges [list {0x40000000 0xbfffffff}]
configparams force-mem-access 1
targets -set -nocase -filter {name =~"APU*" && jtag_cable_name =~ "Digilent JTAG-SMT2 210251A543E7"} -index 0
ps7_init
ps7_post_config
targets -set -nocase -filter {name =~ "ARM*#0" && jtag_cable_name =~ "Digilent JTAG-SMT2 210251A543E7"} -index 0
dow C:/COSMOS_KJH/CosmosPlus_DFTL_Cluster_DTRIM/CDTRIM/Build/CDTRIM/CDTRIM/Debug/CDTRIM.elf
configparams force-mem-access 0
----------------End of Script----------------

12:26:18 INFO  : Memory regions updated for context APU
12:26:18 INFO  : Context for processor 'ps7_cortexa9_0' is selected.
12:26:18 INFO  : 'con' command is executed.
12:26:18 INFO  : ----------------XSDB Script (After Launch)----------------
targets -set -nocase -filter {name =~ "ARM*#0" && jtag_cable_name =~ "Digilent JTAG-SMT2 210251A543E7"} -index 0
con
----------------End of Script----------------

12:26:18 INFO  : Launch script is exported to file 'C:\COSMOS_KJH\CosmosPlus_DFTL_Cluster_DTRIM\CDTRIM\Build\CDTRIM\.sdk\launch_scripts\xilinx_c-c++_application_(system_debugger)\system_debugger_using_debug_cdtrim.elf_on_local.tcl'
12:54:50 INFO  : Disconnected from the channel tcfchan#11.
12:54:51 INFO  : Connected to target on host '127.0.0.1' and port '3121'.
12:54:51 INFO  : Jtag cable 'Digilent JTAG-SMT2 210251A543E7' is selected.
12:54:51 INFO  : 'jtag frequency' command is executed.
12:54:51 INFO  : Sourcing of 'C:/COSMOS_KJH/CosmosPlus_DFTL_Cluster_DTRIM/CDTRIM/Build/CDTRIM/system_hw_platform_0/ps7_init.tcl' is done.
12:54:51 INFO  : Context for 'APU' is selected.
12:54:51 INFO  : System reset is completed.
12:54:54 INFO  : 'after 3000' command is executed.
12:54:54 INFO  : 'targets -set -filter {jtag_cable_name =~ "Digilent JTAG-SMT2 210251A543E7" && level==0} -index 1' command is executed.
12:55:02 INFO  : FPGA configured successfully with bitstream "C:/COSMOS_KJH/CosmosPlus_DFTL_Cluster_DTRIM/CDTRIM/Build/CDTRIM/system_hw_platform_0/OpenSSD2.bit"
12:55:02 INFO  : Context for 'APU' is selected.
12:55:02 INFO  : Hardware design information is loaded from 'C:/COSMOS_KJH/CosmosPlus_DFTL_Cluster_DTRIM/CDTRIM/Build/CDTRIM/system_hw_platform_0/system.hdf'.
12:55:02 INFO  : 'configparams force-mem-access 1' command is executed.
12:55:02 INFO  : Context for 'APU' is selected.
12:55:02 INFO  : 'ps7_init' command is executed.
12:55:02 INFO  : 'ps7_post_config' command is executed.
12:55:02 INFO  : Context for processor 'ps7_cortexa9_0' is selected.
12:55:03 INFO  : The application 'C:/COSMOS_KJH/CosmosPlus_DFTL_Cluster_DTRIM/CDTRIM/Build/CDTRIM/CDTRIM/Debug/CDTRIM.elf' is downloaded to processor 'ps7_cortexa9_0'.
12:55:03 INFO  : 'configparams force-mem-access 0' command is executed.
12:55:03 INFO  : ----------------XSDB Script----------------
connect -url tcp:127.0.0.1:3121
source C:/COSMOS_KJH/CosmosPlus_DFTL_Cluster_DTRIM/CDTRIM/Build/CDTRIM/system_hw_platform_0/ps7_init.tcl
targets -set -nocase -filter {name =~"APU*" && jtag_cable_name =~ "Digilent JTAG-SMT2 210251A543E7"} -index 0
rst -system
after 3000
targets -set -filter {jtag_cable_name =~ "Digilent JTAG-SMT2 210251A543E7" && level==0} -index 1
fpga -file C:/COSMOS_KJH/CosmosPlus_DFTL_Cluster_DTRIM/CDTRIM/Build/CDTRIM/system_hw_platform_0/OpenSSD2.bit
targets -set -nocase -filter {name =~"APU*" && jtag_cable_name =~ "Digilent JTAG-SMT2 210251A543E7"} -index 0
loadhw -hw C:/COSMOS_KJH/CosmosPlus_DFTL_Cluster_DTRIM/CDTRIM/Build/CDTRIM/system_hw_platform_0/system.hdf -mem-ranges [list {0x40000000 0xbfffffff}]
configparams force-mem-access 1
targets -set -nocase -filter {name =~"APU*" && jtag_cable_name =~ "Digilent JTAG-SMT2 210251A543E7"} -index 0
ps7_init
ps7_post_config
targets -set -nocase -filter {name =~ "ARM*#0" && jtag_cable_name =~ "Digilent JTAG-SMT2 210251A543E7"} -index 0
dow C:/COSMOS_KJH/CosmosPlus_DFTL_Cluster_DTRIM/CDTRIM/Build/CDTRIM/CDTRIM/Debug/CDTRIM.elf
configparams force-mem-access 0
----------------End of Script----------------

12:55:03 INFO  : Memory regions updated for context APU
12:55:03 INFO  : Context for processor 'ps7_cortexa9_0' is selected.
12:55:03 INFO  : 'con' command is executed.
12:55:03 INFO  : ----------------XSDB Script (After Launch)----------------
targets -set -nocase -filter {name =~ "ARM*#0" && jtag_cable_name =~ "Digilent JTAG-SMT2 210251A543E7"} -index 0
con
----------------End of Script----------------

12:55:03 INFO  : Launch script is exported to file 'C:\COSMOS_KJH\CosmosPlus_DFTL_Cluster_DTRIM\CDTRIM\Build\CDTRIM\.sdk\launch_scripts\xilinx_c-c++_application_(system_debugger)\system_debugger_using_debug_cdtrim.elf_on_local.tcl'
13:13:26 INFO  : Disconnected from the channel tcfchan#12.
13:13:27 INFO  : Connected to target on host '127.0.0.1' and port '3121'.
13:13:28 INFO  : Jtag cable 'Digilent JTAG-SMT2 210251A543E7' is selected.
13:13:28 INFO  : 'jtag frequency' command is executed.
13:13:28 INFO  : Sourcing of 'C:/COSMOS_KJH/CosmosPlus_DFTL_Cluster_DTRIM/CDTRIM/Build/CDTRIM/system_hw_platform_0/ps7_init.tcl' is done.
13:13:28 INFO  : Context for 'APU' is selected.
13:13:28 INFO  : System reset is completed.
13:13:31 INFO  : 'after 3000' command is executed.
13:13:31 INFO  : 'targets -set -filter {jtag_cable_name =~ "Digilent JTAG-SMT2 210251A543E7" && level==0} -index 1' command is executed.
13:13:38 INFO  : FPGA configured successfully with bitstream "C:/COSMOS_KJH/CosmosPlus_DFTL_Cluster_DTRIM/CDTRIM/Build/CDTRIM/system_hw_platform_0/OpenSSD2.bit"
13:13:38 INFO  : Context for 'APU' is selected.
13:13:38 INFO  : Hardware design information is loaded from 'C:/COSMOS_KJH/CosmosPlus_DFTL_Cluster_DTRIM/CDTRIM/Build/CDTRIM/system_hw_platform_0/system.hdf'.
13:13:38 INFO  : 'configparams force-mem-access 1' command is executed.
13:13:38 INFO  : Context for 'APU' is selected.
13:13:39 INFO  : 'ps7_init' command is executed.
13:13:39 INFO  : 'ps7_post_config' command is executed.
13:13:39 INFO  : Context for processor 'ps7_cortexa9_0' is selected.
13:13:39 INFO  : The application 'C:/COSMOS_KJH/CosmosPlus_DFTL_Cluster_DTRIM/CDTRIM/Build/CDTRIM/CDTRIM/Debug/CDTRIM.elf' is downloaded to processor 'ps7_cortexa9_0'.
13:13:39 INFO  : 'configparams force-mem-access 0' command is executed.
13:13:39 INFO  : ----------------XSDB Script----------------
connect -url tcp:127.0.0.1:3121
source C:/COSMOS_KJH/CosmosPlus_DFTL_Cluster_DTRIM/CDTRIM/Build/CDTRIM/system_hw_platform_0/ps7_init.tcl
targets -set -nocase -filter {name =~"APU*" && jtag_cable_name =~ "Digilent JTAG-SMT2 210251A543E7"} -index 0
rst -system
after 3000
targets -set -filter {jtag_cable_name =~ "Digilent JTAG-SMT2 210251A543E7" && level==0} -index 1
fpga -file C:/COSMOS_KJH/CosmosPlus_DFTL_Cluster_DTRIM/CDTRIM/Build/CDTRIM/system_hw_platform_0/OpenSSD2.bit
targets -set -nocase -filter {name =~"APU*" && jtag_cable_name =~ "Digilent JTAG-SMT2 210251A543E7"} -index 0
loadhw -hw C:/COSMOS_KJH/CosmosPlus_DFTL_Cluster_DTRIM/CDTRIM/Build/CDTRIM/system_hw_platform_0/system.hdf -mem-ranges [list {0x40000000 0xbfffffff}]
configparams force-mem-access 1
targets -set -nocase -filter {name =~"APU*" && jtag_cable_name =~ "Digilent JTAG-SMT2 210251A543E7"} -index 0
ps7_init
ps7_post_config
targets -set -nocase -filter {name =~ "ARM*#0" && jtag_cable_name =~ "Digilent JTAG-SMT2 210251A543E7"} -index 0
dow C:/COSMOS_KJH/CosmosPlus_DFTL_Cluster_DTRIM/CDTRIM/Build/CDTRIM/CDTRIM/Debug/CDTRIM.elf
configparams force-mem-access 0
----------------End of Script----------------

13:13:39 INFO  : Memory regions updated for context APU
13:13:40 INFO  : Context for processor 'ps7_cortexa9_0' is selected.
13:13:40 INFO  : 'con' command is executed.
13:13:40 INFO  : ----------------XSDB Script (After Launch)----------------
targets -set -nocase -filter {name =~ "ARM*#0" && jtag_cable_name =~ "Digilent JTAG-SMT2 210251A543E7"} -index 0
con
----------------End of Script----------------

13:13:40 INFO  : Launch script is exported to file 'C:\COSMOS_KJH\CosmosPlus_DFTL_Cluster_DTRIM\CDTRIM\Build\CDTRIM\.sdk\launch_scripts\xilinx_c-c++_application_(system_debugger)\system_debugger_using_debug_cdtrim.elf_on_local.tcl'
13:30:38 INFO  : Disconnected from the channel tcfchan#13.
13:30:39 INFO  : Connected to target on host '127.0.0.1' and port '3121'.
13:30:39 INFO  : Jtag cable 'Digilent JTAG-SMT2 210251A543E7' is selected.
13:30:39 INFO  : 'jtag frequency' command is executed.
13:30:39 INFO  : Sourcing of 'C:/COSMOS_KJH/CosmosPlus_DFTL_Cluster_DTRIM/CDTRIM/Build/CDTRIM/system_hw_platform_0/ps7_init.tcl' is done.
13:30:39 INFO  : Context for 'APU' is selected.
13:30:40 INFO  : System reset is completed.
13:30:43 INFO  : 'after 3000' command is executed.
13:30:43 INFO  : 'targets -set -filter {jtag_cable_name =~ "Digilent JTAG-SMT2 210251A543E7" && level==0} -index 1' command is executed.
13:30:50 INFO  : FPGA configured successfully with bitstream "C:/COSMOS_KJH/CosmosPlus_DFTL_Cluster_DTRIM/CDTRIM/Build/CDTRIM/system_hw_platform_0/OpenSSD2.bit"
13:30:50 INFO  : Context for 'APU' is selected.
13:30:50 INFO  : Hardware design information is loaded from 'C:/COSMOS_KJH/CosmosPlus_DFTL_Cluster_DTRIM/CDTRIM/Build/CDTRIM/system_hw_platform_0/system.hdf'.
13:30:50 INFO  : 'configparams force-mem-access 1' command is executed.
13:30:50 INFO  : Context for 'APU' is selected.
13:30:51 INFO  : 'ps7_init' command is executed.
13:30:51 INFO  : 'ps7_post_config' command is executed.
13:30:51 INFO  : Context for processor 'ps7_cortexa9_0' is selected.
13:30:51 INFO  : The application 'C:/COSMOS_KJH/CosmosPlus_DFTL_Cluster_DTRIM/CDTRIM/Build/CDTRIM/CDTRIM/Debug/CDTRIM.elf' is downloaded to processor 'ps7_cortexa9_0'.
13:30:51 INFO  : 'configparams force-mem-access 0' command is executed.
13:30:51 INFO  : ----------------XSDB Script----------------
connect -url tcp:127.0.0.1:3121
source C:/COSMOS_KJH/CosmosPlus_DFTL_Cluster_DTRIM/CDTRIM/Build/CDTRIM/system_hw_platform_0/ps7_init.tcl
targets -set -nocase -filter {name =~"APU*" && jtag_cable_name =~ "Digilent JTAG-SMT2 210251A543E7"} -index 0
rst -system
after 3000
targets -set -filter {jtag_cable_name =~ "Digilent JTAG-SMT2 210251A543E7" && level==0} -index 1
fpga -file C:/COSMOS_KJH/CosmosPlus_DFTL_Cluster_DTRIM/CDTRIM/Build/CDTRIM/system_hw_platform_0/OpenSSD2.bit
targets -set -nocase -filter {name =~"APU*" && jtag_cable_name =~ "Digilent JTAG-SMT2 210251A543E7"} -index 0
loadhw -hw C:/COSMOS_KJH/CosmosPlus_DFTL_Cluster_DTRIM/CDTRIM/Build/CDTRIM/system_hw_platform_0/system.hdf -mem-ranges [list {0x40000000 0xbfffffff}]
configparams force-mem-access 1
targets -set -nocase -filter {name =~"APU*" && jtag_cable_name =~ "Digilent JTAG-SMT2 210251A543E7"} -index 0
ps7_init
ps7_post_config
targets -set -nocase -filter {name =~ "ARM*#0" && jtag_cable_name =~ "Digilent JTAG-SMT2 210251A543E7"} -index 0
dow C:/COSMOS_KJH/CosmosPlus_DFTL_Cluster_DTRIM/CDTRIM/Build/CDTRIM/CDTRIM/Debug/CDTRIM.elf
configparams force-mem-access 0
----------------End of Script----------------

13:30:51 INFO  : Memory regions updated for context APU
13:30:51 INFO  : Context for processor 'ps7_cortexa9_0' is selected.
13:30:51 INFO  : 'con' command is executed.
13:30:51 INFO  : ----------------XSDB Script (After Launch)----------------
targets -set -nocase -filter {name =~ "ARM*#0" && jtag_cable_name =~ "Digilent JTAG-SMT2 210251A543E7"} -index 0
con
----------------End of Script----------------

13:30:51 INFO  : Launch script is exported to file 'C:\COSMOS_KJH\CosmosPlus_DFTL_Cluster_DTRIM\CDTRIM\Build\CDTRIM\.sdk\launch_scripts\xilinx_c-c++_application_(system_debugger)\system_debugger_using_debug_cdtrim.elf_on_local.tcl'
13:49:28 INFO  : Disconnected from the channel tcfchan#14.
13:49:29 INFO  : Connected to target on host '127.0.0.1' and port '3121'.
13:49:29 INFO  : Jtag cable 'Digilent JTAG-SMT2 210251A543E7' is selected.
13:49:29 INFO  : 'jtag frequency' command is executed.
13:49:29 INFO  : Sourcing of 'C:/COSMOS_KJH/CosmosPlus_DFTL_Cluster_DTRIM/CDTRIM/Build/CDTRIM/system_hw_platform_0/ps7_init.tcl' is done.
13:49:29 INFO  : Context for 'APU' is selected.
13:49:29 INFO  : System reset is completed.
13:49:32 INFO  : 'after 3000' command is executed.
13:49:32 INFO  : 'targets -set -filter {jtag_cable_name =~ "Digilent JTAG-SMT2 210251A543E7" && level==0} -index 1' command is executed.
13:49:40 INFO  : FPGA configured successfully with bitstream "C:/COSMOS_KJH/CosmosPlus_DFTL_Cluster_DTRIM/CDTRIM/Build/CDTRIM/system_hw_platform_0/OpenSSD2.bit"
13:49:40 INFO  : Context for 'APU' is selected.
13:49:40 INFO  : Hardware design information is loaded from 'C:/COSMOS_KJH/CosmosPlus_DFTL_Cluster_DTRIM/CDTRIM/Build/CDTRIM/system_hw_platform_0/system.hdf'.
13:49:40 INFO  : 'configparams force-mem-access 1' command is executed.
13:49:40 INFO  : Context for 'APU' is selected.
13:49:41 INFO  : 'ps7_init' command is executed.
13:49:41 INFO  : 'ps7_post_config' command is executed.
13:49:41 INFO  : Context for processor 'ps7_cortexa9_0' is selected.
13:49:41 INFO  : The application 'C:/COSMOS_KJH/CosmosPlus_DFTL_Cluster_DTRIM/CDTRIM/Build/CDTRIM/CDTRIM/Debug/CDTRIM.elf' is downloaded to processor 'ps7_cortexa9_0'.
13:49:41 INFO  : 'configparams force-mem-access 0' command is executed.
13:49:41 INFO  : ----------------XSDB Script----------------
connect -url tcp:127.0.0.1:3121
source C:/COSMOS_KJH/CosmosPlus_DFTL_Cluster_DTRIM/CDTRIM/Build/CDTRIM/system_hw_platform_0/ps7_init.tcl
targets -set -nocase -filter {name =~"APU*" && jtag_cable_name =~ "Digilent JTAG-SMT2 210251A543E7"} -index 0
rst -system
after 3000
targets -set -filter {jtag_cable_name =~ "Digilent JTAG-SMT2 210251A543E7" && level==0} -index 1
fpga -file C:/COSMOS_KJH/CosmosPlus_DFTL_Cluster_DTRIM/CDTRIM/Build/CDTRIM/system_hw_platform_0/OpenSSD2.bit
targets -set -nocase -filter {name =~"APU*" && jtag_cable_name =~ "Digilent JTAG-SMT2 210251A543E7"} -index 0
loadhw -hw C:/COSMOS_KJH/CosmosPlus_DFTL_Cluster_DTRIM/CDTRIM/Build/CDTRIM/system_hw_platform_0/system.hdf -mem-ranges [list {0x40000000 0xbfffffff}]
configparams force-mem-access 1
targets -set -nocase -filter {name =~"APU*" && jtag_cable_name =~ "Digilent JTAG-SMT2 210251A543E7"} -index 0
ps7_init
ps7_post_config
targets -set -nocase -filter {name =~ "ARM*#0" && jtag_cable_name =~ "Digilent JTAG-SMT2 210251A543E7"} -index 0
dow C:/COSMOS_KJH/CosmosPlus_DFTL_Cluster_DTRIM/CDTRIM/Build/CDTRIM/CDTRIM/Debug/CDTRIM.elf
configparams force-mem-access 0
----------------End of Script----------------

13:49:41 INFO  : Memory regions updated for context APU
13:49:41 INFO  : Context for processor 'ps7_cortexa9_0' is selected.
13:49:41 INFO  : 'con' command is executed.
13:49:41 INFO  : ----------------XSDB Script (After Launch)----------------
targets -set -nocase -filter {name =~ "ARM*#0" && jtag_cable_name =~ "Digilent JTAG-SMT2 210251A543E7"} -index 0
con
----------------End of Script----------------

13:49:41 INFO  : Launch script is exported to file 'C:\COSMOS_KJH\CosmosPlus_DFTL_Cluster_DTRIM\CDTRIM\Build\CDTRIM\.sdk\launch_scripts\xilinx_c-c++_application_(system_debugger)\system_debugger_using_debug_cdtrim.elf_on_local.tcl'
13:50:28 INFO  : Disconnected from the channel tcfchan#15.
13:50:29 INFO  : Connected to target on host '127.0.0.1' and port '3121'.
13:50:29 INFO  : Jtag cable 'Digilent JTAG-SMT2 210251A543E7' is selected.
13:50:29 INFO  : 'jtag frequency' command is executed.
13:50:29 INFO  : Sourcing of 'C:/COSMOS_KJH/CosmosPlus_DFTL_Cluster_DTRIM/CDTRIM/Build/CDTRIM/system_hw_platform_0/ps7_init.tcl' is done.
13:50:29 INFO  : Context for 'APU' is selected.
13:50:29 INFO  : System reset is completed.
13:50:32 INFO  : 'after 3000' command is executed.
13:50:32 INFO  : 'targets -set -filter {jtag_cable_name =~ "Digilent JTAG-SMT2 210251A543E7" && level==0} -index 1' command is executed.
13:50:40 INFO  : FPGA configured successfully with bitstream "C:/COSMOS_KJH/CosmosPlus_DFTL_Cluster_DTRIM/CDTRIM/Build/CDTRIM/system_hw_platform_0/OpenSSD2.bit"
13:50:40 INFO  : Context for 'APU' is selected.
13:50:40 INFO  : Hardware design information is loaded from 'C:/COSMOS_KJH/CosmosPlus_DFTL_Cluster_DTRIM/CDTRIM/Build/CDTRIM/system_hw_platform_0/system.hdf'.
13:50:40 INFO  : 'configparams force-mem-access 1' command is executed.
13:50:40 INFO  : Context for 'APU' is selected.
13:50:40 INFO  : 'ps7_init' command is executed.
13:50:40 INFO  : 'ps7_post_config' command is executed.
13:50:40 INFO  : Context for processor 'ps7_cortexa9_0' is selected.
13:50:41 INFO  : The application 'C:/COSMOS_KJH/CosmosPlus_DFTL_Cluster_DTRIM/CDTRIM/Build/CDTRIM/CDTRIM/Debug/CDTRIM.elf' is downloaded to processor 'ps7_cortexa9_0'.
13:50:41 INFO  : 'configparams force-mem-access 0' command is executed.
13:50:41 INFO  : ----------------XSDB Script----------------
connect -url tcp:127.0.0.1:3121
source C:/COSMOS_KJH/CosmosPlus_DFTL_Cluster_DTRIM/CDTRIM/Build/CDTRIM/system_hw_platform_0/ps7_init.tcl
targets -set -nocase -filter {name =~"APU*" && jtag_cable_name =~ "Digilent JTAG-SMT2 210251A543E7"} -index 0
rst -system
after 3000
targets -set -filter {jtag_cable_name =~ "Digilent JTAG-SMT2 210251A543E7" && level==0} -index 1
fpga -file C:/COSMOS_KJH/CosmosPlus_DFTL_Cluster_DTRIM/CDTRIM/Build/CDTRIM/system_hw_platform_0/OpenSSD2.bit
targets -set -nocase -filter {name =~"APU*" && jtag_cable_name =~ "Digilent JTAG-SMT2 210251A543E7"} -index 0
loadhw -hw C:/COSMOS_KJH/CosmosPlus_DFTL_Cluster_DTRIM/CDTRIM/Build/CDTRIM/system_hw_platform_0/system.hdf -mem-ranges [list {0x40000000 0xbfffffff}]
configparams force-mem-access 1
targets -set -nocase -filter {name =~"APU*" && jtag_cable_name =~ "Digilent JTAG-SMT2 210251A543E7"} -index 0
ps7_init
ps7_post_config
targets -set -nocase -filter {name =~ "ARM*#0" && jtag_cable_name =~ "Digilent JTAG-SMT2 210251A543E7"} -index 0
dow C:/COSMOS_KJH/CosmosPlus_DFTL_Cluster_DTRIM/CDTRIM/Build/CDTRIM/CDTRIM/Debug/CDTRIM.elf
configparams force-mem-access 0
----------------End of Script----------------

13:50:41 INFO  : Memory regions updated for context APU
13:50:41 INFO  : Context for processor 'ps7_cortexa9_0' is selected.
13:50:41 INFO  : 'con' command is executed.
13:50:41 INFO  : ----------------XSDB Script (After Launch)----------------
targets -set -nocase -filter {name =~ "ARM*#0" && jtag_cable_name =~ "Digilent JTAG-SMT2 210251A543E7"} -index 0
con
----------------End of Script----------------

13:50:41 INFO  : Launch script is exported to file 'C:\COSMOS_KJH\CosmosPlus_DFTL_Cluster_DTRIM\CDTRIM\Build\CDTRIM\.sdk\launch_scripts\xilinx_c-c++_application_(system_debugger)\system_debugger_using_debug_cdtrim.elf_on_local.tcl'
14:44:28 INFO  : Disconnected from the channel tcfchan#16.
14:44:29 INFO  : Connected to target on host '127.0.0.1' and port '3121'.
14:44:29 INFO  : Jtag cable 'Digilent JTAG-SMT2 210251A543E7' is selected.
14:44:29 INFO  : 'jtag frequency' command is executed.
14:44:29 INFO  : Sourcing of 'C:/COSMOS_KJH/CosmosPlus_DFTL_Cluster_DTRIM/CDTRIM/Build/CDTRIM/system_hw_platform_0/ps7_init.tcl' is done.
14:44:29 INFO  : Context for 'APU' is selected.
14:44:29 INFO  : System reset is completed.
14:44:32 INFO  : 'after 3000' command is executed.
14:44:32 INFO  : 'targets -set -filter {jtag_cable_name =~ "Digilent JTAG-SMT2 210251A543E7" && level==0} -index 1' command is executed.
14:44:40 INFO  : FPGA configured successfully with bitstream "C:/COSMOS_KJH/CosmosPlus_DFTL_Cluster_DTRIM/CDTRIM/Build/CDTRIM/system_hw_platform_0/OpenSSD2.bit"
14:44:40 INFO  : Context for 'APU' is selected.
14:44:40 INFO  : Hardware design information is loaded from 'C:/COSMOS_KJH/CosmosPlus_DFTL_Cluster_DTRIM/CDTRIM/Build/CDTRIM/system_hw_platform_0/system.hdf'.
14:44:40 INFO  : 'configparams force-mem-access 1' command is executed.
14:44:40 INFO  : Context for 'APU' is selected.
14:44:40 INFO  : 'ps7_init' command is executed.
14:44:40 INFO  : 'ps7_post_config' command is executed.
14:44:40 INFO  : Context for processor 'ps7_cortexa9_0' is selected.
14:44:41 INFO  : The application 'C:/COSMOS_KJH/CosmosPlus_DFTL_Cluster_DTRIM/CDTRIM/Build/CDTRIM/CDTRIM/Debug/CDTRIM.elf' is downloaded to processor 'ps7_cortexa9_0'.
14:44:41 INFO  : 'configparams force-mem-access 0' command is executed.
14:44:41 INFO  : ----------------XSDB Script----------------
connect -url tcp:127.0.0.1:3121
source C:/COSMOS_KJH/CosmosPlus_DFTL_Cluster_DTRIM/CDTRIM/Build/CDTRIM/system_hw_platform_0/ps7_init.tcl
targets -set -nocase -filter {name =~"APU*" && jtag_cable_name =~ "Digilent JTAG-SMT2 210251A543E7"} -index 0
rst -system
after 3000
targets -set -filter {jtag_cable_name =~ "Digilent JTAG-SMT2 210251A543E7" && level==0} -index 1
fpga -file C:/COSMOS_KJH/CosmosPlus_DFTL_Cluster_DTRIM/CDTRIM/Build/CDTRIM/system_hw_platform_0/OpenSSD2.bit
targets -set -nocase -filter {name =~"APU*" && jtag_cable_name =~ "Digilent JTAG-SMT2 210251A543E7"} -index 0
loadhw -hw C:/COSMOS_KJH/CosmosPlus_DFTL_Cluster_DTRIM/CDTRIM/Build/CDTRIM/system_hw_platform_0/system.hdf -mem-ranges [list {0x40000000 0xbfffffff}]
configparams force-mem-access 1
targets -set -nocase -filter {name =~"APU*" && jtag_cable_name =~ "Digilent JTAG-SMT2 210251A543E7"} -index 0
ps7_init
ps7_post_config
targets -set -nocase -filter {name =~ "ARM*#0" && jtag_cable_name =~ "Digilent JTAG-SMT2 210251A543E7"} -index 0
dow C:/COSMOS_KJH/CosmosPlus_DFTL_Cluster_DTRIM/CDTRIM/Build/CDTRIM/CDTRIM/Debug/CDTRIM.elf
configparams force-mem-access 0
----------------End of Script----------------

14:44:41 INFO  : Memory regions updated for context APU
14:44:41 INFO  : Context for processor 'ps7_cortexa9_0' is selected.
14:44:41 INFO  : 'con' command is executed.
14:44:41 INFO  : ----------------XSDB Script (After Launch)----------------
targets -set -nocase -filter {name =~ "ARM*#0" && jtag_cable_name =~ "Digilent JTAG-SMT2 210251A543E7"} -index 0
con
----------------End of Script----------------

14:44:41 INFO  : Launch script is exported to file 'C:\COSMOS_KJH\CosmosPlus_DFTL_Cluster_DTRIM\CDTRIM\Build\CDTRIM\.sdk\launch_scripts\xilinx_c-c++_application_(system_debugger)\system_debugger_using_debug_cdtrim.elf_on_local.tcl'
17:50:23 INFO  : Disconnected from the channel tcfchan#17.
17:50:24 INFO  : Connected to target on host '127.0.0.1' and port '3121'.
17:50:24 INFO  : Jtag cable 'Digilent JTAG-SMT2 210251A543E7' is selected.
17:50:24 INFO  : 'jtag frequency' command is executed.
17:50:24 INFO  : Sourcing of 'C:/COSMOS_KJH/CosmosPlus_DFTL_Cluster_DTRIM/CDTRIM/Build/CDTRIM/system_hw_platform_0/ps7_init.tcl' is done.
17:50:24 INFO  : Context for 'APU' is selected.
17:50:24 INFO  : System reset is completed.
17:50:27 INFO  : 'after 3000' command is executed.
17:50:27 INFO  : 'targets -set -filter {jtag_cable_name =~ "Digilent JTAG-SMT2 210251A543E7" && level==0} -index 1' command is executed.
17:50:35 INFO  : FPGA configured successfully with bitstream "C:/COSMOS_KJH/CosmosPlus_DFTL_Cluster_DTRIM/CDTRIM/Build/CDTRIM/system_hw_platform_0/OpenSSD2.bit"
17:50:35 INFO  : Context for 'APU' is selected.
17:50:35 INFO  : Hardware design information is loaded from 'C:/COSMOS_KJH/CosmosPlus_DFTL_Cluster_DTRIM/CDTRIM/Build/CDTRIM/system_hw_platform_0/system.hdf'.
17:50:35 INFO  : 'configparams force-mem-access 1' command is executed.
17:50:35 INFO  : Context for 'APU' is selected.
17:50:35 INFO  : 'ps7_init' command is executed.
17:50:35 INFO  : 'ps7_post_config' command is executed.
17:50:36 INFO  : Context for processor 'ps7_cortexa9_0' is selected.
17:50:36 INFO  : The application 'C:/COSMOS_KJH/CosmosPlus_DFTL_Cluster_DTRIM/CDTRIM/Build/CDTRIM/CDTRIM/Debug/CDTRIM.elf' is downloaded to processor 'ps7_cortexa9_0'.
17:50:36 INFO  : 'configparams force-mem-access 0' command is executed.
17:50:36 INFO  : ----------------XSDB Script----------------
connect -url tcp:127.0.0.1:3121
source C:/COSMOS_KJH/CosmosPlus_DFTL_Cluster_DTRIM/CDTRIM/Build/CDTRIM/system_hw_platform_0/ps7_init.tcl
targets -set -nocase -filter {name =~"APU*" && jtag_cable_name =~ "Digilent JTAG-SMT2 210251A543E7"} -index 0
rst -system
after 3000
targets -set -filter {jtag_cable_name =~ "Digilent JTAG-SMT2 210251A543E7" && level==0} -index 1
fpga -file C:/COSMOS_KJH/CosmosPlus_DFTL_Cluster_DTRIM/CDTRIM/Build/CDTRIM/system_hw_platform_0/OpenSSD2.bit
targets -set -nocase -filter {name =~"APU*" && jtag_cable_name =~ "Digilent JTAG-SMT2 210251A543E7"} -index 0
loadhw -hw C:/COSMOS_KJH/CosmosPlus_DFTL_Cluster_DTRIM/CDTRIM/Build/CDTRIM/system_hw_platform_0/system.hdf -mem-ranges [list {0x40000000 0xbfffffff}]
configparams force-mem-access 1
targets -set -nocase -filter {name =~"APU*" && jtag_cable_name =~ "Digilent JTAG-SMT2 210251A543E7"} -index 0
ps7_init
ps7_post_config
targets -set -nocase -filter {name =~ "ARM*#0" && jtag_cable_name =~ "Digilent JTAG-SMT2 210251A543E7"} -index 0
dow C:/COSMOS_KJH/CosmosPlus_DFTL_Cluster_DTRIM/CDTRIM/Build/CDTRIM/CDTRIM/Debug/CDTRIM.elf
configparams force-mem-access 0
----------------End of Script----------------

17:50:36 INFO  : Memory regions updated for context APU
17:50:36 INFO  : Context for processor 'ps7_cortexa9_0' is selected.
17:50:36 INFO  : 'con' command is executed.
17:50:36 INFO  : ----------------XSDB Script (After Launch)----------------
targets -set -nocase -filter {name =~ "ARM*#0" && jtag_cable_name =~ "Digilent JTAG-SMT2 210251A543E7"} -index 0
con
----------------End of Script----------------

17:50:36 INFO  : Launch script is exported to file 'C:\COSMOS_KJH\CosmosPlus_DFTL_Cluster_DTRIM\CDTRIM\Build\CDTRIM\.sdk\launch_scripts\xilinx_c-c++_application_(system_debugger)\system_debugger_using_debug_cdtrim.elf_on_local.tcl'
18:22:37 INFO  : Disconnected from the channel tcfchan#18.
18:22:38 INFO  : Connected to target on host '127.0.0.1' and port '3121'.
18:22:38 INFO  : Jtag cable 'Digilent JTAG-SMT2 210251A543E7' is selected.
18:22:38 INFO  : 'jtag frequency' command is executed.
18:22:38 INFO  : Sourcing of 'C:/COSMOS_KJH/CosmosPlus_DFTL_Cluster_DTRIM/CDTRIM/Build/CDTRIM/system_hw_platform_0/ps7_init.tcl' is done.
18:22:38 INFO  : Context for 'APU' is selected.
18:22:39 INFO  : System reset is completed.
18:22:42 INFO  : 'after 3000' command is executed.
18:22:42 INFO  : 'targets -set -filter {jtag_cable_name =~ "Digilent JTAG-SMT2 210251A543E7" && level==0} -index 1' command is executed.
18:22:49 INFO  : FPGA configured successfully with bitstream "C:/COSMOS_KJH/CosmosPlus_DFTL_Cluster_DTRIM/CDTRIM/Build/CDTRIM/system_hw_platform_0/OpenSSD2.bit"
18:22:49 INFO  : Context for 'APU' is selected.
18:22:49 INFO  : Hardware design information is loaded from 'C:/COSMOS_KJH/CosmosPlus_DFTL_Cluster_DTRIM/CDTRIM/Build/CDTRIM/system_hw_platform_0/system.hdf'.
18:22:49 INFO  : 'configparams force-mem-access 1' command is executed.
18:22:49 INFO  : Context for 'APU' is selected.
18:22:50 INFO  : 'ps7_init' command is executed.
18:22:50 INFO  : 'ps7_post_config' command is executed.
18:22:50 INFO  : Context for processor 'ps7_cortexa9_0' is selected.
18:22:51 INFO  : The application 'C:/COSMOS_KJH/CosmosPlus_DFTL_Cluster_DTRIM/CDTRIM/Build/CDTRIM/CDTRIM/Debug/CDTRIM.elf' is downloaded to processor 'ps7_cortexa9_0'.
18:22:51 INFO  : 'configparams force-mem-access 0' command is executed.
18:22:51 INFO  : ----------------XSDB Script----------------
connect -url tcp:127.0.0.1:3121
source C:/COSMOS_KJH/CosmosPlus_DFTL_Cluster_DTRIM/CDTRIM/Build/CDTRIM/system_hw_platform_0/ps7_init.tcl
targets -set -nocase -filter {name =~"APU*" && jtag_cable_name =~ "Digilent JTAG-SMT2 210251A543E7"} -index 0
rst -system
after 3000
targets -set -filter {jtag_cable_name =~ "Digilent JTAG-SMT2 210251A543E7" && level==0} -index 1
fpga -file C:/COSMOS_KJH/CosmosPlus_DFTL_Cluster_DTRIM/CDTRIM/Build/CDTRIM/system_hw_platform_0/OpenSSD2.bit
targets -set -nocase -filter {name =~"APU*" && jtag_cable_name =~ "Digilent JTAG-SMT2 210251A543E7"} -index 0
loadhw -hw C:/COSMOS_KJH/CosmosPlus_DFTL_Cluster_DTRIM/CDTRIM/Build/CDTRIM/system_hw_platform_0/system.hdf -mem-ranges [list {0x40000000 0xbfffffff}]
configparams force-mem-access 1
targets -set -nocase -filter {name =~"APU*" && jtag_cable_name =~ "Digilent JTAG-SMT2 210251A543E7"} -index 0
ps7_init
ps7_post_config
targets -set -nocase -filter {name =~ "ARM*#0" && jtag_cable_name =~ "Digilent JTAG-SMT2 210251A543E7"} -index 0
dow C:/COSMOS_KJH/CosmosPlus_DFTL_Cluster_DTRIM/CDTRIM/Build/CDTRIM/CDTRIM/Debug/CDTRIM.elf
configparams force-mem-access 0
----------------End of Script----------------

18:22:51 INFO  : Memory regions updated for context APU
18:22:51 INFO  : Context for processor 'ps7_cortexa9_0' is selected.
18:22:51 INFO  : 'con' command is executed.
18:22:51 INFO  : ----------------XSDB Script (After Launch)----------------
targets -set -nocase -filter {name =~ "ARM*#0" && jtag_cable_name =~ "Digilent JTAG-SMT2 210251A543E7"} -index 0
con
----------------End of Script----------------

18:22:51 INFO  : Launch script is exported to file 'C:\COSMOS_KJH\CosmosPlus_DFTL_Cluster_DTRIM\CDTRIM\Build\CDTRIM\.sdk\launch_scripts\xilinx_c-c++_application_(system_debugger)\system_debugger_using_debug_cdtrim.elf_on_local.tcl'
20:25:27 INFO  : Disconnected from the channel tcfchan#19.
20:25:28 INFO  : Connected to target on host '127.0.0.1' and port '3121'.
20:25:28 INFO  : Jtag cable 'Digilent JTAG-SMT2 210251A543E7' is selected.
20:25:28 INFO  : 'jtag frequency' command is executed.
20:25:28 INFO  : Sourcing of 'C:/COSMOS_KJH/CosmosPlus_DFTL_Cluster_DTRIM/CDTRIM/Build/CDTRIM/system_hw_platform_0/ps7_init.tcl' is done.
20:25:28 INFO  : Context for 'APU' is selected.
20:25:28 INFO  : System reset is completed.
20:25:31 INFO  : 'after 3000' command is executed.
20:25:31 INFO  : 'targets -set -filter {jtag_cable_name =~ "Digilent JTAG-SMT2 210251A543E7" && level==0} -index 1' command is executed.
20:25:39 INFO  : FPGA configured successfully with bitstream "C:/COSMOS_KJH/CosmosPlus_DFTL_Cluster_DTRIM/CDTRIM/Build/CDTRIM/system_hw_platform_0/OpenSSD2.bit"
20:25:39 INFO  : Context for 'APU' is selected.
20:25:39 INFO  : Hardware design information is loaded from 'C:/COSMOS_KJH/CosmosPlus_DFTL_Cluster_DTRIM/CDTRIM/Build/CDTRIM/system_hw_platform_0/system.hdf'.
20:25:39 INFO  : 'configparams force-mem-access 1' command is executed.
20:25:39 INFO  : Context for 'APU' is selected.
20:25:39 INFO  : 'ps7_init' command is executed.
20:25:39 INFO  : 'ps7_post_config' command is executed.
20:25:39 INFO  : Context for processor 'ps7_cortexa9_0' is selected.
20:25:40 INFO  : The application 'C:/COSMOS_KJH/CosmosPlus_DFTL_Cluster_DTRIM/CDTRIM/Build/CDTRIM/CDTRIM/Debug/CDTRIM.elf' is downloaded to processor 'ps7_cortexa9_0'.
20:25:40 INFO  : 'configparams force-mem-access 0' command is executed.
20:25:40 INFO  : ----------------XSDB Script----------------
connect -url tcp:127.0.0.1:3121
source C:/COSMOS_KJH/CosmosPlus_DFTL_Cluster_DTRIM/CDTRIM/Build/CDTRIM/system_hw_platform_0/ps7_init.tcl
targets -set -nocase -filter {name =~"APU*" && jtag_cable_name =~ "Digilent JTAG-SMT2 210251A543E7"} -index 0
rst -system
after 3000
targets -set -filter {jtag_cable_name =~ "Digilent JTAG-SMT2 210251A543E7" && level==0} -index 1
fpga -file C:/COSMOS_KJH/CosmosPlus_DFTL_Cluster_DTRIM/CDTRIM/Build/CDTRIM/system_hw_platform_0/OpenSSD2.bit
targets -set -nocase -filter {name =~"APU*" && jtag_cable_name =~ "Digilent JTAG-SMT2 210251A543E7"} -index 0
loadhw -hw C:/COSMOS_KJH/CosmosPlus_DFTL_Cluster_DTRIM/CDTRIM/Build/CDTRIM/system_hw_platform_0/system.hdf -mem-ranges [list {0x40000000 0xbfffffff}]
configparams force-mem-access 1
targets -set -nocase -filter {name =~"APU*" && jtag_cable_name =~ "Digilent JTAG-SMT2 210251A543E7"} -index 0
ps7_init
ps7_post_config
targets -set -nocase -filter {name =~ "ARM*#0" && jtag_cable_name =~ "Digilent JTAG-SMT2 210251A543E7"} -index 0
dow C:/COSMOS_KJH/CosmosPlus_DFTL_Cluster_DTRIM/CDTRIM/Build/CDTRIM/CDTRIM/Debug/CDTRIM.elf
configparams force-mem-access 0
----------------End of Script----------------

20:25:40 INFO  : Memory regions updated for context APU
20:25:40 INFO  : Context for processor 'ps7_cortexa9_0' is selected.
20:25:40 INFO  : 'con' command is executed.
20:25:40 INFO  : ----------------XSDB Script (After Launch)----------------
targets -set -nocase -filter {name =~ "ARM*#0" && jtag_cable_name =~ "Digilent JTAG-SMT2 210251A543E7"} -index 0
con
----------------End of Script----------------

20:25:40 INFO  : Launch script is exported to file 'C:\COSMOS_KJH\CosmosPlus_DFTL_Cluster_DTRIM\CDTRIM\Build\CDTRIM\.sdk\launch_scripts\xilinx_c-c++_application_(system_debugger)\system_debugger_using_debug_cdtrim.elf_on_local.tcl'
22:05:26 INFO  : Disconnected from the channel tcfchan#20.
22:05:27 INFO  : Connected to target on host '127.0.0.1' and port '3121'.
22:05:27 INFO  : Jtag cable 'Digilent JTAG-SMT2 210251A543E7' is selected.
22:05:27 INFO  : 'jtag frequency' command is executed.
22:05:27 INFO  : Sourcing of 'C:/COSMOS_KJH/CosmosPlus_DFTL_Cluster_DTRIM/CDTRIM/Build/CDTRIM/system_hw_platform_0/ps7_init.tcl' is done.
22:05:27 INFO  : Context for 'APU' is selected.
22:05:27 INFO  : System reset is completed.
22:05:30 INFO  : 'after 3000' command is executed.
22:05:30 INFO  : 'targets -set -filter {jtag_cable_name =~ "Digilent JTAG-SMT2 210251A543E7" && level==0} -index 1' command is executed.
22:05:38 INFO  : FPGA configured successfully with bitstream "C:/COSMOS_KJH/CosmosPlus_DFTL_Cluster_DTRIM/CDTRIM/Build/CDTRIM/system_hw_platform_0/OpenSSD2.bit"
22:05:38 INFO  : Context for 'APU' is selected.
22:05:38 INFO  : Hardware design information is loaded from 'C:/COSMOS_KJH/CosmosPlus_DFTL_Cluster_DTRIM/CDTRIM/Build/CDTRIM/system_hw_platform_0/system.hdf'.
22:05:38 INFO  : 'configparams force-mem-access 1' command is executed.
22:05:38 INFO  : Context for 'APU' is selected.
22:05:38 INFO  : 'ps7_init' command is executed.
22:05:38 INFO  : 'ps7_post_config' command is executed.
22:05:38 INFO  : Context for processor 'ps7_cortexa9_0' is selected.
22:05:39 INFO  : The application 'C:/COSMOS_KJH/CosmosPlus_DFTL_Cluster_DTRIM/CDTRIM/Build/CDTRIM/CDTRIM/Debug/CDTRIM.elf' is downloaded to processor 'ps7_cortexa9_0'.
22:05:39 INFO  : 'configparams force-mem-access 0' command is executed.
22:05:39 INFO  : ----------------XSDB Script----------------
connect -url tcp:127.0.0.1:3121
source C:/COSMOS_KJH/CosmosPlus_DFTL_Cluster_DTRIM/CDTRIM/Build/CDTRIM/system_hw_platform_0/ps7_init.tcl
targets -set -nocase -filter {name =~"APU*" && jtag_cable_name =~ "Digilent JTAG-SMT2 210251A543E7"} -index 0
rst -system
after 3000
targets -set -filter {jtag_cable_name =~ "Digilent JTAG-SMT2 210251A543E7" && level==0} -index 1
fpga -file C:/COSMOS_KJH/CosmosPlus_DFTL_Cluster_DTRIM/CDTRIM/Build/CDTRIM/system_hw_platform_0/OpenSSD2.bit
targets -set -nocase -filter {name =~"APU*" && jtag_cable_name =~ "Digilent JTAG-SMT2 210251A543E7"} -index 0
loadhw -hw C:/COSMOS_KJH/CosmosPlus_DFTL_Cluster_DTRIM/CDTRIM/Build/CDTRIM/system_hw_platform_0/system.hdf -mem-ranges [list {0x40000000 0xbfffffff}]
configparams force-mem-access 1
targets -set -nocase -filter {name =~"APU*" && jtag_cable_name =~ "Digilent JTAG-SMT2 210251A543E7"} -index 0
ps7_init
ps7_post_config
targets -set -nocase -filter {name =~ "ARM*#0" && jtag_cable_name =~ "Digilent JTAG-SMT2 210251A543E7"} -index 0
dow C:/COSMOS_KJH/CosmosPlus_DFTL_Cluster_DTRIM/CDTRIM/Build/CDTRIM/CDTRIM/Debug/CDTRIM.elf
configparams force-mem-access 0
----------------End of Script----------------

22:05:39 INFO  : Memory regions updated for context APU
22:05:39 INFO  : Context for processor 'ps7_cortexa9_0' is selected.
22:05:39 INFO  : 'con' command is executed.
22:05:39 INFO  : ----------------XSDB Script (After Launch)----------------
targets -set -nocase -filter {name =~ "ARM*#0" && jtag_cable_name =~ "Digilent JTAG-SMT2 210251A543E7"} -index 0
con
----------------End of Script----------------

22:05:39 INFO  : Launch script is exported to file 'C:\COSMOS_KJH\CosmosPlus_DFTL_Cluster_DTRIM\CDTRIM\Build\CDTRIM\.sdk\launch_scripts\xilinx_c-c++_application_(system_debugger)\system_debugger_using_debug_cdtrim.elf_on_local.tcl'
22:38:05 INFO  : Disconnected from the channel tcfchan#21.
22:38:06 INFO  : Connected to target on host '127.0.0.1' and port '3121'.
22:38:23 INFO  : Jtag cable 'Digilent JTAG-SMT2 210251A543E7' is selected.
22:38:23 INFO  : 'jtag frequency' command is executed.
22:38:23 INFO  : Sourcing of 'C:/COSMOS_KJH/CosmosPlus_DFTL_Cluster_DTRIM/CDTRIM/Build/CDTRIM/system_hw_platform_0/ps7_init.tcl' is done.
22:38:23 INFO  : Context for 'APU' is selected.
22:38:23 INFO  : System reset is completed.
22:38:26 INFO  : 'after 3000' command is executed.
22:38:27 INFO  : 'targets -set -filter {jtag_cable_name =~ "Digilent JTAG-SMT2 210251A543E7" && level==0} -index 1' command is executed.
22:38:28 ERROR : 'fpga -file C:/COSMOS_KJH/CosmosPlus_DFTL_Cluster_DTRIM/CDTRIM/Build/CDTRIM/system_hw_platform_0/OpenSSD2.bit' is cancelled.
22:38:28 INFO  : Issued abort command to xsdb.
22:38:28 ERROR : Exception occured while running Program FPGA.
java.lang.RuntimeException: 'fpga -file C:/COSMOS_KJH/CosmosPlus_DFTL_Cluster_DTRIM/CDTRIM/Build/CDTRIM/system_hw_platform_0/OpenSSD2.bit' is cancelled.
22:38:28 INFO  : ----------------XSDB Script----------------
connect -url tcp:127.0.0.1:3121
source C:/COSMOS_KJH/CosmosPlus_DFTL_Cluster_DTRIM/CDTRIM/Build/CDTRIM/system_hw_platform_0/ps7_init.tcl
targets -set -nocase -filter {name =~"APU*" && jtag_cable_name =~ "Digilent JTAG-SMT2 210251A543E7"} -index 0
rst -system
after 3000
----------------End of Script----------------

22:38:40 INFO  : Connected to target on host '127.0.0.1' and port '3121'.
22:38:41 INFO  : Jtag cable 'Digilent JTAG-SMT2 210251A543E7' is selected.
22:38:41 INFO  : 'jtag frequency' command is executed.
22:38:41 INFO  : Sourcing of 'C:/COSMOS_KJH/CosmosPlus_DFTL_Cluster_DTRIM/CDTRIM/Build/CDTRIM/system_hw_platform_0/ps7_init.tcl' is done.
22:38:41 INFO  : Context for 'APU' is selected.
22:38:41 INFO  : System reset is completed.
22:38:44 INFO  : 'after 3000' command is executed.
22:38:44 INFO  : 'targets -set -filter {jtag_cable_name =~ "Digilent JTAG-SMT2 210251A543E7" && level==0} -index 1' command is executed.
22:38:52 INFO  : FPGA configured successfully with bitstream "C:/COSMOS_KJH/CosmosPlus_DFTL_Cluster_DTRIM/CDTRIM/Build/CDTRIM/system_hw_platform_0/OpenSSD2.bit"
22:38:52 INFO  : Context for 'APU' is selected.
22:38:52 INFO  : Hardware design information is loaded from 'C:/COSMOS_KJH/CosmosPlus_DFTL_Cluster_DTRIM/CDTRIM/Build/CDTRIM/system_hw_platform_0/system.hdf'.
22:38:52 INFO  : 'configparams force-mem-access 1' command is executed.
22:38:52 INFO  : Context for 'APU' is selected.
22:38:52 INFO  : 'ps7_init' command is executed.
22:38:52 INFO  : 'ps7_post_config' command is executed.
22:38:52 INFO  : Context for processor 'ps7_cortexa9_0' is selected.
22:38:53 INFO  : The application 'C:/COSMOS_KJH/CosmosPlus_DFTL_Cluster_DTRIM/CDTRIM/Build/CDTRIM/CDTRIM/Debug/CDTRIM.elf' is downloaded to processor 'ps7_cortexa9_0'.
22:38:53 INFO  : 'configparams force-mem-access 0' command is executed.
22:38:53 INFO  : ----------------XSDB Script----------------
connect -url tcp:127.0.0.1:3121
source C:/COSMOS_KJH/CosmosPlus_DFTL_Cluster_DTRIM/CDTRIM/Build/CDTRIM/system_hw_platform_0/ps7_init.tcl
targets -set -nocase -filter {name =~"APU*" && jtag_cable_name =~ "Digilent JTAG-SMT2 210251A543E7"} -index 0
rst -system
after 3000
targets -set -filter {jtag_cable_name =~ "Digilent JTAG-SMT2 210251A543E7" && level==0} -index 1
fpga -file C:/COSMOS_KJH/CosmosPlus_DFTL_Cluster_DTRIM/CDTRIM/Build/CDTRIM/system_hw_platform_0/OpenSSD2.bit
targets -set -nocase -filter {name =~"APU*" && jtag_cable_name =~ "Digilent JTAG-SMT2 210251A543E7"} -index 0
loadhw -hw C:/COSMOS_KJH/CosmosPlus_DFTL_Cluster_DTRIM/CDTRIM/Build/CDTRIM/system_hw_platform_0/system.hdf -mem-ranges [list {0x40000000 0xbfffffff}]
configparams force-mem-access 1
targets -set -nocase -filter {name =~"APU*" && jtag_cable_name =~ "Digilent JTAG-SMT2 210251A543E7"} -index 0
ps7_init
ps7_post_config
targets -set -nocase -filter {name =~ "ARM*#0" && jtag_cable_name =~ "Digilent JTAG-SMT2 210251A543E7"} -index 0
dow C:/COSMOS_KJH/CosmosPlus_DFTL_Cluster_DTRIM/CDTRIM/Build/CDTRIM/CDTRIM/Debug/CDTRIM.elf
configparams force-mem-access 0
----------------End of Script----------------

22:38:53 INFO  : Memory regions updated for context APU
22:38:53 INFO  : Context for processor 'ps7_cortexa9_0' is selected.
22:38:53 INFO  : 'con' command is executed.
22:38:53 INFO  : ----------------XSDB Script (After Launch)----------------
targets -set -nocase -filter {name =~ "ARM*#0" && jtag_cable_name =~ "Digilent JTAG-SMT2 210251A543E7"} -index 0
con
----------------End of Script----------------

22:38:53 INFO  : Launch script is exported to file 'C:\COSMOS_KJH\CosmosPlus_DFTL_Cluster_DTRIM\CDTRIM\Build\CDTRIM\.sdk\launch_scripts\xilinx_c-c++_application_(system_debugger)\system_debugger_using_debug_cdtrim.elf_on_local.tcl'
00:09:15 INFO  : Disconnected from the channel tcfchan#22.
00:09:16 INFO  : Connected to target on host '127.0.0.1' and port '3121'.
00:09:16 INFO  : Jtag cable 'Digilent JTAG-SMT2 210251A543E7' is selected.
00:09:16 INFO  : 'jtag frequency' command is executed.
00:09:16 INFO  : Sourcing of 'C:/COSMOS_KJH/CosmosPlus_DFTL_Cluster_DTRIM/CDTRIM/Build/CDTRIM/system_hw_platform_0/ps7_init.tcl' is done.
00:09:16 INFO  : Context for 'APU' is selected.
00:09:17 INFO  : System reset is completed.
00:09:20 INFO  : 'after 3000' command is executed.
00:09:20 INFO  : 'targets -set -filter {jtag_cable_name =~ "Digilent JTAG-SMT2 210251A543E7" && level==0} -index 1' command is executed.
00:09:27 INFO  : FPGA configured successfully with bitstream "C:/COSMOS_KJH/CosmosPlus_DFTL_Cluster_DTRIM/CDTRIM/Build/CDTRIM/system_hw_platform_0/OpenSSD2.bit"
00:09:27 INFO  : Context for 'APU' is selected.
00:09:27 INFO  : Hardware design information is loaded from 'C:/COSMOS_KJH/CosmosPlus_DFTL_Cluster_DTRIM/CDTRIM/Build/CDTRIM/system_hw_platform_0/system.hdf'.
00:09:27 INFO  : 'configparams force-mem-access 1' command is executed.
00:09:27 INFO  : Context for 'APU' is selected.
00:09:28 INFO  : 'ps7_init' command is executed.
00:09:28 INFO  : 'ps7_post_config' command is executed.
00:09:28 INFO  : Context for processor 'ps7_cortexa9_0' is selected.
00:09:28 INFO  : The application 'C:/COSMOS_KJH/CosmosPlus_DFTL_Cluster_DTRIM/CDTRIM/Build/CDTRIM/CDTRIM/Debug/CDTRIM.elf' is downloaded to processor 'ps7_cortexa9_0'.
00:09:28 INFO  : 'configparams force-mem-access 0' command is executed.
00:09:28 INFO  : ----------------XSDB Script----------------
connect -url tcp:127.0.0.1:3121
source C:/COSMOS_KJH/CosmosPlus_DFTL_Cluster_DTRIM/CDTRIM/Build/CDTRIM/system_hw_platform_0/ps7_init.tcl
targets -set -nocase -filter {name =~"APU*" && jtag_cable_name =~ "Digilent JTAG-SMT2 210251A543E7"} -index 0
rst -system
after 3000
targets -set -filter {jtag_cable_name =~ "Digilent JTAG-SMT2 210251A543E7" && level==0} -index 1
fpga -file C:/COSMOS_KJH/CosmosPlus_DFTL_Cluster_DTRIM/CDTRIM/Build/CDTRIM/system_hw_platform_0/OpenSSD2.bit
targets -set -nocase -filter {name =~"APU*" && jtag_cable_name =~ "Digilent JTAG-SMT2 210251A543E7"} -index 0
loadhw -hw C:/COSMOS_KJH/CosmosPlus_DFTL_Cluster_DTRIM/CDTRIM/Build/CDTRIM/system_hw_platform_0/system.hdf -mem-ranges [list {0x40000000 0xbfffffff}]
configparams force-mem-access 1
targets -set -nocase -filter {name =~"APU*" && jtag_cable_name =~ "Digilent JTAG-SMT2 210251A543E7"} -index 0
ps7_init
ps7_post_config
targets -set -nocase -filter {name =~ "ARM*#0" && jtag_cable_name =~ "Digilent JTAG-SMT2 210251A543E7"} -index 0
dow C:/COSMOS_KJH/CosmosPlus_DFTL_Cluster_DTRIM/CDTRIM/Build/CDTRIM/CDTRIM/Debug/CDTRIM.elf
configparams force-mem-access 0
----------------End of Script----------------

00:09:28 INFO  : Memory regions updated for context APU
00:09:29 INFO  : Context for processor 'ps7_cortexa9_0' is selected.
00:09:29 INFO  : 'con' command is executed.
00:09:29 INFO  : ----------------XSDB Script (After Launch)----------------
targets -set -nocase -filter {name =~ "ARM*#0" && jtag_cable_name =~ "Digilent JTAG-SMT2 210251A543E7"} -index 0
con
----------------End of Script----------------

00:09:29 INFO  : Launch script is exported to file 'C:\COSMOS_KJH\CosmosPlus_DFTL_Cluster_DTRIM\CDTRIM\Build\CDTRIM\.sdk\launch_scripts\xilinx_c-c++_application_(system_debugger)\system_debugger_using_debug_cdtrim.elf_on_local.tcl'
