11:05:16 **** Auto Build of configuration Debug for project STRIPE_FTL ****
make pre-build main-build 
a9-linaro-pre-build-step
' '
'Building file: C:/COSMOS_KJH/CosmosPlus_DFTL_Striping/StripeFTL/ftl/dftl/dftl_block.cpp'
'Invoking: ARM v7 g++ compiler'
arm-none-eabi-g++ -DDFTL=1 -DCOSMOS_PLUS=1 -Wall -O0 -g3 -I../../STRIPE_FTL_bsp/ps7_cortexa9_0/include -I../../../../common -I../../../../fil -I../../../../ftl -I../../../../ftl/dftl -I../../../../hil -I../../../../hil/nvme -I../../../../target -I../../../../target/cosmos_plus -c -fmessage-length=0 -MT"src/ftl/dftl/dftl_block.o" -mcpu=cortex-a9 -mfpu=vfpv3 -mfloat-abi=hard -MMD -MP -MF"src/ftl/dftl/dftl_block.d" -MT"src/ftl/dftl/dftl_block.o" -o "src/ftl/dftl/dftl_block.o" "C:/COSMOS_KJH/CosmosPlus_DFTL_Striping/StripeFTL/ftl/dftl/dftl_block.cpp"
In file included from C:/COSMOS_KJH/CosmosPlus_DFTL_Striping/StripeFTL/ftl/dftl/dftl_internal.h:61,
                 from C:/COSMOS_KJH/CosmosPlus_DFTL_Striping/StripeFTL/ftl/dftl/dftl_block.cpp:17:
C:/COSMOS_KJH/CosmosPlus_DFTL_Striping/StripeFTL/ftl/dftl/dftl_profile.h:60:15: warning: 'DFTL_profile' defined but not used [-Wunused-variable]
 static UINT32 DFTL_profile[Prof_Total_Num];
               ^~~~~~~~~~~~
'Finished building: C:/COSMOS_KJH/CosmosPlus_DFTL_Striping/StripeFTL/ftl/dftl/dftl_block.cpp'
' '
'Building target: STRIPE_FTL.elf'
'Invoking: ARM v7 g++ linker'
arm-none-eabi-g++ -mcpu=cortex-a9 -mfpu=vfpv3 -mfloat-abi=hard -Wl,-build-id=none -specs=Xilinx.spec -Wl,-T -Wl,../src/lscript.ld -L../../STRIPE_FTL_bsp/ps7_cortexa9_0/lib -o "STRIPE_FTL.elf"  ./src/target/cosmos_plus/cosmos_plus_system.o  ./src/target/main.o ./src/target/osal.o  ./src/hil/nvme/host_lld.o ./src/hil/nvme/nvme_admin_cmd.o ./src/hil/nvme/nvme_identify.o ./src/hil/nvme/nvme_io_cmd.o ./src/hil/nvme/nvme_main.o  ./src/hil/hil.o  ./src/ftl/dftl/dftl_activeblock.o ./src/ftl/dftl/dftl_block.o ./src/ftl/dftl/dftl_bufferpool.o ./src/ftl/dftl/dftl_external_interface.o ./src/ftl/dftl/dftl_garbagecollector.o ./src/ftl/dftl/dftl_global.o ./src/ftl/dftl/dftl_hdma.o ./src/ftl/dftl/dftl_meta.o ./src/ftl/dftl/dftl_profile.o ./src/ftl/dftl/dftl_request.o ./src/ftl/dftl/dftl_request_gc.o ./src/ftl/dftl/dftl_request_hil.o ./src/ftl/dftl/dftl_request_meta.o ./src/ftl/dftl/dftl_vnand.o  ./src/ftl/template.o ./src/ftl/template_cpp.o  ./src/fil/fil.o ./src/fil/fil_nand.o ./src/fil/fil_request.o ./src/fil/nsc_driver.o  ./src/common/list.o ./src/common/random.o ./src/common/statistics.o ./src/common/util.o   -Wl,--start-group,-lxil,-lgcc,-lc,-lstdc++,--end-group
'Finished building target: STRIPE_FTL.elf'
' '
'Invoking: ARM v7 Print Size'
arm-none-eabi-size STRIPE_FTL.elf  |tee "STRIPE_FTL.elf.size"
   text	   data	    bss	    dec	    hex	filename
 226116	   5000	  27660	 258776	  3f2d8	STRIPE_FTL.elf
'Finished building: STRIPE_FTL.elf.size'
' '

11:05:18 Build Finished (took 1s.711ms)

