13:10:14 INFO  : Registering command handlers for SDK TCF services
13:10:15 INFO  : Launching XSCT server: xsct.bat -interactive C:\COSMOS_KJH\CosmosPlus_Cluster\CosmosPlus_DFTL_Cluster_DTRIM_Cache\CDTRIM\Build\CDTRIM\temp_xsdb_launch_script.tcl
13:10:17 INFO  : XSCT server has started successfully.
13:10:17 INFO  : Successfully done setting XSCT server connection channel  
13:10:17 INFO  : Successfully done setting SDK workspace  
13:10:41 INFO  : Project 'system_hw_platform_0' created. You can now create BSPs and application projects targeting this hardware platform.
11:44:52 INFO  : Registering command handlers for SDK TCF services
11:44:53 INFO  : Launching XSCT server: xsct.bat -interactive C:\COSMOS_KJH\CosmosPlus_Cluster\CosmosPlus_DFTL_Cluster_DTRIM\CDTRIM\Build\CDTRIM\temp_xsdb_launch_script.tcl
11:44:55 INFO  : XSCT server has started successfully.
11:44:55 INFO  : Successfully done setting XSCT server connection channel  
11:44:56 INFO  : Successfully done setting SDK workspace  
11:47:43 INFO  : Connected to target on host '127.0.0.1' and port '3121'.
11:47:44 INFO  : Jtag cable 'Digilent JTAG-SMT2 210251A543E7' is selected.
11:47:44 INFO  : 'jtag frequency' command is executed.
11:47:44 INFO  : Sourcing of 'C:/COSMOS_KJH/CosmosPlus_Cluster/CosmosPlus_DFTL_Cluster_DTRIM/CDTRIM/Build/CDTRIM/system_hw_platform_0/ps7_init.tcl' is done.
11:47:44 INFO  : Context for 'APU' is selected.
11:47:44 INFO  : System reset is completed.
11:47:47 INFO  : 'after 3000' command is executed.
11:47:47 INFO  : 'targets -set -filter {jtag_cable_name =~ "Digilent JTAG-SMT2 210251A543E7" && level==0} -index 1' command is executed.
11:47:55 INFO  : FPGA configured successfully with bitstream "C:/COSMOS_KJH/CosmosPlus_Cluster/CosmosPlus_DFTL_Cluster_DTRIM/CDTRIM/Build/CDTRIM/system_hw_platform_0/OpenSSD2.bit"
11:47:55 INFO  : Context for 'APU' is selected.
11:47:55 INFO  : Hardware design information is loaded from 'C:/COSMOS_KJH/CosmosPlus_Cluster/CosmosPlus_DFTL_Cluster_DTRIM/CDTRIM/Build/CDTRIM/system_hw_platform_0/system.hdf'.
11:47:55 INFO  : 'configparams force-mem-access 1' command is executed.
11:47:55 INFO  : Context for 'APU' is selected.
11:47:55 INFO  : 'ps7_init' command is executed.
11:47:55 INFO  : 'ps7_post_config' command is executed.
11:47:55 INFO  : Context for processor 'ps7_cortexa9_0' is selected.
11:47:56 INFO  : The application 'C:/COSMOS_KJH/CosmosPlus_Cluster/CosmosPlus_DFTL_Cluster_DTRIM/CDTRIM/Build/CDTRIM/CDTRIM_CACHE/Debug/CDTRIM_CACHE.elf' is downloaded to processor 'ps7_cortexa9_0'.
11:47:56 INFO  : 'configparams force-mem-access 0' command is executed.
11:47:56 INFO  : ----------------XSDB Script----------------
connect -url tcp:127.0.0.1:3121
source C:/COSMOS_KJH/CosmosPlus_Cluster/CosmosPlus_DFTL_Cluster_DTRIM/CDTRIM/Build/CDTRIM/system_hw_platform_0/ps7_init.tcl
targets -set -nocase -filter {name =~"APU*" && jtag_cable_name =~ "Digilent JTAG-SMT2 210251A543E7"} -index 0
rst -system
after 3000
targets -set -filter {jtag_cable_name =~ "Digilent JTAG-SMT2 210251A543E7" && level==0} -index 1
fpga -file C:/COSMOS_KJH/CosmosPlus_Cluster/CosmosPlus_DFTL_Cluster_DTRIM/CDTRIM/Build/CDTRIM/system_hw_platform_0/OpenSSD2.bit
targets -set -nocase -filter {name =~"APU*" && jtag_cable_name =~ "Digilent JTAG-SMT2 210251A543E7"} -index 0
loadhw -hw C:/COSMOS_KJH/CosmosPlus_Cluster/CosmosPlus_DFTL_Cluster_DTRIM/CDTRIM/Build/CDTRIM/system_hw_platform_0/system.hdf -mem-ranges [list {0x40000000 0xbfffffff}]
configparams force-mem-access 1
targets -set -nocase -filter {name =~"APU*" && jtag_cable_name =~ "Digilent JTAG-SMT2 210251A543E7"} -index 0
ps7_init
ps7_post_config
targets -set -nocase -filter {name =~ "ARM*#0" && jtag_cable_name =~ "Digilent JTAG-SMT2 210251A543E7"} -index 0
dow C:/COSMOS_KJH/CosmosPlus_Cluster/CosmosPlus_DFTL_Cluster_DTRIM/CDTRIM/Build/CDTRIM/CDTRIM_CACHE/Debug/CDTRIM_CACHE.elf
configparams force-mem-access 0
----------------End of Script----------------

11:47:56 INFO  : Memory regions updated for context APU
11:47:56 INFO  : Context for processor 'ps7_cortexa9_0' is selected.
11:47:56 INFO  : 'con' command is executed.
11:47:56 INFO  : ----------------XSDB Script (After Launch)----------------
targets -set -nocase -filter {name =~ "ARM*#0" && jtag_cable_name =~ "Digilent JTAG-SMT2 210251A543E7"} -index 0
con
----------------End of Script----------------

11:47:56 INFO  : Launch script is exported to file 'C:\COSMOS_KJH\CosmosPlus_Cluster\CosmosPlus_DFTL_Cluster_DTRIM\CDTRIM\Build\CDTRIM\.sdk\launch_scripts\xilinx_c-c++_application_(system_debugger)\system_debugger_using_debug_cdtrim_cache.elf_on_local.tcl'
17:41:32 INFO  : Disconnected from the channel tcfchan#1.
19:15:24 INFO  : Registering command handlers for SDK TCF services
19:15:25 INFO  : Launching XSCT server: xsct.bat -interactive C:\COSMOS_KJH\CosmosPlus_Cluster\CosmosPlus_DFTL_Cluster_DTRIM\CDTRIM\Build\CDTRIM\temp_xsdb_launch_script.tcl
19:15:29 INFO  : XSCT server has started successfully.
19:15:29 INFO  : Successfully done setting XSCT server connection channel  
19:15:33 INFO  : Successfully done setting SDK workspace  
19:37:07 INFO  : Connected to target on host '127.0.0.1' and port '3121'.
19:37:08 INFO  : Jtag cable 'Digilent JTAG-SMT2 210251A543E7' is selected.
19:37:08 INFO  : 'jtag frequency' command is executed.
19:37:08 INFO  : Sourcing of 'C:/COSMOS_KJH/CosmosPlus_Cluster/CosmosPlus_DFTL_Cluster_DTRIM/CDTRIM/Build/CDTRIM/system_hw_platform_0/ps7_init.tcl' is done.
19:37:08 INFO  : Context for 'APU' is selected.
19:37:08 INFO  : System reset is completed.
19:37:11 INFO  : 'after 3000' command is executed.
19:37:11 INFO  : 'targets -set -filter {jtag_cable_name =~ "Digilent JTAG-SMT2 210251A543E7" && level==0} -index 1' command is executed.
19:37:18 INFO  : FPGA configured successfully with bitstream "C:/COSMOS_KJH/CosmosPlus_Cluster/CosmosPlus_DFTL_Cluster_DTRIM/CDTRIM/Build/CDTRIM/system_hw_platform_0/OpenSSD2.bit"
19:37:19 INFO  : Context for 'APU' is selected.
19:37:19 INFO  : Hardware design information is loaded from 'C:/COSMOS_KJH/CosmosPlus_Cluster/CosmosPlus_DFTL_Cluster_DTRIM/CDTRIM/Build/CDTRIM/system_hw_platform_0/system.hdf'.
19:37:19 INFO  : 'configparams force-mem-access 1' command is executed.
19:37:19 INFO  : Context for 'APU' is selected.
19:37:19 INFO  : 'ps7_init' command is executed.
19:37:19 INFO  : 'ps7_post_config' command is executed.
19:37:19 INFO  : Context for processor 'ps7_cortexa9_0' is selected.
19:37:19 INFO  : The application 'C:/COSMOS_KJH/CosmosPlus_Cluster/CosmosPlus_DFTL_Cluster_DTRIM/CDTRIM/Build/CDTRIM/CDTRIM_CACHE/Debug/CDTRIM_CACHE.elf' is downloaded to processor 'ps7_cortexa9_0'.
19:37:19 INFO  : 'configparams force-mem-access 0' command is executed.
19:37:19 INFO  : ----------------XSDB Script----------------
connect -url tcp:127.0.0.1:3121
source C:/COSMOS_KJH/CosmosPlus_Cluster/CosmosPlus_DFTL_Cluster_DTRIM/CDTRIM/Build/CDTRIM/system_hw_platform_0/ps7_init.tcl
targets -set -nocase -filter {name =~"APU*" && jtag_cable_name =~ "Digilent JTAG-SMT2 210251A543E7"} -index 0
rst -system
after 3000
targets -set -filter {jtag_cable_name =~ "Digilent JTAG-SMT2 210251A543E7" && level==0} -index 1
fpga -file C:/COSMOS_KJH/CosmosPlus_Cluster/CosmosPlus_DFTL_Cluster_DTRIM/CDTRIM/Build/CDTRIM/system_hw_platform_0/OpenSSD2.bit
targets -set -nocase -filter {name =~"APU*" && jtag_cable_name =~ "Digilent JTAG-SMT2 210251A543E7"} -index 0
loadhw -hw C:/COSMOS_KJH/CosmosPlus_Cluster/CosmosPlus_DFTL_Cluster_DTRIM/CDTRIM/Build/CDTRIM/system_hw_platform_0/system.hdf -mem-ranges [list {0x40000000 0xbfffffff}]
configparams force-mem-access 1
targets -set -nocase -filter {name =~"APU*" && jtag_cable_name =~ "Digilent JTAG-SMT2 210251A543E7"} -index 0
ps7_init
ps7_post_config
targets -set -nocase -filter {name =~ "ARM*#0" && jtag_cable_name =~ "Digilent JTAG-SMT2 210251A543E7"} -index 0
dow C:/COSMOS_KJH/CosmosPlus_Cluster/CosmosPlus_DFTL_Cluster_DTRIM/CDTRIM/Build/CDTRIM/CDTRIM_CACHE/Debug/CDTRIM_CACHE.elf
configparams force-mem-access 0
----------------End of Script----------------

19:37:20 INFO  : Memory regions updated for context APU
19:37:20 INFO  : Context for processor 'ps7_cortexa9_0' is selected.
19:37:20 INFO  : 'con' command is executed.
19:37:20 INFO  : ----------------XSDB Script (After Launch)----------------
targets -set -nocase -filter {name =~ "ARM*#0" && jtag_cable_name =~ "Digilent JTAG-SMT2 210251A543E7"} -index 0
con
----------------End of Script----------------

19:37:20 INFO  : Launch script is exported to file 'C:\COSMOS_KJH\CosmosPlus_Cluster\CosmosPlus_DFTL_Cluster_DTRIM\CDTRIM\Build\CDTRIM\.sdk\launch_scripts\xilinx_c-c++_application_(system_debugger)\system_debugger_using_debug_cdtrim_cache.elf_on_local.tcl'
20:07:42 INFO  : Disconnected from the channel tcfchan#1.
20:07:43 INFO  : Connected to target on host '127.0.0.1' and port '3121'.
20:07:43 INFO  : Jtag cable 'Digilent JTAG-SMT2 210251A543E7' is selected.
20:07:43 INFO  : 'jtag frequency' command is executed.
20:07:43 INFO  : Sourcing of 'C:/COSMOS_KJH/CosmosPlus_Cluster/CosmosPlus_DFTL_Cluster_DTRIM/CDTRIM/Build/CDTRIM/system_hw_platform_0/ps7_init.tcl' is done.
20:07:43 INFO  : Context for 'APU' is selected.
20:07:43 INFO  : System reset is completed.
20:07:46 INFO  : 'after 3000' command is executed.
20:07:47 INFO  : 'targets -set -filter {jtag_cable_name =~ "Digilent JTAG-SMT2 210251A543E7" && level==0} -index 1' command is executed.
20:07:54 INFO  : FPGA configured successfully with bitstream "C:/COSMOS_KJH/CosmosPlus_Cluster/CosmosPlus_DFTL_Cluster_DTRIM/CDTRIM/Build/CDTRIM/system_hw_platform_0/OpenSSD2.bit"
20:07:54 INFO  : Context for 'APU' is selected.
20:07:59 INFO  : Hardware design information is loaded from 'C:/COSMOS_KJH/CosmosPlus_Cluster/CosmosPlus_DFTL_Cluster_DTRIM/CDTRIM/Build/CDTRIM/system_hw_platform_0/system.hdf'.
20:07:59 INFO  : 'configparams force-mem-access 1' command is executed.
20:07:59 INFO  : Context for 'APU' is selected.
20:08:00 INFO  : 'ps7_init' command is executed.
20:08:00 INFO  : 'ps7_post_config' command is executed.
20:08:00 INFO  : Context for processor 'ps7_cortexa9_0' is selected.
20:08:00 INFO  : The application 'C:/COSMOS_KJH/CosmosPlus_Cluster/CosmosPlus_DFTL_Cluster_DTRIM/CDTRIM/Build/CDTRIM/CDTRIM_CACHE/Debug/CDTRIM_CACHE.elf' is downloaded to processor 'ps7_cortexa9_0'.
20:08:00 INFO  : 'configparams force-mem-access 0' command is executed.
20:08:00 INFO  : ----------------XSDB Script----------------
connect -url tcp:127.0.0.1:3121
source C:/COSMOS_KJH/CosmosPlus_Cluster/CosmosPlus_DFTL_Cluster_DTRIM/CDTRIM/Build/CDTRIM/system_hw_platform_0/ps7_init.tcl
targets -set -nocase -filter {name =~"APU*" && jtag_cable_name =~ "Digilent JTAG-SMT2 210251A543E7"} -index 0
rst -system
after 3000
targets -set -filter {jtag_cable_name =~ "Digilent JTAG-SMT2 210251A543E7" && level==0} -index 1
fpga -file C:/COSMOS_KJH/CosmosPlus_Cluster/CosmosPlus_DFTL_Cluster_DTRIM/CDTRIM/Build/CDTRIM/system_hw_platform_0/OpenSSD2.bit
targets -set -nocase -filter {name =~"APU*" && jtag_cable_name =~ "Digilent JTAG-SMT2 210251A543E7"} -index 0
loadhw -hw C:/COSMOS_KJH/CosmosPlus_Cluster/CosmosPlus_DFTL_Cluster_DTRIM/CDTRIM/Build/CDTRIM/system_hw_platform_0/system.hdf -mem-ranges [list {0x40000000 0xbfffffff}]
configparams force-mem-access 1
targets -set -nocase -filter {name =~"APU*" && jtag_cable_name =~ "Digilent JTAG-SMT2 210251A543E7"} -index 0
ps7_init
ps7_post_config
targets -set -nocase -filter {name =~ "ARM*#0" && jtag_cable_name =~ "Digilent JTAG-SMT2 210251A543E7"} -index 0
dow C:/COSMOS_KJH/CosmosPlus_Cluster/CosmosPlus_DFTL_Cluster_DTRIM/CDTRIM/Build/CDTRIM/CDTRIM_CACHE/Debug/CDTRIM_CACHE.elf
configparams force-mem-access 0
----------------End of Script----------------

20:08:00 INFO  : Memory regions updated for context APU
20:08:00 INFO  : Context for processor 'ps7_cortexa9_0' is selected.
20:08:00 INFO  : 'con' command is executed.
20:08:00 INFO  : ----------------XSDB Script (After Launch)----------------
targets -set -nocase -filter {name =~ "ARM*#0" && jtag_cable_name =~ "Digilent JTAG-SMT2 210251A543E7"} -index 0
con
----------------End of Script----------------

20:08:00 INFO  : Launch script is exported to file 'C:\COSMOS_KJH\CosmosPlus_Cluster\CosmosPlus_DFTL_Cluster_DTRIM\CDTRIM\Build\CDTRIM\.sdk\launch_scripts\xilinx_c-c++_application_(system_debugger)\system_debugger_using_debug_cdtrim_cache.elf_on_local.tcl'
20:28:04 INFO  : Disconnected from the channel tcfchan#2.
20:28:05 INFO  : Connected to target on host '127.0.0.1' and port '3121'.
20:28:05 INFO  : Jtag cable 'Digilent JTAG-SMT2 210251A543E7' is selected.
20:28:05 INFO  : 'jtag frequency' command is executed.
20:28:05 INFO  : Sourcing of 'C:/COSMOS_KJH/CosmosPlus_Cluster/CosmosPlus_DFTL_Cluster_DTRIM/CDTRIM/Build/CDTRIM/system_hw_platform_0/ps7_init.tcl' is done.
20:28:05 INFO  : Context for 'APU' is selected.
20:28:05 INFO  : System reset is completed.
20:28:08 INFO  : 'after 3000' command is executed.
20:28:08 INFO  : 'targets -set -filter {jtag_cable_name =~ "Digilent JTAG-SMT2 210251A543E7" && level==0} -index 1' command is executed.
20:28:16 INFO  : FPGA configured successfully with bitstream "C:/COSMOS_KJH/CosmosPlus_Cluster/CosmosPlus_DFTL_Cluster_DTRIM/CDTRIM/Build/CDTRIM/system_hw_platform_0/OpenSSD2.bit"
20:28:16 INFO  : Context for 'APU' is selected.
20:28:21 INFO  : Hardware design information is loaded from 'C:/COSMOS_KJH/CosmosPlus_Cluster/CosmosPlus_DFTL_Cluster_DTRIM/CDTRIM/Build/CDTRIM/system_hw_platform_0/system.hdf'.
20:28:21 INFO  : 'configparams force-mem-access 1' command is executed.
20:28:21 INFO  : Context for 'APU' is selected.
20:28:22 INFO  : 'ps7_init' command is executed.
20:28:22 INFO  : 'ps7_post_config' command is executed.
20:28:22 INFO  : Context for processor 'ps7_cortexa9_0' is selected.
20:28:22 INFO  : The application 'C:/COSMOS_KJH/CosmosPlus_Cluster/CosmosPlus_DFTL_Cluster_DTRIM/CDTRIM/Build/CDTRIM/CDTRIM_CACHE/Debug/CDTRIM_CACHE.elf' is downloaded to processor 'ps7_cortexa9_0'.
20:28:22 INFO  : 'configparams force-mem-access 0' command is executed.
20:28:22 INFO  : ----------------XSDB Script----------------
connect -url tcp:127.0.0.1:3121
source C:/COSMOS_KJH/CosmosPlus_Cluster/CosmosPlus_DFTL_Cluster_DTRIM/CDTRIM/Build/CDTRIM/system_hw_platform_0/ps7_init.tcl
targets -set -nocase -filter {name =~"APU*" && jtag_cable_name =~ "Digilent JTAG-SMT2 210251A543E7"} -index 0
rst -system
after 3000
targets -set -filter {jtag_cable_name =~ "Digilent JTAG-SMT2 210251A543E7" && level==0} -index 1
fpga -file C:/COSMOS_KJH/CosmosPlus_Cluster/CosmosPlus_DFTL_Cluster_DTRIM/CDTRIM/Build/CDTRIM/system_hw_platform_0/OpenSSD2.bit
targets -set -nocase -filter {name =~"APU*" && jtag_cable_name =~ "Digilent JTAG-SMT2 210251A543E7"} -index 0
loadhw -hw C:/COSMOS_KJH/CosmosPlus_Cluster/CosmosPlus_DFTL_Cluster_DTRIM/CDTRIM/Build/CDTRIM/system_hw_platform_0/system.hdf -mem-ranges [list {0x40000000 0xbfffffff}]
configparams force-mem-access 1
targets -set -nocase -filter {name =~"APU*" && jtag_cable_name =~ "Digilent JTAG-SMT2 210251A543E7"} -index 0
ps7_init
ps7_post_config
targets -set -nocase -filter {name =~ "ARM*#0" && jtag_cable_name =~ "Digilent JTAG-SMT2 210251A543E7"} -index 0
dow C:/COSMOS_KJH/CosmosPlus_Cluster/CosmosPlus_DFTL_Cluster_DTRIM/CDTRIM/Build/CDTRIM/CDTRIM_CACHE/Debug/CDTRIM_CACHE.elf
configparams force-mem-access 0
----------------End of Script----------------

20:28:22 INFO  : Memory regions updated for context APU
20:28:22 INFO  : Context for processor 'ps7_cortexa9_0' is selected.
20:28:22 INFO  : 'con' command is executed.
20:28:22 INFO  : ----------------XSDB Script (After Launch)----------------
targets -set -nocase -filter {name =~ "ARM*#0" && jtag_cable_name =~ "Digilent JTAG-SMT2 210251A543E7"} -index 0
con
----------------End of Script----------------

20:28:22 INFO  : Launch script is exported to file 'C:\COSMOS_KJH\CosmosPlus_Cluster\CosmosPlus_DFTL_Cluster_DTRIM\CDTRIM\Build\CDTRIM\.sdk\launch_scripts\xilinx_c-c++_application_(system_debugger)\system_debugger_using_debug_cdtrim_cache.elf_on_local.tcl'
23:32:09 INFO  : Disconnected from the channel tcfchan#3.
10:02:16 INFO  : Registering command handlers for SDK TCF services
10:02:17 INFO  : Launching XSCT server: xsct.bat -interactive C:\COSMOS_KJH\CosmosPlus_Cluster\CosmosPlus_DFTL_Cluster_DTRIM\CDTRIM\Build\CDTRIM\temp_xsdb_launch_script.tcl
10:02:21 INFO  : XSCT server has started successfully.
10:02:26 INFO  : Successfully done setting XSCT server connection channel  
10:02:26 INFO  : Successfully done setting SDK workspace  
15:07:44 INFO  : Registering command handlers for SDK TCF services
15:07:45 INFO  : Launching XSCT server: xsct.bat -interactive C:\COSMOS_KJH\CosmosPlus_Cluster\_CosmosPlus_DFTL_Cluster_DTRIM\CDTRIM\Build\CDTRIM\temp_xsdb_launch_script.tcl
15:07:47 INFO  : XSCT server has started successfully.
15:07:47 INFO  : Successfully done setting XSCT server connection channel  
15:07:47 INFO  : Successfully done setting SDK workspace  
10:04:42 INFO  : Registering command handlers for SDK TCF services
10:04:43 INFO  : Launching XSCT server: xsct.bat -interactive C:\COSMOS_KJH\CosmosPlus_Cluster\_CosmosPlus_DFTL_Cluster_DTRIM\CDTRIM\Build\CDTRIM\temp_xsdb_launch_script.tcl
10:04:45 INFO  : XSCT server has started successfully.
10:04:45 INFO  : Successfully done setting XSCT server connection channel  
10:04:45 INFO  : Successfully done setting SDK workspace  
