#-----------------------------------------------------------
# Webtalk v2019.1 (64-bit)
# SW Build 2552052 on Fri May 24 14:49:42 MDT 2019
# 
# Start of session at: Sat Dec  6 10:25:13 2025
# Process ID: 29396
# Current directory: C:/COSMOS_KJH/CosmosPlus_Cluster/CosmosPlus_DFTL_Cluster/Cluster/Build/Cluster/webtalk
# Command line: wbtcv.exe -mode batch -source sdk_webtalk.tcl
# Log file: C:/COSMOS_KJH/CosmosPlus_Cluster/CosmosPlus_DFTL_Cluster/Cluster/Build/Cluster/webtalk/webtalk.log
# Journal file: C:/COSMOS_KJH/CosmosPlus_Cluster/CosmosPlus_DFTL_Cluster/Cluster/Build/Cluster/webtalk\webtalk.jou
#-----------------------------------------------------------
source sdk_webtalk.tcl
# webtalk_init -webtalk_dir C:\\COSMOS_KJH\\CosmosPlus_Cluster\\CosmosPlus_DFTL_Cluster\\Cluster\\Build\\Cluster\\webtalk
# webtalk_register_client -client project
# webtalk_add_data -client project -key date_generated -value "2025-12-06 10:25:12" -context "software_version_and_target_device"
# webtalk_add_data -client project -key product_version -value "SDK v2019.1" -context "software_version_and_target_device"
# webtalk_add_data -client project -key build_version -value "2019.1" -context "software_version_and_target_device"
# webtalk_add_data -client project -key os_platform -value "amd64" -context "software_version_and_target_device"
# webtalk_add_data -client project -key registration_id -value "212994262_0_0_047" -context "software_version_and_target_device"
# webtalk_add_data -client project -key tool_flow -value "SDK" -context "software_version_and_target_device"
# webtalk_add_data -client project -key beta -value "false" -context "software_version_and_target_device"
# webtalk_add_data -client project -key route_design -value "NA" -context "software_version_and_target_device"
# webtalk_add_data -client project -key target_family -value "NA" -context "software_version_and_target_device"
# webtalk_add_data -client project -key target_device -value "NA" -context "software_version_and_target_device"
# webtalk_add_data -client project -key target_package -value "NA" -context "software_version_and_target_device"
# webtalk_add_data -client project -key target_speed -value "NA" -context "software_version_and_target_device"
# webtalk_add_data -client project -key random_id -value "c5r0vs3a3ksgnoir0mr19bfn8i" -context "software_version_and_target_device"
# webtalk_add_data -client project -key project_id -value "2019.1_47" -context "software_version_and_target_device"
# webtalk_add_data -client project -key project_iteration -value "47" -context "software_version_and_target_device"
# webtalk_add_data -client project -key os_name -value "Microsoft Windows 8 or later , 64-bit" -context "user_environment"
# webtalk_add_data -client project -key os_release -value "major release  (build 9200)" -context "user_environment"
# webtalk_add_data -client project -key cpu_name -value "AMD Ryzen 5 PRO 4650G with Radeon Graphics" -context "user_environment"
# webtalk_add_data -client project -key cpu_speed -value "3693 MHz" -context "user_environment"
# webtalk_add_data -client project -key total_processors -value "2" -context "user_environment"
# webtalk_add_data -client project -key system_ram -value "33.600 GB" -context "user_environment"
# webtalk_register_client -client sdk
# webtalk_add_data -client sdk -key uid -value "1764900834500" -context "sdk\\\\hardware/1764900834500"
# webtalk_add_data -client sdk -key isZynq -value "true" -context "sdk\\\\hardware/1764900834500"
# webtalk_add_data -client sdk -key isZynqMP -value "false" -context "sdk\\\\hardware/1764900834500"
# webtalk_add_data -client sdk -key Processors -value "2" -context "sdk\\\\hardware/1764900834500"
# webtalk_add_data -client sdk -key VivadoVersion -value "2019.1" -context "sdk\\\\hardware/1764900834500"
# webtalk_add_data -client sdk -key Arch -value "zynq" -context "sdk\\\\hardware/1764900834500"
# webtalk_add_data -client sdk -key Device -value "7z045" -context "sdk\\\\hardware/1764900834500"
# webtalk_add_data -client sdk -key IsHandoff -value "true" -context "sdk\\\\hardware/1764900834500"
# webtalk_add_data -client sdk -key os -value "NA" -context "sdk\\\\hardware/1764900834500"
# webtalk_add_data -client sdk -key apptemplate -value "NA" -context "sdk\\\\hardware/1764900834500"
# webtalk_add_data -client sdk -key RecordType -value "HWCreation" -context "sdk\\\\hardware/1764900834500"
# webtalk_add_data -client sdk -key uid -value "1764900864399" -context "sdk\\\\bsp/1764900864399"
# webtalk_add_data -client sdk -key hwid -value "1764900834500" -context "sdk\\\\bsp/1764900864399"
# webtalk_add_data -client sdk -key os -value "standalone" -context "sdk\\\\bsp/1764900864399"
# webtalk_add_data -client sdk -key apptemplate -value "empty_application" -context "sdk\\\\bsp/1764900864399"
# webtalk_add_data -client sdk -key RecordType -value "BSPCreation" -context "sdk\\\\bsp/1764900864399"
# webtalk_add_data -client sdk -key uid -value "1764900867057" -context "sdk\\\\application/1764900867057"
# webtalk_add_data -client sdk -key hwid -value "1764900834500" -context "sdk\\\\application/1764900867057"
# webtalk_add_data -client sdk -key bspid -value "1764900864399" -context "sdk\\\\application/1764900867057"
# webtalk_add_data -client sdk -key newbsp -value "true" -context "sdk\\\\application/1764900867057"
# webtalk_add_data -client sdk -key os -value "standalone" -context "sdk\\\\application/1764900867057"
# webtalk_add_data -client sdk -key apptemplate -value "empty_application" -context "sdk\\\\application/1764900867057"
# webtalk_add_data -client sdk -key RecordType -value "APPCreation" -context "sdk\\\\application/1764900867057"
# webtalk_add_data -client sdk -key LangUsed -value "CPP" -context "sdk\\\\application/1764900867057"
# webtalk_add_data -client sdk -key Procused -value "ps7_cortexa9" -context "sdk\\\\application/1764900867057"
# webtalk_add_data -client sdk -key projSize -value "1111.92578125" -context "sdk\\\\application/1764900867057"
# webtalk_add_data -client sdk -key uid -value "NA" -context "sdk\\\\bsp/1764984312612"
# webtalk_add_data -client sdk -key RecordType -value "ToolUsage" -context "sdk\\\\bsp/1764984312612"
# webtalk_add_data -client sdk -key BootgenCount -value "0" -context "sdk\\\\bsp/1764984312612"
# webtalk_add_data -client sdk -key DebugCount -value "1" -context "sdk\\\\bsp/1764984312612"
# webtalk_add_data -client sdk -key PerfCount -value "0" -context "sdk\\\\bsp/1764984312612"
# webtalk_add_data -client sdk -key FlashCount -value "0" -context "sdk\\\\bsp/1764984312612"
# webtalk_add_data -client sdk -key CrossTriggCount -value "0" -context "sdk\\\\bsp/1764984312612"
# webtalk_add_data -client sdk -key QemuDebugCount -value "0" -context "sdk\\\\bsp/1764984312612"
# webtalk_transmit -clientid 946740904 -regid "212994262_0_0_047" -xml C:\\COSMOS_KJH\\CosmosPlus_Cluster\\CosmosPlus_DFTL_Cluster\\Cluster\\Build\\Cluster\\webtalk\\usage_statistics_ext_sdk.xml -html C:\\COSMOS_KJH\\CosmosPlus_Cluster\\CosmosPlus_DFTL_Cluster\\Cluster\\Build\\Cluster\\webtalk\\usage_statistics_ext_sdk.html -wdm C:\\COSMOS_KJH\\CosmosPlus_Cluster\\CosmosPlus_DFTL_Cluster\\Cluster\\Build\\Cluster\\webtalk\\sdk_webtalk.wdm -intro "<H3>SDK Usage Report</H3><BR>"
# webtalk_terminate
INFO: [Common 17-206] Exiting Webtalk at Sat Dec  6 10:25:31 2025...
