21:00:40 INFO  : Registering command handlers for SDK TCF services
21:00:41 INFO  : Launching XSCT server: xsct.bat -interactive C:\COSMOS_KJH\CosmosPlus_DFTL_Superblock_DTRIM\SDTRIM\Build\SDTRIM\temp_xsdb_launch_script.tcl
21:00:43 INFO  : XSCT server has started successfully.
21:00:43 INFO  : Successfully done setting XSCT server connection channel  
21:00:43 INFO  : Successfully done setting SDK workspace  
21:01:11 INFO  : Project 'system_hw_platform_0' created. You can now create BSPs and application projects targeting this hardware platform.
21:31:34 INFO  : Connected to target on host '127.0.0.1' and port '3121'.
21:31:34 INFO  : Jtag cable 'Digilent JTAG-SMT2 210251A543E7' is selected.
21:31:34 INFO  : 'jtag frequency' command is executed.
21:31:34 INFO  : Sourcing of 'C:/COSMOS_KJH/CosmosPlus_DFTL_Superblock_DTRIM/SDTRIM/Build/SDTRIM/system_hw_platform_0/ps7_init.tcl' is done.
21:31:34 INFO  : Context for 'APU' is selected.
21:31:34 INFO  : System reset is completed.
21:31:37 INFO  : 'after 3000' command is executed.
21:31:37 INFO  : 'targets -set -filter {jtag_cable_name =~ "Digilent JTAG-SMT2 210251A543E7" && level==0} -index 1' command is executed.
21:31:45 INFO  : FPGA configured successfully with bitstream "C:/COSMOS_KJH/CosmosPlus_DFTL_Superblock_DTRIM/SDTRIM/Build/SDTRIM/system_hw_platform_0/OpenSSD2.bit"
21:31:45 INFO  : Context for 'APU' is selected.
21:31:45 INFO  : Hardware design information is loaded from 'C:/COSMOS_KJH/CosmosPlus_DFTL_Superblock_DTRIM/SDTRIM/Build/SDTRIM/system_hw_platform_0/system.hdf'.
21:31:45 INFO  : 'configparams force-mem-access 1' command is executed.
21:31:45 INFO  : Context for 'APU' is selected.
21:31:45 INFO  : 'ps7_init' command is executed.
21:31:45 INFO  : 'ps7_post_config' command is executed.
21:31:45 INFO  : Context for processor 'ps7_cortexa9_0' is selected.
21:31:46 INFO  : The application 'C:/COSMOS_KJH/CosmosPlus_DFTL_Superblock_DTRIM/SDTRIM/Build/SDTRIM/SDTRIM/Debug/SDTRIM.elf' is downloaded to processor 'ps7_cortexa9_0'.
21:31:46 INFO  : 'configparams force-mem-access 0' command is executed.
21:31:46 INFO  : ----------------XSDB Script----------------
connect -url tcp:127.0.0.1:3121
source C:/COSMOS_KJH/CosmosPlus_DFTL_Superblock_DTRIM/SDTRIM/Build/SDTRIM/system_hw_platform_0/ps7_init.tcl
targets -set -nocase -filter {name =~"APU*" && jtag_cable_name =~ "Digilent JTAG-SMT2 210251A543E7"} -index 0
rst -system
after 3000
targets -set -filter {jtag_cable_name =~ "Digilent JTAG-SMT2 210251A543E7" && level==0} -index 1
fpga -file C:/COSMOS_KJH/CosmosPlus_DFTL_Superblock_DTRIM/SDTRIM/Build/SDTRIM/system_hw_platform_0/OpenSSD2.bit
targets -set -nocase -filter {name =~"APU*" && jtag_cable_name =~ "Digilent JTAG-SMT2 210251A543E7"} -index 0
loadhw -hw C:/COSMOS_KJH/CosmosPlus_DFTL_Superblock_DTRIM/SDTRIM/Build/SDTRIM/system_hw_platform_0/system.hdf -mem-ranges [list {0x40000000 0xbfffffff}]
configparams force-mem-access 1
targets -set -nocase -filter {name =~"APU*" && jtag_cable_name =~ "Digilent JTAG-SMT2 210251A543E7"} -index 0
ps7_init
ps7_post_config
targets -set -nocase -filter {name =~ "ARM*#0" && jtag_cable_name =~ "Digilent JTAG-SMT2 210251A543E7"} -index 0
dow C:/COSMOS_KJH/CosmosPlus_DFTL_Superblock_DTRIM/SDTRIM/Build/SDTRIM/SDTRIM/Debug/SDTRIM.elf
configparams force-mem-access 0
----------------End of Script----------------

21:31:46 INFO  : Memory regions updated for context APU
21:31:46 INFO  : Context for processor 'ps7_cortexa9_0' is selected.
21:31:46 INFO  : 'con' command is executed.
21:31:46 INFO  : ----------------XSDB Script (After Launch)----------------
targets -set -nocase -filter {name =~ "ARM*#0" && jtag_cable_name =~ "Digilent JTAG-SMT2 210251A543E7"} -index 0
con
----------------End of Script----------------

21:31:46 INFO  : Launch script is exported to file 'C:\COSMOS_KJH\CosmosPlus_DFTL_Superblock_DTRIM\SDTRIM\Build\SDTRIM\.sdk\launch_scripts\xilinx_c-c++_application_(system_debugger)\system_debugger_using_debug_sdtrim.elf_on_local.tcl'
23:03:57 INFO  : Disconnected from the channel tcfchan#1.
23:03:58 INFO  : Connected to target on host '127.0.0.1' and port '3121'.
23:03:59 INFO  : Jtag cable 'Digilent JTAG-SMT2 210251A543E7' is selected.
23:03:59 INFO  : 'jtag frequency' command is executed.
23:03:59 INFO  : Sourcing of 'C:/COSMOS_KJH/CosmosPlus_DFTL_Superblock_DTRIM/SDTRIM/Build/SDTRIM/system_hw_platform_0/ps7_init.tcl' is done.
23:03:59 INFO  : Context for 'APU' is selected.
23:03:59 INFO  : System reset is completed.
23:04:02 INFO  : 'after 3000' command is executed.
23:04:02 INFO  : 'targets -set -filter {jtag_cable_name =~ "Digilent JTAG-SMT2 210251A543E7" && level==0} -index 1' command is executed.
23:04:09 INFO  : FPGA configured successfully with bitstream "C:/COSMOS_KJH/CosmosPlus_DFTL_Superblock_DTRIM/SDTRIM/Build/SDTRIM/system_hw_platform_0/OpenSSD2.bit"
23:04:09 INFO  : Context for 'APU' is selected.
23:04:09 INFO  : Hardware design information is loaded from 'C:/COSMOS_KJH/CosmosPlus_DFTL_Superblock_DTRIM/SDTRIM/Build/SDTRIM/system_hw_platform_0/system.hdf'.
23:04:09 INFO  : 'configparams force-mem-access 1' command is executed.
23:04:09 INFO  : Context for 'APU' is selected.
23:04:10 INFO  : 'ps7_init' command is executed.
23:04:10 INFO  : 'ps7_post_config' command is executed.
23:04:10 INFO  : Context for processor 'ps7_cortexa9_0' is selected.
23:04:10 INFO  : The application 'C:/COSMOS_KJH/CosmosPlus_DFTL_Superblock_DTRIM/SDTRIM/Build/SDTRIM/SDTRIM/Debug/SDTRIM.elf' is downloaded to processor 'ps7_cortexa9_0'.
23:04:10 INFO  : 'configparams force-mem-access 0' command is executed.
23:04:10 INFO  : ----------------XSDB Script----------------
connect -url tcp:127.0.0.1:3121
source C:/COSMOS_KJH/CosmosPlus_DFTL_Superblock_DTRIM/SDTRIM/Build/SDTRIM/system_hw_platform_0/ps7_init.tcl
targets -set -nocase -filter {name =~"APU*" && jtag_cable_name =~ "Digilent JTAG-SMT2 210251A543E7"} -index 0
rst -system
after 3000
targets -set -filter {jtag_cable_name =~ "Digilent JTAG-SMT2 210251A543E7" && level==0} -index 1
fpga -file C:/COSMOS_KJH/CosmosPlus_DFTL_Superblock_DTRIM/SDTRIM/Build/SDTRIM/system_hw_platform_0/OpenSSD2.bit
targets -set -nocase -filter {name =~"APU*" && jtag_cable_name =~ "Digilent JTAG-SMT2 210251A543E7"} -index 0
loadhw -hw C:/COSMOS_KJH/CosmosPlus_DFTL_Superblock_DTRIM/SDTRIM/Build/SDTRIM/system_hw_platform_0/system.hdf -mem-ranges [list {0x40000000 0xbfffffff}]
configparams force-mem-access 1
targets -set -nocase -filter {name =~"APU*" && jtag_cable_name =~ "Digilent JTAG-SMT2 210251A543E7"} -index 0
ps7_init
ps7_post_config
targets -set -nocase -filter {name =~ "ARM*#0" && jtag_cable_name =~ "Digilent JTAG-SMT2 210251A543E7"} -index 0
dow C:/COSMOS_KJH/CosmosPlus_DFTL_Superblock_DTRIM/SDTRIM/Build/SDTRIM/SDTRIM/Debug/SDTRIM.elf
configparams force-mem-access 0
----------------End of Script----------------

23:04:11 INFO  : Memory regions updated for context APU
23:04:11 INFO  : Context for processor 'ps7_cortexa9_0' is selected.
23:04:11 INFO  : 'con' command is executed.
23:04:11 INFO  : ----------------XSDB Script (After Launch)----------------
targets -set -nocase -filter {name =~ "ARM*#0" && jtag_cable_name =~ "Digilent JTAG-SMT2 210251A543E7"} -index 0
con
----------------End of Script----------------

23:04:11 INFO  : Launch script is exported to file 'C:\COSMOS_KJH\CosmosPlus_DFTL_Superblock_DTRIM\SDTRIM\Build\SDTRIM\.sdk\launch_scripts\xilinx_c-c++_application_(system_debugger)\system_debugger_using_debug_sdtrim.elf_on_local.tcl'
23:36:11 INFO  : Disconnected from the channel tcfchan#2.
23:36:12 INFO  : Connected to target on host '127.0.0.1' and port '3121'.
23:36:12 INFO  : Jtag cable 'Digilent JTAG-SMT2 210251A543E7' is selected.
23:36:12 INFO  : 'jtag frequency' command is executed.
23:36:12 INFO  : Sourcing of 'C:/COSMOS_KJH/CosmosPlus_DFTL_Superblock_DTRIM/SDTRIM/Build/SDTRIM/system_hw_platform_0/ps7_init.tcl' is done.
23:36:12 INFO  : Context for 'APU' is selected.
23:36:12 INFO  : System reset is completed.
23:36:15 INFO  : 'after 3000' command is executed.
23:36:15 INFO  : 'targets -set -filter {jtag_cable_name =~ "Digilent JTAG-SMT2 210251A543E7" && level==0} -index 1' command is executed.
23:36:23 INFO  : FPGA configured successfully with bitstream "C:/COSMOS_KJH/CosmosPlus_DFTL_Superblock_DTRIM/SDTRIM/Build/SDTRIM/system_hw_platform_0/OpenSSD2.bit"
23:36:23 INFO  : Context for 'APU' is selected.
23:36:23 INFO  : Hardware design information is loaded from 'C:/COSMOS_KJH/CosmosPlus_DFTL_Superblock_DTRIM/SDTRIM/Build/SDTRIM/system_hw_platform_0/system.hdf'.
23:36:23 INFO  : 'configparams force-mem-access 1' command is executed.
23:36:23 INFO  : Context for 'APU' is selected.
23:36:23 INFO  : 'ps7_init' command is executed.
23:36:23 INFO  : 'ps7_post_config' command is executed.
23:36:23 INFO  : Context for processor 'ps7_cortexa9_0' is selected.
23:36:24 INFO  : The application 'C:/COSMOS_KJH/CosmosPlus_DFTL_Superblock_DTRIM/SDTRIM/Build/SDTRIM/SDTRIM/Debug/SDTRIM.elf' is downloaded to processor 'ps7_cortexa9_0'.
23:36:24 INFO  : 'configparams force-mem-access 0' command is executed.
23:36:24 INFO  : ----------------XSDB Script----------------
connect -url tcp:127.0.0.1:3121
source C:/COSMOS_KJH/CosmosPlus_DFTL_Superblock_DTRIM/SDTRIM/Build/SDTRIM/system_hw_platform_0/ps7_init.tcl
targets -set -nocase -filter {name =~"APU*" && jtag_cable_name =~ "Digilent JTAG-SMT2 210251A543E7"} -index 0
rst -system
after 3000
targets -set -filter {jtag_cable_name =~ "Digilent JTAG-SMT2 210251A543E7" && level==0} -index 1
fpga -file C:/COSMOS_KJH/CosmosPlus_DFTL_Superblock_DTRIM/SDTRIM/Build/SDTRIM/system_hw_platform_0/OpenSSD2.bit
targets -set -nocase -filter {name =~"APU*" && jtag_cable_name =~ "Digilent JTAG-SMT2 210251A543E7"} -index 0
loadhw -hw C:/COSMOS_KJH/CosmosPlus_DFTL_Superblock_DTRIM/SDTRIM/Build/SDTRIM/system_hw_platform_0/system.hdf -mem-ranges [list {0x40000000 0xbfffffff}]
configparams force-mem-access 1
targets -set -nocase -filter {name =~"APU*" && jtag_cable_name =~ "Digilent JTAG-SMT2 210251A543E7"} -index 0
ps7_init
ps7_post_config
targets -set -nocase -filter {name =~ "ARM*#0" && jtag_cable_name =~ "Digilent JTAG-SMT2 210251A543E7"} -index 0
dow C:/COSMOS_KJH/CosmosPlus_DFTL_Superblock_DTRIM/SDTRIM/Build/SDTRIM/SDTRIM/Debug/SDTRIM.elf
configparams force-mem-access 0
----------------End of Script----------------

23:36:24 INFO  : Memory regions updated for context APU
23:36:24 INFO  : Context for processor 'ps7_cortexa9_0' is selected.
23:36:24 INFO  : 'con' command is executed.
23:36:24 INFO  : ----------------XSDB Script (After Launch)----------------
targets -set -nocase -filter {name =~ "ARM*#0" && jtag_cable_name =~ "Digilent JTAG-SMT2 210251A543E7"} -index 0
con
----------------End of Script----------------

23:36:24 INFO  : Launch script is exported to file 'C:\COSMOS_KJH\CosmosPlus_DFTL_Superblock_DTRIM\SDTRIM\Build\SDTRIM\.sdk\launch_scripts\xilinx_c-c++_application_(system_debugger)\system_debugger_using_debug_sdtrim.elf_on_local.tcl'
00:09:09 INFO  : Disconnected from the channel tcfchan#3.
00:09:10 INFO  : Connected to target on host '127.0.0.1' and port '3121'.
00:09:10 INFO  : Jtag cable 'Digilent JTAG-SMT2 210251A543E7' is selected.
00:09:10 INFO  : 'jtag frequency' command is executed.
00:09:10 INFO  : Sourcing of 'C:/COSMOS_KJH/CosmosPlus_DFTL_Superblock_DTRIM/SDTRIM/Build/SDTRIM/system_hw_platform_0/ps7_init.tcl' is done.
00:09:10 INFO  : Context for 'APU' is selected.
00:09:10 INFO  : System reset is completed.
00:09:13 INFO  : 'after 3000' command is executed.
00:09:13 INFO  : 'targets -set -filter {jtag_cable_name =~ "Digilent JTAG-SMT2 210251A543E7" && level==0} -index 1' command is executed.
00:09:21 INFO  : FPGA configured successfully with bitstream "C:/COSMOS_KJH/CosmosPlus_DFTL_Superblock_DTRIM/SDTRIM/Build/SDTRIM/system_hw_platform_0/OpenSSD2.bit"
00:09:21 INFO  : Context for 'APU' is selected.
00:09:21 INFO  : Hardware design information is loaded from 'C:/COSMOS_KJH/CosmosPlus_DFTL_Superblock_DTRIM/SDTRIM/Build/SDTRIM/system_hw_platform_0/system.hdf'.
00:09:21 INFO  : 'configparams force-mem-access 1' command is executed.
00:09:21 INFO  : Context for 'APU' is selected.
00:09:21 INFO  : 'ps7_init' command is executed.
00:09:22 INFO  : 'ps7_post_config' command is executed.
00:09:22 INFO  : Context for processor 'ps7_cortexa9_0' is selected.
00:09:22 INFO  : The application 'C:/COSMOS_KJH/CosmosPlus_DFTL_Superblock_DTRIM/SDTRIM/Build/SDTRIM/SDTRIM/Debug/SDTRIM.elf' is downloaded to processor 'ps7_cortexa9_0'.
00:09:22 INFO  : 'configparams force-mem-access 0' command is executed.
00:09:22 INFO  : ----------------XSDB Script----------------
connect -url tcp:127.0.0.1:3121
source C:/COSMOS_KJH/CosmosPlus_DFTL_Superblock_DTRIM/SDTRIM/Build/SDTRIM/system_hw_platform_0/ps7_init.tcl
targets -set -nocase -filter {name =~"APU*" && jtag_cable_name =~ "Digilent JTAG-SMT2 210251A543E7"} -index 0
rst -system
after 3000
targets -set -filter {jtag_cable_name =~ "Digilent JTAG-SMT2 210251A543E7" && level==0} -index 1
fpga -file C:/COSMOS_KJH/CosmosPlus_DFTL_Superblock_DTRIM/SDTRIM/Build/SDTRIM/system_hw_platform_0/OpenSSD2.bit
targets -set -nocase -filter {name =~"APU*" && jtag_cable_name =~ "Digilent JTAG-SMT2 210251A543E7"} -index 0
loadhw -hw C:/COSMOS_KJH/CosmosPlus_DFTL_Superblock_DTRIM/SDTRIM/Build/SDTRIM/system_hw_platform_0/system.hdf -mem-ranges [list {0x40000000 0xbfffffff}]
configparams force-mem-access 1
targets -set -nocase -filter {name =~"APU*" && jtag_cable_name =~ "Digilent JTAG-SMT2 210251A543E7"} -index 0
ps7_init
ps7_post_config
targets -set -nocase -filter {name =~ "ARM*#0" && jtag_cable_name =~ "Digilent JTAG-SMT2 210251A543E7"} -index 0
dow C:/COSMOS_KJH/CosmosPlus_DFTL_Superblock_DTRIM/SDTRIM/Build/SDTRIM/SDTRIM/Debug/SDTRIM.elf
configparams force-mem-access 0
----------------End of Script----------------

00:09:22 INFO  : Memory regions updated for context APU
00:09:22 INFO  : Context for processor 'ps7_cortexa9_0' is selected.
00:09:22 INFO  : 'con' command is executed.
00:09:22 INFO  : ----------------XSDB Script (After Launch)----------------
targets -set -nocase -filter {name =~ "ARM*#0" && jtag_cable_name =~ "Digilent JTAG-SMT2 210251A543E7"} -index 0
con
----------------End of Script----------------

00:09:22 INFO  : Launch script is exported to file 'C:\COSMOS_KJH\CosmosPlus_DFTL_Superblock_DTRIM\SDTRIM\Build\SDTRIM\.sdk\launch_scripts\xilinx_c-c++_application_(system_debugger)\system_debugger_using_debug_sdtrim.elf_on_local.tcl'
00:40:23 INFO  : Disconnected from the channel tcfchan#4.
10:08:14 INFO  : Registering command handlers for SDK TCF services
10:08:14 INFO  : Launching XSCT server: xsct.bat -interactive C:\COSMOS_KJH\CosmosPlus_DFTL_Superblock_DTRIM\SDTRIM\Build\SDTRIM\temp_xsdb_launch_script.tcl
10:08:17 INFO  : XSCT server has started successfully.
10:08:17 INFO  : Successfully done setting XSCT server connection channel  
10:08:17 INFO  : Successfully done setting SDK workspace  
13:43:14 INFO  : Connected to target on host '127.0.0.1' and port '3121'.
13:43:15 INFO  : Jtag cable 'Digilent JTAG-SMT2 210251A543E7' is selected.
13:43:15 INFO  : 'jtag frequency' command is executed.
13:43:15 INFO  : Sourcing of 'C:/COSMOS_KJH/CosmosPlus_DFTL_Superblock_DTRIM/SDTRIM/Build/SDTRIM/system_hw_platform_0/ps7_init.tcl' is done.
13:43:15 INFO  : Context for 'APU' is selected.
13:43:15 INFO  : System reset is completed.
13:43:18 INFO  : 'after 3000' command is executed.
13:43:18 INFO  : 'targets -set -filter {jtag_cable_name =~ "Digilent JTAG-SMT2 210251A543E7" && level==0} -index 1' command is executed.
13:43:26 INFO  : FPGA configured successfully with bitstream "C:/COSMOS_KJH/CosmosPlus_DFTL_Superblock_DTRIM/SDTRIM/Build/SDTRIM/system_hw_platform_0/OpenSSD2.bit"
13:43:26 INFO  : Context for 'APU' is selected.
13:43:26 INFO  : Hardware design information is loaded from 'C:/COSMOS_KJH/CosmosPlus_DFTL_Superblock_DTRIM/SDTRIM/Build/SDTRIM/system_hw_platform_0/system.hdf'.
13:43:26 INFO  : 'configparams force-mem-access 1' command is executed.
13:43:26 INFO  : Context for 'APU' is selected.
13:43:26 INFO  : 'ps7_init' command is executed.
13:43:26 INFO  : 'ps7_post_config' command is executed.
13:43:26 INFO  : Context for processor 'ps7_cortexa9_0' is selected.
13:43:27 INFO  : The application 'C:/COSMOS_KJH/CosmosPlus_DFTL_Superblock_DTRIM/SDTRIM/Build/SDTRIM/SDTRIM/Debug/SDTRIM.elf' is downloaded to processor 'ps7_cortexa9_0'.
13:43:27 INFO  : 'configparams force-mem-access 0' command is executed.
13:43:27 INFO  : ----------------XSDB Script----------------
connect -url tcp:127.0.0.1:3121
source C:/COSMOS_KJH/CosmosPlus_DFTL_Superblock_DTRIM/SDTRIM/Build/SDTRIM/system_hw_platform_0/ps7_init.tcl
targets -set -nocase -filter {name =~"APU*" && jtag_cable_name =~ "Digilent JTAG-SMT2 210251A543E7"} -index 0
rst -system
after 3000
targets -set -filter {jtag_cable_name =~ "Digilent JTAG-SMT2 210251A543E7" && level==0} -index 1
fpga -file C:/COSMOS_KJH/CosmosPlus_DFTL_Superblock_DTRIM/SDTRIM/Build/SDTRIM/system_hw_platform_0/OpenSSD2.bit
targets -set -nocase -filter {name =~"APU*" && jtag_cable_name =~ "Digilent JTAG-SMT2 210251A543E7"} -index 0
loadhw -hw C:/COSMOS_KJH/CosmosPlus_DFTL_Superblock_DTRIM/SDTRIM/Build/SDTRIM/system_hw_platform_0/system.hdf -mem-ranges [list {0x40000000 0xbfffffff}]
configparams force-mem-access 1
targets -set -nocase -filter {name =~"APU*" && jtag_cable_name =~ "Digilent JTAG-SMT2 210251A543E7"} -index 0
ps7_init
ps7_post_config
targets -set -nocase -filter {name =~ "ARM*#0" && jtag_cable_name =~ "Digilent JTAG-SMT2 210251A543E7"} -index 0
dow C:/COSMOS_KJH/CosmosPlus_DFTL_Superblock_DTRIM/SDTRIM/Build/SDTRIM/SDTRIM/Debug/SDTRIM.elf
configparams force-mem-access 0
----------------End of Script----------------

13:43:27 INFO  : Memory regions updated for context APU
13:43:27 INFO  : Context for processor 'ps7_cortexa9_0' is selected.
13:43:27 INFO  : 'con' command is executed.
13:43:27 INFO  : ----------------XSDB Script (After Launch)----------------
targets -set -nocase -filter {name =~ "ARM*#0" && jtag_cable_name =~ "Digilent JTAG-SMT2 210251A543E7"} -index 0
con
----------------End of Script----------------

13:43:27 INFO  : Launch script is exported to file 'C:\COSMOS_KJH\CosmosPlus_DFTL_Superblock_DTRIM\SDTRIM\Build\SDTRIM\.sdk\launch_scripts\xilinx_c-c++_application_(system_debugger)\system_debugger_using_debug_sdtrim.elf_on_local.tcl'
14:05:00 INFO  : Disconnected from the channel tcfchan#1.
14:05:01 INFO  : Connected to target on host '127.0.0.1' and port '3121'.
14:05:02 INFO  : Jtag cable 'Digilent JTAG-SMT2 210251A543E7' is selected.
14:05:02 INFO  : 'jtag frequency' command is executed.
14:05:02 INFO  : Sourcing of 'C:/COSMOS_KJH/CosmosPlus_DFTL_Superblock_DTRIM/SDTRIM/Build/SDTRIM/system_hw_platform_0/ps7_init.tcl' is done.
14:05:02 INFO  : Context for 'APU' is selected.
14:05:02 INFO  : System reset is completed.
14:05:05 INFO  : 'after 3000' command is executed.
14:05:05 INFO  : 'targets -set -filter {jtag_cable_name =~ "Digilent JTAG-SMT2 210251A543E7" && level==0} -index 1' command is executed.
14:05:13 INFO  : FPGA configured successfully with bitstream "C:/COSMOS_KJH/CosmosPlus_DFTL_Superblock_DTRIM/SDTRIM/Build/SDTRIM/system_hw_platform_0/OpenSSD2.bit"
14:05:13 INFO  : Context for 'APU' is selected.
14:05:18 INFO  : Hardware design information is loaded from 'C:/COSMOS_KJH/CosmosPlus_DFTL_Superblock_DTRIM/SDTRIM/Build/SDTRIM/system_hw_platform_0/system.hdf'.
14:05:18 INFO  : 'configparams force-mem-access 1' command is executed.
14:05:18 INFO  : Context for 'APU' is selected.
14:05:18 INFO  : 'ps7_init' command is executed.
14:05:18 INFO  : 'ps7_post_config' command is executed.
14:05:18 INFO  : Context for processor 'ps7_cortexa9_0' is selected.
14:05:19 INFO  : The application 'C:/COSMOS_KJH/CosmosPlus_DFTL_Superblock_DTRIM/SDTRIM/Build/SDTRIM/SDTRIM/Debug/SDTRIM.elf' is downloaded to processor 'ps7_cortexa9_0'.
14:05:19 INFO  : 'configparams force-mem-access 0' command is executed.
14:05:19 INFO  : ----------------XSDB Script----------------
connect -url tcp:127.0.0.1:3121
source C:/COSMOS_KJH/CosmosPlus_DFTL_Superblock_DTRIM/SDTRIM/Build/SDTRIM/system_hw_platform_0/ps7_init.tcl
targets -set -nocase -filter {name =~"APU*" && jtag_cable_name =~ "Digilent JTAG-SMT2 210251A543E7"} -index 0
rst -system
after 3000
targets -set -filter {jtag_cable_name =~ "Digilent JTAG-SMT2 210251A543E7" && level==0} -index 1
fpga -file C:/COSMOS_KJH/CosmosPlus_DFTL_Superblock_DTRIM/SDTRIM/Build/SDTRIM/system_hw_platform_0/OpenSSD2.bit
targets -set -nocase -filter {name =~"APU*" && jtag_cable_name =~ "Digilent JTAG-SMT2 210251A543E7"} -index 0
loadhw -hw C:/COSMOS_KJH/CosmosPlus_DFTL_Superblock_DTRIM/SDTRIM/Build/SDTRIM/system_hw_platform_0/system.hdf -mem-ranges [list {0x40000000 0xbfffffff}]
configparams force-mem-access 1
targets -set -nocase -filter {name =~"APU*" && jtag_cable_name =~ "Digilent JTAG-SMT2 210251A543E7"} -index 0
ps7_init
ps7_post_config
targets -set -nocase -filter {name =~ "ARM*#0" && jtag_cable_name =~ "Digilent JTAG-SMT2 210251A543E7"} -index 0
dow C:/COSMOS_KJH/CosmosPlus_DFTL_Superblock_DTRIM/SDTRIM/Build/SDTRIM/SDTRIM/Debug/SDTRIM.elf
configparams force-mem-access 0
----------------End of Script----------------

14:05:19 INFO  : Memory regions updated for context APU
14:05:19 INFO  : Context for processor 'ps7_cortexa9_0' is selected.
14:05:19 INFO  : 'con' command is executed.
14:05:19 INFO  : ----------------XSDB Script (After Launch)----------------
targets -set -nocase -filter {name =~ "ARM*#0" && jtag_cable_name =~ "Digilent JTAG-SMT2 210251A543E7"} -index 0
con
----------------End of Script----------------

14:05:19 INFO  : Launch script is exported to file 'C:\COSMOS_KJH\CosmosPlus_DFTL_Superblock_DTRIM\SDTRIM\Build\SDTRIM\.sdk\launch_scripts\xilinx_c-c++_application_(system_debugger)\system_debugger_using_debug_sdtrim.elf_on_local.tcl'
14:41:17 INFO  : Disconnected from the channel tcfchan#2.
14:41:18 INFO  : Connected to target on host '127.0.0.1' and port '3121'.
14:41:18 INFO  : Jtag cable 'Digilent JTAG-SMT2 210251A543E7' is selected.
14:41:18 INFO  : 'jtag frequency' command is executed.
14:41:18 INFO  : Sourcing of 'C:/COSMOS_KJH/CosmosPlus_DFTL_Superblock_DTRIM/SDTRIM/Build/SDTRIM/system_hw_platform_0/ps7_init.tcl' is done.
14:41:18 INFO  : Context for 'APU' is selected.
14:41:18 INFO  : System reset is completed.
14:41:21 INFO  : 'after 3000' command is executed.
14:41:21 INFO  : 'targets -set -filter {jtag_cable_name =~ "Digilent JTAG-SMT2 210251A543E7" && level==0} -index 1' command is executed.
14:41:29 INFO  : FPGA configured successfully with bitstream "C:/COSMOS_KJH/CosmosPlus_DFTL_Superblock_DTRIM/SDTRIM/Build/SDTRIM/system_hw_platform_0/OpenSSD2.bit"
14:41:29 INFO  : Context for 'APU' is selected.
14:41:34 INFO  : Hardware design information is loaded from 'C:/COSMOS_KJH/CosmosPlus_DFTL_Superblock_DTRIM/SDTRIM/Build/SDTRIM/system_hw_platform_0/system.hdf'.
14:41:34 INFO  : 'configparams force-mem-access 1' command is executed.
14:41:34 INFO  : Context for 'APU' is selected.
14:41:34 INFO  : 'ps7_init' command is executed.
14:41:34 INFO  : 'ps7_post_config' command is executed.
14:41:34 INFO  : Context for processor 'ps7_cortexa9_0' is selected.
14:41:35 INFO  : The application 'C:/COSMOS_KJH/CosmosPlus_DFTL_Superblock_DTRIM/SDTRIM/Build/SDTRIM/SDTRIM/Debug/SDTRIM.elf' is downloaded to processor 'ps7_cortexa9_0'.
14:41:35 INFO  : 'configparams force-mem-access 0' command is executed.
14:41:35 INFO  : ----------------XSDB Script----------------
connect -url tcp:127.0.0.1:3121
source C:/COSMOS_KJH/CosmosPlus_DFTL_Superblock_DTRIM/SDTRIM/Build/SDTRIM/system_hw_platform_0/ps7_init.tcl
targets -set -nocase -filter {name =~"APU*" && jtag_cable_name =~ "Digilent JTAG-SMT2 210251A543E7"} -index 0
rst -system
after 3000
targets -set -filter {jtag_cable_name =~ "Digilent JTAG-SMT2 210251A543E7" && level==0} -index 1
fpga -file C:/COSMOS_KJH/CosmosPlus_DFTL_Superblock_DTRIM/SDTRIM/Build/SDTRIM/system_hw_platform_0/OpenSSD2.bit
targets -set -nocase -filter {name =~"APU*" && jtag_cable_name =~ "Digilent JTAG-SMT2 210251A543E7"} -index 0
loadhw -hw C:/COSMOS_KJH/CosmosPlus_DFTL_Superblock_DTRIM/SDTRIM/Build/SDTRIM/system_hw_platform_0/system.hdf -mem-ranges [list {0x40000000 0xbfffffff}]
configparams force-mem-access 1
targets -set -nocase -filter {name =~"APU*" && jtag_cable_name =~ "Digilent JTAG-SMT2 210251A543E7"} -index 0
ps7_init
ps7_post_config
targets -set -nocase -filter {name =~ "ARM*#0" && jtag_cable_name =~ "Digilent JTAG-SMT2 210251A543E7"} -index 0
dow C:/COSMOS_KJH/CosmosPlus_DFTL_Superblock_DTRIM/SDTRIM/Build/SDTRIM/SDTRIM/Debug/SDTRIM.elf
configparams force-mem-access 0
----------------End of Script----------------

14:41:35 INFO  : Memory regions updated for context APU
14:41:35 INFO  : Context for processor 'ps7_cortexa9_0' is selected.
14:41:35 INFO  : 'con' command is executed.
14:41:35 INFO  : ----------------XSDB Script (After Launch)----------------
targets -set -nocase -filter {name =~ "ARM*#0" && jtag_cable_name =~ "Digilent JTAG-SMT2 210251A543E7"} -index 0
con
----------------End of Script----------------

14:41:35 INFO  : Launch script is exported to file 'C:\COSMOS_KJH\CosmosPlus_DFTL_Superblock_DTRIM\SDTRIM\Build\SDTRIM\.sdk\launch_scripts\xilinx_c-c++_application_(system_debugger)\system_debugger_using_debug_sdtrim.elf_on_local.tcl'
10:07:57 INFO  : Disconnected from the channel tcfchan#3.
10:07:58 INFO  : Connected to target on host '127.0.0.1' and port '3121'.
10:07:58 INFO  : Jtag cable 'Digilent JTAG-SMT2 210251A543E7' is selected.
10:07:58 INFO  : 'jtag frequency' command is executed.
10:07:58 INFO  : Sourcing of 'C:/COSMOS_KJH/CosmosPlus_DFTL_Superblock_DTRIM/SDTRIM/Build/SDTRIM/system_hw_platform_0/ps7_init.tcl' is done.
10:07:58 INFO  : Context for 'APU' is selected.
10:07:58 INFO  : System reset is completed.
10:08:01 INFO  : 'after 3000' command is executed.
10:08:01 INFO  : 'targets -set -filter {jtag_cable_name =~ "Digilent JTAG-SMT2 210251A543E7" && level==0} -index 1' command is executed.
10:08:09 INFO  : FPGA configured successfully with bitstream "C:/COSMOS_KJH/CosmosPlus_DFTL_Superblock_DTRIM/SDTRIM/Build/SDTRIM/system_hw_platform_0/OpenSSD2.bit"
10:08:09 INFO  : Context for 'APU' is selected.
10:08:14 INFO  : Hardware design information is loaded from 'C:/COSMOS_KJH/CosmosPlus_DFTL_Superblock_DTRIM/SDTRIM/Build/SDTRIM/system_hw_platform_0/system.hdf'.
10:08:14 INFO  : 'configparams force-mem-access 1' command is executed.
10:08:14 INFO  : Context for 'APU' is selected.
10:08:15 INFO  : 'ps7_init' command is executed.
10:08:15 INFO  : 'ps7_post_config' command is executed.
10:08:15 INFO  : Context for processor 'ps7_cortexa9_0' is selected.
10:08:15 INFO  : The application 'C:/COSMOS_KJH/CosmosPlus_DFTL_Superblock_DTRIM/SDTRIM/Build/SDTRIM/SDTRIM/Debug/SDTRIM.elf' is downloaded to processor 'ps7_cortexa9_0'.
10:08:15 INFO  : 'configparams force-mem-access 0' command is executed.
10:08:15 INFO  : ----------------XSDB Script----------------
connect -url tcp:127.0.0.1:3121
source C:/COSMOS_KJH/CosmosPlus_DFTL_Superblock_DTRIM/SDTRIM/Build/SDTRIM/system_hw_platform_0/ps7_init.tcl
targets -set -nocase -filter {name =~"APU*" && jtag_cable_name =~ "Digilent JTAG-SMT2 210251A543E7"} -index 0
rst -system
after 3000
targets -set -filter {jtag_cable_name =~ "Digilent JTAG-SMT2 210251A543E7" && level==0} -index 1
fpga -file C:/COSMOS_KJH/CosmosPlus_DFTL_Superblock_DTRIM/SDTRIM/Build/SDTRIM/system_hw_platform_0/OpenSSD2.bit
targets -set -nocase -filter {name =~"APU*" && jtag_cable_name =~ "Digilent JTAG-SMT2 210251A543E7"} -index 0
loadhw -hw C:/COSMOS_KJH/CosmosPlus_DFTL_Superblock_DTRIM/SDTRIM/Build/SDTRIM/system_hw_platform_0/system.hdf -mem-ranges [list {0x40000000 0xbfffffff}]
configparams force-mem-access 1
targets -set -nocase -filter {name =~"APU*" && jtag_cable_name =~ "Digilent JTAG-SMT2 210251A543E7"} -index 0
ps7_init
ps7_post_config
targets -set -nocase -filter {name =~ "ARM*#0" && jtag_cable_name =~ "Digilent JTAG-SMT2 210251A543E7"} -index 0
dow C:/COSMOS_KJH/CosmosPlus_DFTL_Superblock_DTRIM/SDTRIM/Build/SDTRIM/SDTRIM/Debug/SDTRIM.elf
configparams force-mem-access 0
----------------End of Script----------------

10:08:15 INFO  : Memory regions updated for context APU
10:08:15 INFO  : Context for processor 'ps7_cortexa9_0' is selected.
10:08:16 INFO  : 'con' command is executed.
10:08:16 INFO  : ----------------XSDB Script (After Launch)----------------
targets -set -nocase -filter {name =~ "ARM*#0" && jtag_cable_name =~ "Digilent JTAG-SMT2 210251A543E7"} -index 0
con
----------------End of Script----------------

10:08:16 INFO  : Launch script is exported to file 'C:\COSMOS_KJH\CosmosPlus_DFTL_Superblock_DTRIM\SDTRIM\Build\SDTRIM\.sdk\launch_scripts\xilinx_c-c++_application_(system_debugger)\system_debugger_using_debug_sdtrim.elf_on_local.tcl'
