19:36:31 INFO  : Registering command handlers for SDK TCF services
19:36:32 INFO  : Launching XSCT server: xsct.bat -interactive C:\COSMOS_KJH\CosmosPlus_DFTL_Cluster\Cluster\Build\Cluster\temp_xsdb_launch_script.tcl
19:36:36 INFO  : XSCT server has started successfully.
19:36:36 INFO  : Successfully done setting XSCT server connection channel  
19:36:41 INFO  : Successfully done setting SDK workspace  
19:37:45 INFO  : Project 'system_hw_platform_0' created. You can now create BSPs and application projects targeting this hardware platform.
14:04:06 INFO  : Connected to target on host '127.0.0.1' and port '3121'.
14:04:24 INFO  : ----------------XSDB Script----------------
connect -url tcp:127.0.0.1:3121
----------------End of Script----------------

14:04:35 INFO  : Connected to target on host '127.0.0.1' and port '3121'.
14:04:36 INFO  : Jtag cable 'Digilent JTAG-SMT2 210251A543E7' is selected.
14:04:36 INFO  : 'jtag frequency' command is executed.
14:04:36 INFO  : Sourcing of 'C:/COSMOS_KJH/CosmosPlus_DFTL_Cluster/Cluster/Build/Cluster/system_hw_platform_0/ps7_init.tcl' is done.
14:04:36 INFO  : Context for 'APU' is selected.
14:04:36 INFO  : System reset is completed.
14:04:39 INFO  : 'after 3000' command is executed.
14:04:39 INFO  : 'targets -set -filter {jtag_cable_name =~ "Digilent JTAG-SMT2 210251A543E7" && level==0} -index 1' command is executed.
14:04:47 INFO  : FPGA configured successfully with bitstream "C:/COSMOS_KJH/CosmosPlus_DFTL_Cluster/Cluster/Build/Cluster/system_hw_platform_0/OpenSSD2.bit"
14:04:47 INFO  : Context for 'APU' is selected.
14:04:47 INFO  : Hardware design information is loaded from 'C:/COSMOS_KJH/CosmosPlus_DFTL_Cluster/Cluster/Build/Cluster/system_hw_platform_0/system.hdf'.
14:04:47 INFO  : 'configparams force-mem-access 1' command is executed.
14:04:47 INFO  : Context for 'APU' is selected.
14:04:47 INFO  : 'ps7_init' command is executed.
14:04:47 INFO  : 'ps7_post_config' command is executed.
14:04:47 INFO  : Context for processor 'ps7_cortexa9_0' is selected.
14:04:48 INFO  : The application 'C:/COSMOS_KJH/CosmosPlus_DFTL_Cluster/Cluster/Build/Cluster/Cluster/Debug/Cluster.elf' is downloaded to processor 'ps7_cortexa9_0'.
14:04:48 INFO  : 'configparams force-mem-access 0' command is executed.
14:04:48 INFO  : ----------------XSDB Script----------------
connect -url tcp:127.0.0.1:3121
source C:/COSMOS_KJH/CosmosPlus_DFTL_Cluster/Cluster/Build/Cluster/system_hw_platform_0/ps7_init.tcl
targets -set -nocase -filter {name =~"APU*" && jtag_cable_name =~ "Digilent JTAG-SMT2 210251A543E7"} -index 0
rst -system
after 3000
targets -set -filter {jtag_cable_name =~ "Digilent JTAG-SMT2 210251A543E7" && level==0} -index 1
fpga -file C:/COSMOS_KJH/CosmosPlus_DFTL_Cluster/Cluster/Build/Cluster/system_hw_platform_0/OpenSSD2.bit
targets -set -nocase -filter {name =~"APU*" && jtag_cable_name =~ "Digilent JTAG-SMT2 210251A543E7"} -index 0
loadhw -hw C:/COSMOS_KJH/CosmosPlus_DFTL_Cluster/Cluster/Build/Cluster/system_hw_platform_0/system.hdf -mem-ranges [list {0x40000000 0xbfffffff}]
configparams force-mem-access 1
targets -set -nocase -filter {name =~"APU*" && jtag_cable_name =~ "Digilent JTAG-SMT2 210251A543E7"} -index 0
ps7_init
ps7_post_config
targets -set -nocase -filter {name =~ "ARM*#0" && jtag_cable_name =~ "Digilent JTAG-SMT2 210251A543E7"} -index 0
dow C:/COSMOS_KJH/CosmosPlus_DFTL_Cluster/Cluster/Build/Cluster/Cluster/Debug/Cluster.elf
configparams force-mem-access 0
----------------End of Script----------------

14:04:48 INFO  : Memory regions updated for context APU
14:04:48 INFO  : Context for processor 'ps7_cortexa9_0' is selected.
14:04:48 INFO  : 'con' command is executed.
14:04:48 INFO  : ----------------XSDB Script (After Launch)----------------
targets -set -nocase -filter {name =~ "ARM*#0" && jtag_cable_name =~ "Digilent JTAG-SMT2 210251A543E7"} -index 0
con
----------------End of Script----------------

14:04:48 INFO  : Launch script is exported to file 'C:\COSMOS_KJH\CosmosPlus_DFTL_Cluster\Cluster\Build\Cluster\.sdk\launch_scripts\xilinx_c-c++_application_(system_debugger)\system_debugger_using_debug_cluster.elf_on_local.tcl'
14:06:41 INFO  : Disconnected from the channel tcfchan#1.
14:06:42 INFO  : Connected to target on host '127.0.0.1' and port '3121'.
14:06:42 INFO  : Jtag cable 'Digilent JTAG-SMT2 210251A543E7' is selected.
14:06:42 INFO  : 'jtag frequency' command is executed.
14:06:42 INFO  : Sourcing of 'C:/COSMOS_KJH/CosmosPlus_DFTL_Cluster/Cluster/Build/Cluster/system_hw_platform_0/ps7_init.tcl' is done.
14:06:42 INFO  : Context for 'APU' is selected.
14:06:42 INFO  : System reset is completed.
14:06:45 INFO  : 'after 3000' command is executed.
14:06:46 INFO  : 'targets -set -filter {jtag_cable_name =~ "Digilent JTAG-SMT2 210251A543E7" && level==0} -index 1' command is executed.
14:06:53 INFO  : FPGA configured successfully with bitstream "C:/COSMOS_KJH/CosmosPlus_DFTL_Cluster/Cluster/Build/Cluster/system_hw_platform_0/OpenSSD2.bit"
14:06:53 INFO  : Context for 'APU' is selected.
14:06:53 INFO  : Hardware design information is loaded from 'C:/COSMOS_KJH/CosmosPlus_DFTL_Cluster/Cluster/Build/Cluster/system_hw_platform_0/system.hdf'.
14:06:53 INFO  : 'configparams force-mem-access 1' command is executed.
14:06:53 INFO  : Context for 'APU' is selected.
14:06:54 INFO  : 'ps7_init' command is executed.
14:06:54 INFO  : 'ps7_post_config' command is executed.
14:06:54 INFO  : Context for processor 'ps7_cortexa9_0' is selected.
14:06:54 INFO  : The application 'C:/COSMOS_KJH/CosmosPlus_DFTL_Cluster/Cluster/Build/Cluster/Cluster/Debug/Cluster.elf' is downloaded to processor 'ps7_cortexa9_0'.
14:06:54 INFO  : 'configparams force-mem-access 0' command is executed.
14:06:54 INFO  : ----------------XSDB Script----------------
connect -url tcp:127.0.0.1:3121
source C:/COSMOS_KJH/CosmosPlus_DFTL_Cluster/Cluster/Build/Cluster/system_hw_platform_0/ps7_init.tcl
targets -set -nocase -filter {name =~"APU*" && jtag_cable_name =~ "Digilent JTAG-SMT2 210251A543E7"} -index 0
rst -system
after 3000
targets -set -filter {jtag_cable_name =~ "Digilent JTAG-SMT2 210251A543E7" && level==0} -index 1
fpga -file C:/COSMOS_KJH/CosmosPlus_DFTL_Cluster/Cluster/Build/Cluster/system_hw_platform_0/OpenSSD2.bit
targets -set -nocase -filter {name =~"APU*" && jtag_cable_name =~ "Digilent JTAG-SMT2 210251A543E7"} -index 0
loadhw -hw C:/COSMOS_KJH/CosmosPlus_DFTL_Cluster/Cluster/Build/Cluster/system_hw_platform_0/system.hdf -mem-ranges [list {0x40000000 0xbfffffff}]
configparams force-mem-access 1
targets -set -nocase -filter {name =~"APU*" && jtag_cable_name =~ "Digilent JTAG-SMT2 210251A543E7"} -index 0
ps7_init
ps7_post_config
targets -set -nocase -filter {name =~ "ARM*#0" && jtag_cable_name =~ "Digilent JTAG-SMT2 210251A543E7"} -index 0
dow C:/COSMOS_KJH/CosmosPlus_DFTL_Cluster/Cluster/Build/Cluster/Cluster/Debug/Cluster.elf
configparams force-mem-access 0
----------------End of Script----------------

14:06:54 INFO  : Memory regions updated for context APU
14:06:54 INFO  : Context for processor 'ps7_cortexa9_0' is selected.
14:06:54 INFO  : 'con' command is executed.
14:06:54 INFO  : ----------------XSDB Script (After Launch)----------------
targets -set -nocase -filter {name =~ "ARM*#0" && jtag_cable_name =~ "Digilent JTAG-SMT2 210251A543E7"} -index 0
con
----------------End of Script----------------

14:06:54 INFO  : Launch script is exported to file 'C:\COSMOS_KJH\CosmosPlus_DFTL_Cluster\Cluster\Build\Cluster\.sdk\launch_scripts\xilinx_c-c++_application_(system_debugger)\system_debugger_using_debug_cluster.elf_on_local.tcl'
14:08:04 INFO  : Disconnected from the channel tcfchan#2.
14:08:05 INFO  : Connected to target on host '127.0.0.1' and port '3121'.
14:08:05 INFO  : Jtag cable 'Digilent JTAG-SMT2 210251A543E7' is selected.
14:08:05 INFO  : 'jtag frequency' command is executed.
14:08:05 INFO  : Sourcing of 'C:/COSMOS_KJH/CosmosPlus_DFTL_Cluster/Cluster/Build/Cluster/system_hw_platform_0/ps7_init.tcl' is done.
14:08:05 INFO  : Context for 'APU' is selected.
14:08:06 INFO  : System reset is completed.
14:08:09 INFO  : 'after 3000' command is executed.
14:08:09 INFO  : 'targets -set -filter {jtag_cable_name =~ "Digilent JTAG-SMT2 210251A543E7" && level==0} -index 1' command is executed.
14:08:16 INFO  : FPGA configured successfully with bitstream "C:/COSMOS_KJH/CosmosPlus_DFTL_Cluster/Cluster/Build/Cluster/system_hw_platform_0/OpenSSD2.bit"
14:08:16 INFO  : Context for 'APU' is selected.
14:08:16 INFO  : Hardware design information is loaded from 'C:/COSMOS_KJH/CosmosPlus_DFTL_Cluster/Cluster/Build/Cluster/system_hw_platform_0/system.hdf'.
14:08:16 INFO  : 'configparams force-mem-access 1' command is executed.
14:08:16 INFO  : Context for 'APU' is selected.
14:08:17 INFO  : 'ps7_init' command is executed.
14:08:17 INFO  : 'ps7_post_config' command is executed.
14:08:17 INFO  : Context for processor 'ps7_cortexa9_0' is selected.
14:08:17 INFO  : The application 'C:/COSMOS_KJH/CosmosPlus_DFTL_Cluster/Cluster/Build/Cluster/Cluster/Debug/Cluster.elf' is downloaded to processor 'ps7_cortexa9_0'.
14:08:17 INFO  : 'configparams force-mem-access 0' command is executed.
14:08:17 INFO  : ----------------XSDB Script----------------
connect -url tcp:127.0.0.1:3121
source C:/COSMOS_KJH/CosmosPlus_DFTL_Cluster/Cluster/Build/Cluster/system_hw_platform_0/ps7_init.tcl
targets -set -nocase -filter {name =~"APU*" && jtag_cable_name =~ "Digilent JTAG-SMT2 210251A543E7"} -index 0
rst -system
after 3000
targets -set -filter {jtag_cable_name =~ "Digilent JTAG-SMT2 210251A543E7" && level==0} -index 1
fpga -file C:/COSMOS_KJH/CosmosPlus_DFTL_Cluster/Cluster/Build/Cluster/system_hw_platform_0/OpenSSD2.bit
targets -set -nocase -filter {name =~"APU*" && jtag_cable_name =~ "Digilent JTAG-SMT2 210251A543E7"} -index 0
loadhw -hw C:/COSMOS_KJH/CosmosPlus_DFTL_Cluster/Cluster/Build/Cluster/system_hw_platform_0/system.hdf -mem-ranges [list {0x40000000 0xbfffffff}]
configparams force-mem-access 1
targets -set -nocase -filter {name =~"APU*" && jtag_cable_name =~ "Digilent JTAG-SMT2 210251A543E7"} -index 0
ps7_init
ps7_post_config
targets -set -nocase -filter {name =~ "ARM*#0" && jtag_cable_name =~ "Digilent JTAG-SMT2 210251A543E7"} -index 0
dow C:/COSMOS_KJH/CosmosPlus_DFTL_Cluster/Cluster/Build/Cluster/Cluster/Debug/Cluster.elf
configparams force-mem-access 0
----------------End of Script----------------

14:08:17 INFO  : Memory regions updated for context APU
14:08:17 INFO  : Context for processor 'ps7_cortexa9_0' is selected.
14:08:17 INFO  : 'con' command is executed.
14:08:17 INFO  : ----------------XSDB Script (After Launch)----------------
targets -set -nocase -filter {name =~ "ARM*#0" && jtag_cable_name =~ "Digilent JTAG-SMT2 210251A543E7"} -index 0
con
----------------End of Script----------------

14:08:17 INFO  : Launch script is exported to file 'C:\COSMOS_KJH\CosmosPlus_DFTL_Cluster\Cluster\Build\Cluster\.sdk\launch_scripts\xilinx_c-c++_application_(system_debugger)\system_debugger_using_debug_cluster.elf_on_local.tcl'
14:09:04 INFO  : Disconnected from the channel tcfchan#3.
14:09:05 INFO  : Connected to target on host '127.0.0.1' and port '3121'.
14:09:05 INFO  : Jtag cable 'Digilent JTAG-SMT2 210251A543E7' is selected.
14:09:05 INFO  : 'jtag frequency' command is executed.
14:09:05 INFO  : Sourcing of 'C:/COSMOS_KJH/CosmosPlus_DFTL_Cluster/Cluster/Build/Cluster/system_hw_platform_0/ps7_init.tcl' is done.
14:09:05 INFO  : Context for 'APU' is selected.
14:09:05 INFO  : System reset is completed.
14:09:08 INFO  : 'after 3000' command is executed.
14:09:08 INFO  : 'targets -set -filter {jtag_cable_name =~ "Digilent JTAG-SMT2 210251A543E7" && level==0} -index 1' command is executed.
14:09:16 INFO  : FPGA configured successfully with bitstream "C:/COSMOS_KJH/CosmosPlus_DFTL_Cluster/Cluster/Build/Cluster/system_hw_platform_0/OpenSSD2.bit"
14:09:16 INFO  : Context for 'APU' is selected.
14:09:16 INFO  : Hardware design information is loaded from 'C:/COSMOS_KJH/CosmosPlus_DFTL_Cluster/Cluster/Build/Cluster/system_hw_platform_0/system.hdf'.
14:09:16 INFO  : 'configparams force-mem-access 1' command is executed.
14:09:16 INFO  : Context for 'APU' is selected.
14:09:16 INFO  : 'ps7_init' command is executed.
14:09:16 INFO  : 'ps7_post_config' command is executed.
14:09:16 INFO  : Context for processor 'ps7_cortexa9_0' is selected.
14:09:17 INFO  : The application 'C:/COSMOS_KJH/CosmosPlus_DFTL_Cluster/Cluster/Build/Cluster/Cluster/Debug/Cluster.elf' is downloaded to processor 'ps7_cortexa9_0'.
14:09:17 INFO  : 'configparams force-mem-access 0' command is executed.
14:09:17 INFO  : ----------------XSDB Script----------------
connect -url tcp:127.0.0.1:3121
source C:/COSMOS_KJH/CosmosPlus_DFTL_Cluster/Cluster/Build/Cluster/system_hw_platform_0/ps7_init.tcl
targets -set -nocase -filter {name =~"APU*" && jtag_cable_name =~ "Digilent JTAG-SMT2 210251A543E7"} -index 0
rst -system
after 3000
targets -set -filter {jtag_cable_name =~ "Digilent JTAG-SMT2 210251A543E7" && level==0} -index 1
fpga -file C:/COSMOS_KJH/CosmosPlus_DFTL_Cluster/Cluster/Build/Cluster/system_hw_platform_0/OpenSSD2.bit
targets -set -nocase -filter {name =~"APU*" && jtag_cable_name =~ "Digilent JTAG-SMT2 210251A543E7"} -index 0
loadhw -hw C:/COSMOS_KJH/CosmosPlus_DFTL_Cluster/Cluster/Build/Cluster/system_hw_platform_0/system.hdf -mem-ranges [list {0x40000000 0xbfffffff}]
configparams force-mem-access 1
targets -set -nocase -filter {name =~"APU*" && jtag_cable_name =~ "Digilent JTAG-SMT2 210251A543E7"} -index 0
ps7_init
ps7_post_config
targets -set -nocase -filter {name =~ "ARM*#0" && jtag_cable_name =~ "Digilent JTAG-SMT2 210251A543E7"} -index 0
dow C:/COSMOS_KJH/CosmosPlus_DFTL_Cluster/Cluster/Build/Cluster/Cluster/Debug/Cluster.elf
configparams force-mem-access 0
----------------End of Script----------------

14:09:17 INFO  : Memory regions updated for context APU
14:09:17 INFO  : Context for processor 'ps7_cortexa9_0' is selected.
14:09:17 INFO  : 'con' command is executed.
14:09:17 INFO  : ----------------XSDB Script (After Launch)----------------
targets -set -nocase -filter {name =~ "ARM*#0" && jtag_cable_name =~ "Digilent JTAG-SMT2 210251A543E7"} -index 0
con
----------------End of Script----------------

14:09:17 INFO  : Launch script is exported to file 'C:\COSMOS_KJH\CosmosPlus_DFTL_Cluster\Cluster\Build\Cluster\.sdk\launch_scripts\xilinx_c-c++_application_(system_debugger)\system_debugger_using_debug_cluster.elf_on_local.tcl'
14:10:54 INFO  : Disconnected from the channel tcfchan#4.
14:10:55 INFO  : Connected to target on host '127.0.0.1' and port '3121'.
14:10:55 INFO  : Jtag cable 'Digilent JTAG-SMT2 210251A543E7' is selected.
14:10:55 INFO  : 'jtag frequency' command is executed.
14:10:55 INFO  : Sourcing of 'C:/COSMOS_KJH/CosmosPlus_DFTL_Cluster/Cluster/Build/Cluster/system_hw_platform_0/ps7_init.tcl' is done.
14:10:55 INFO  : Context for 'APU' is selected.
14:10:56 INFO  : System reset is completed.
14:10:59 INFO  : 'after 3000' command is executed.
14:10:59 INFO  : 'targets -set -filter {jtag_cable_name =~ "Digilent JTAG-SMT2 210251A543E7" && level==0} -index 1' command is executed.
14:11:06 INFO  : FPGA configured successfully with bitstream "C:/COSMOS_KJH/CosmosPlus_DFTL_Cluster/Cluster/Build/Cluster/system_hw_platform_0/OpenSSD2.bit"
14:11:06 INFO  : Context for 'APU' is selected.
14:11:06 INFO  : Hardware design information is loaded from 'C:/COSMOS_KJH/CosmosPlus_DFTL_Cluster/Cluster/Build/Cluster/system_hw_platform_0/system.hdf'.
14:11:06 INFO  : 'configparams force-mem-access 1' command is executed.
14:11:06 INFO  : Context for 'APU' is selected.
14:11:07 INFO  : 'ps7_init' command is executed.
14:11:07 INFO  : 'ps7_post_config' command is executed.
14:11:07 INFO  : Context for processor 'ps7_cortexa9_0' is selected.
14:11:07 INFO  : The application 'C:/COSMOS_KJH/CosmosPlus_DFTL_Cluster/Cluster/Build/Cluster/Cluster/Debug/Cluster.elf' is downloaded to processor 'ps7_cortexa9_0'.
14:11:07 INFO  : 'configparams force-mem-access 0' command is executed.
14:11:07 INFO  : ----------------XSDB Script----------------
connect -url tcp:127.0.0.1:3121
source C:/COSMOS_KJH/CosmosPlus_DFTL_Cluster/Cluster/Build/Cluster/system_hw_platform_0/ps7_init.tcl
targets -set -nocase -filter {name =~"APU*" && jtag_cable_name =~ "Digilent JTAG-SMT2 210251A543E7"} -index 0
rst -system
after 3000
targets -set -filter {jtag_cable_name =~ "Digilent JTAG-SMT2 210251A543E7" && level==0} -index 1
fpga -file C:/COSMOS_KJH/CosmosPlus_DFTL_Cluster/Cluster/Build/Cluster/system_hw_platform_0/OpenSSD2.bit
targets -set -nocase -filter {name =~"APU*" && jtag_cable_name =~ "Digilent JTAG-SMT2 210251A543E7"} -index 0
loadhw -hw C:/COSMOS_KJH/CosmosPlus_DFTL_Cluster/Cluster/Build/Cluster/system_hw_platform_0/system.hdf -mem-ranges [list {0x40000000 0xbfffffff}]
configparams force-mem-access 1
targets -set -nocase -filter {name =~"APU*" && jtag_cable_name =~ "Digilent JTAG-SMT2 210251A543E7"} -index 0
ps7_init
ps7_post_config
targets -set -nocase -filter {name =~ "ARM*#0" && jtag_cable_name =~ "Digilent JTAG-SMT2 210251A543E7"} -index 0
dow C:/COSMOS_KJH/CosmosPlus_DFTL_Cluster/Cluster/Build/Cluster/Cluster/Debug/Cluster.elf
configparams force-mem-access 0
----------------End of Script----------------

14:11:07 INFO  : Memory regions updated for context APU
14:11:07 INFO  : Context for processor 'ps7_cortexa9_0' is selected.
14:11:07 INFO  : 'con' command is executed.
14:11:07 INFO  : ----------------XSDB Script (After Launch)----------------
targets -set -nocase -filter {name =~ "ARM*#0" && jtag_cable_name =~ "Digilent JTAG-SMT2 210251A543E7"} -index 0
con
----------------End of Script----------------

14:11:07 INFO  : Launch script is exported to file 'C:\COSMOS_KJH\CosmosPlus_DFTL_Cluster\Cluster\Build\Cluster\.sdk\launch_scripts\xilinx_c-c++_application_(system_debugger)\system_debugger_using_debug_cluster.elf_on_local.tcl'
14:15:31 INFO  : Disconnected from the channel tcfchan#5.
14:15:33 INFO  : Connected to target on host '127.0.0.1' and port '3121'.
14:15:33 INFO  : Jtag cable 'Digilent JTAG-SMT2 210251A543E7' is selected.
14:15:33 INFO  : 'jtag frequency' command is executed.
14:15:33 INFO  : Sourcing of 'C:/COSMOS_KJH/CosmosPlus_DFTL_Cluster/Cluster/Build/Cluster/system_hw_platform_0/ps7_init.tcl' is done.
14:15:33 INFO  : Context for 'APU' is selected.
14:15:33 INFO  : System reset is completed.
14:15:36 INFO  : 'after 3000' command is executed.
14:15:36 INFO  : 'targets -set -filter {jtag_cable_name =~ "Digilent JTAG-SMT2 210251A543E7" && level==0} -index 1' command is executed.
14:15:44 INFO  : FPGA configured successfully with bitstream "C:/COSMOS_KJH/CosmosPlus_DFTL_Cluster/Cluster/Build/Cluster/system_hw_platform_0/OpenSSD2.bit"
14:15:44 INFO  : Context for 'APU' is selected.
14:15:44 INFO  : Hardware design information is loaded from 'C:/COSMOS_KJH/CosmosPlus_DFTL_Cluster/Cluster/Build/Cluster/system_hw_platform_0/system.hdf'.
14:15:44 INFO  : 'configparams force-mem-access 1' command is executed.
14:15:44 INFO  : Context for 'APU' is selected.
14:15:44 INFO  : 'ps7_init' command is executed.
14:15:44 INFO  : 'ps7_post_config' command is executed.
14:15:44 INFO  : Context for processor 'ps7_cortexa9_0' is selected.
14:15:45 INFO  : The application 'C:/COSMOS_KJH/CosmosPlus_DFTL_Cluster/Cluster/Build/Cluster/Cluster/Debug/Cluster.elf' is downloaded to processor 'ps7_cortexa9_0'.
14:15:45 INFO  : 'configparams force-mem-access 0' command is executed.
14:15:45 INFO  : ----------------XSDB Script----------------
connect -url tcp:127.0.0.1:3121
source C:/COSMOS_KJH/CosmosPlus_DFTL_Cluster/Cluster/Build/Cluster/system_hw_platform_0/ps7_init.tcl
targets -set -nocase -filter {name =~"APU*" && jtag_cable_name =~ "Digilent JTAG-SMT2 210251A543E7"} -index 0
rst -system
after 3000
targets -set -filter {jtag_cable_name =~ "Digilent JTAG-SMT2 210251A543E7" && level==0} -index 1
fpga -file C:/COSMOS_KJH/CosmosPlus_DFTL_Cluster/Cluster/Build/Cluster/system_hw_platform_0/OpenSSD2.bit
targets -set -nocase -filter {name =~"APU*" && jtag_cable_name =~ "Digilent JTAG-SMT2 210251A543E7"} -index 0
loadhw -hw C:/COSMOS_KJH/CosmosPlus_DFTL_Cluster/Cluster/Build/Cluster/system_hw_platform_0/system.hdf -mem-ranges [list {0x40000000 0xbfffffff}]
configparams force-mem-access 1
targets -set -nocase -filter {name =~"APU*" && jtag_cable_name =~ "Digilent JTAG-SMT2 210251A543E7"} -index 0
ps7_init
ps7_post_config
targets -set -nocase -filter {name =~ "ARM*#0" && jtag_cable_name =~ "Digilent JTAG-SMT2 210251A543E7"} -index 0
dow C:/COSMOS_KJH/CosmosPlus_DFTL_Cluster/Cluster/Build/Cluster/Cluster/Debug/Cluster.elf
configparams force-mem-access 0
----------------End of Script----------------

14:15:45 INFO  : Memory regions updated for context APU
14:15:45 INFO  : Context for processor 'ps7_cortexa9_0' is selected.
14:15:45 INFO  : 'con' command is executed.
14:15:45 INFO  : ----------------XSDB Script (After Launch)----------------
targets -set -nocase -filter {name =~ "ARM*#0" && jtag_cable_name =~ "Digilent JTAG-SMT2 210251A543E7"} -index 0
con
----------------End of Script----------------

14:15:45 INFO  : Launch script is exported to file 'C:\COSMOS_KJH\CosmosPlus_DFTL_Cluster\Cluster\Build\Cluster\.sdk\launch_scripts\xilinx_c-c++_application_(system_debugger)\system_debugger_using_debug_cluster.elf_on_local.tcl'
14:16:23 INFO  : Disconnected from the channel tcfchan#6.
14:16:24 INFO  : Connected to target on host '127.0.0.1' and port '3121'.
14:16:24 INFO  : Jtag cable 'Digilent JTAG-SMT2 210251A543E7' is selected.
14:16:24 INFO  : 'jtag frequency' command is executed.
14:16:24 INFO  : Sourcing of 'C:/COSMOS_KJH/CosmosPlus_DFTL_Cluster/Cluster/Build/Cluster/system_hw_platform_0/ps7_init.tcl' is done.
14:16:24 INFO  : Context for 'APU' is selected.
14:16:24 INFO  : System reset is completed.
14:16:27 INFO  : 'after 3000' command is executed.
14:16:27 INFO  : 'targets -set -filter {jtag_cable_name =~ "Digilent JTAG-SMT2 210251A543E7" && level==0} -index 1' command is executed.
14:16:35 INFO  : FPGA configured successfully with bitstream "C:/COSMOS_KJH/CosmosPlus_DFTL_Cluster/Cluster/Build/Cluster/system_hw_platform_0/OpenSSD2.bit"
14:16:35 INFO  : Context for 'APU' is selected.
14:16:35 INFO  : Hardware design information is loaded from 'C:/COSMOS_KJH/CosmosPlus_DFTL_Cluster/Cluster/Build/Cluster/system_hw_platform_0/system.hdf'.
14:16:35 INFO  : 'configparams force-mem-access 1' command is executed.
14:16:35 INFO  : Context for 'APU' is selected.
14:16:35 INFO  : 'ps7_init' command is executed.
14:16:35 INFO  : 'ps7_post_config' command is executed.
14:16:35 INFO  : Context for processor 'ps7_cortexa9_0' is selected.
14:16:36 INFO  : The application 'C:/COSMOS_KJH/CosmosPlus_DFTL_Cluster/Cluster/Build/Cluster/Cluster/Debug/Cluster.elf' is downloaded to processor 'ps7_cortexa9_0'.
14:16:36 INFO  : 'configparams force-mem-access 0' command is executed.
14:16:36 INFO  : ----------------XSDB Script----------------
connect -url tcp:127.0.0.1:3121
source C:/COSMOS_KJH/CosmosPlus_DFTL_Cluster/Cluster/Build/Cluster/system_hw_platform_0/ps7_init.tcl
targets -set -nocase -filter {name =~"APU*" && jtag_cable_name =~ "Digilent JTAG-SMT2 210251A543E7"} -index 0
rst -system
after 3000
targets -set -filter {jtag_cable_name =~ "Digilent JTAG-SMT2 210251A543E7" && level==0} -index 1
fpga -file C:/COSMOS_KJH/CosmosPlus_DFTL_Cluster/Cluster/Build/Cluster/system_hw_platform_0/OpenSSD2.bit
targets -set -nocase -filter {name =~"APU*" && jtag_cable_name =~ "Digilent JTAG-SMT2 210251A543E7"} -index 0
loadhw -hw C:/COSMOS_KJH/CosmosPlus_DFTL_Cluster/Cluster/Build/Cluster/system_hw_platform_0/system.hdf -mem-ranges [list {0x40000000 0xbfffffff}]
configparams force-mem-access 1
targets -set -nocase -filter {name =~"APU*" && jtag_cable_name =~ "Digilent JTAG-SMT2 210251A543E7"} -index 0
ps7_init
ps7_post_config
targets -set -nocase -filter {name =~ "ARM*#0" && jtag_cable_name =~ "Digilent JTAG-SMT2 210251A543E7"} -index 0
dow C:/COSMOS_KJH/CosmosPlus_DFTL_Cluster/Cluster/Build/Cluster/Cluster/Debug/Cluster.elf
configparams force-mem-access 0
----------------End of Script----------------

14:16:36 INFO  : Memory regions updated for context APU
14:16:36 INFO  : Context for processor 'ps7_cortexa9_0' is selected.
14:16:36 INFO  : 'con' command is executed.
14:16:36 INFO  : ----------------XSDB Script (After Launch)----------------
targets -set -nocase -filter {name =~ "ARM*#0" && jtag_cable_name =~ "Digilent JTAG-SMT2 210251A543E7"} -index 0
con
----------------End of Script----------------

14:16:36 INFO  : Launch script is exported to file 'C:\COSMOS_KJH\CosmosPlus_DFTL_Cluster\Cluster\Build\Cluster\.sdk\launch_scripts\xilinx_c-c++_application_(system_debugger)\system_debugger_using_debug_cluster.elf_on_local.tcl'
14:17:41 INFO  : Disconnected from the channel tcfchan#7.
14:17:42 INFO  : Connected to target on host '127.0.0.1' and port '3121'.
14:17:42 INFO  : Jtag cable 'Digilent JTAG-SMT2 210251A543E7' is selected.
14:17:42 INFO  : 'jtag frequency' command is executed.
14:17:42 INFO  : Sourcing of 'C:/COSMOS_KJH/CosmosPlus_DFTL_Cluster/Cluster/Build/Cluster/system_hw_platform_0/ps7_init.tcl' is done.
14:17:42 INFO  : Context for 'APU' is selected.
14:17:42 INFO  : System reset is completed.
14:17:45 INFO  : 'after 3000' command is executed.
14:17:45 INFO  : 'targets -set -filter {jtag_cable_name =~ "Digilent JTAG-SMT2 210251A543E7" && level==0} -index 1' command is executed.
14:17:53 INFO  : FPGA configured successfully with bitstream "C:/COSMOS_KJH/CosmosPlus_DFTL_Cluster/Cluster/Build/Cluster/system_hw_platform_0/OpenSSD2.bit"
14:17:53 INFO  : Context for 'APU' is selected.
14:17:53 INFO  : Hardware design information is loaded from 'C:/COSMOS_KJH/CosmosPlus_DFTL_Cluster/Cluster/Build/Cluster/system_hw_platform_0/system.hdf'.
14:17:53 INFO  : 'configparams force-mem-access 1' command is executed.
14:17:53 INFO  : Context for 'APU' is selected.
14:17:53 INFO  : 'ps7_init' command is executed.
14:17:53 INFO  : 'ps7_post_config' command is executed.
14:17:53 INFO  : Context for processor 'ps7_cortexa9_0' is selected.
14:17:54 INFO  : The application 'C:/COSMOS_KJH/CosmosPlus_DFTL_Cluster/Cluster/Build/Cluster/Cluster/Debug/Cluster.elf' is downloaded to processor 'ps7_cortexa9_0'.
14:17:54 INFO  : 'configparams force-mem-access 0' command is executed.
14:17:54 INFO  : ----------------XSDB Script----------------
connect -url tcp:127.0.0.1:3121
source C:/COSMOS_KJH/CosmosPlus_DFTL_Cluster/Cluster/Build/Cluster/system_hw_platform_0/ps7_init.tcl
targets -set -nocase -filter {name =~"APU*" && jtag_cable_name =~ "Digilent JTAG-SMT2 210251A543E7"} -index 0
rst -system
after 3000
targets -set -filter {jtag_cable_name =~ "Digilent JTAG-SMT2 210251A543E7" && level==0} -index 1
fpga -file C:/COSMOS_KJH/CosmosPlus_DFTL_Cluster/Cluster/Build/Cluster/system_hw_platform_0/OpenSSD2.bit
targets -set -nocase -filter {name =~"APU*" && jtag_cable_name =~ "Digilent JTAG-SMT2 210251A543E7"} -index 0
loadhw -hw C:/COSMOS_KJH/CosmosPlus_DFTL_Cluster/Cluster/Build/Cluster/system_hw_platform_0/system.hdf -mem-ranges [list {0x40000000 0xbfffffff}]
configparams force-mem-access 1
targets -set -nocase -filter {name =~"APU*" && jtag_cable_name =~ "Digilent JTAG-SMT2 210251A543E7"} -index 0
ps7_init
ps7_post_config
targets -set -nocase -filter {name =~ "ARM*#0" && jtag_cable_name =~ "Digilent JTAG-SMT2 210251A543E7"} -index 0
dow C:/COSMOS_KJH/CosmosPlus_DFTL_Cluster/Cluster/Build/Cluster/Cluster/Debug/Cluster.elf
configparams force-mem-access 0
----------------End of Script----------------

14:17:54 INFO  : Memory regions updated for context APU
14:17:54 INFO  : Context for processor 'ps7_cortexa9_0' is selected.
14:17:54 INFO  : 'con' command is executed.
14:17:54 INFO  : ----------------XSDB Script (After Launch)----------------
targets -set -nocase -filter {name =~ "ARM*#0" && jtag_cable_name =~ "Digilent JTAG-SMT2 210251A543E7"} -index 0
con
----------------End of Script----------------

14:17:54 INFO  : Launch script is exported to file 'C:\COSMOS_KJH\CosmosPlus_DFTL_Cluster\Cluster\Build\Cluster\.sdk\launch_scripts\xilinx_c-c++_application_(system_debugger)\system_debugger_using_debug_cluster.elf_on_local.tcl'
14:22:37 INFO  : Disconnected from the channel tcfchan#8.
14:22:38 INFO  : Connected to target on host '127.0.0.1' and port '3121'.
14:22:38 INFO  : Jtag cable 'Digilent JTAG-SMT2 210251A543E7' is selected.
14:22:38 INFO  : 'jtag frequency' command is executed.
14:22:38 INFO  : Sourcing of 'C:/COSMOS_KJH/CosmosPlus_DFTL_Cluster/Cluster/Build/Cluster/system_hw_platform_0/ps7_init.tcl' is done.
14:22:38 INFO  : Context for 'APU' is selected.
14:22:38 INFO  : System reset is completed.
14:22:41 INFO  : 'after 3000' command is executed.
14:22:41 INFO  : 'targets -set -filter {jtag_cable_name =~ "Digilent JTAG-SMT2 210251A543E7" && level==0} -index 1' command is executed.
14:22:49 INFO  : FPGA configured successfully with bitstream "C:/COSMOS_KJH/CosmosPlus_DFTL_Cluster/Cluster/Build/Cluster/system_hw_platform_0/OpenSSD2.bit"
14:22:49 INFO  : Context for 'APU' is selected.
14:22:49 INFO  : Hardware design information is loaded from 'C:/COSMOS_KJH/CosmosPlus_DFTL_Cluster/Cluster/Build/Cluster/system_hw_platform_0/system.hdf'.
14:22:49 INFO  : 'configparams force-mem-access 1' command is executed.
14:22:49 INFO  : Context for 'APU' is selected.
14:22:49 INFO  : 'ps7_init' command is executed.
14:22:49 INFO  : 'ps7_post_config' command is executed.
14:22:49 INFO  : Context for processor 'ps7_cortexa9_0' is selected.
14:22:50 INFO  : The application 'C:/COSMOS_KJH/CosmosPlus_DFTL_Cluster/Cluster/Build/Cluster/Cluster/Debug/Cluster.elf' is downloaded to processor 'ps7_cortexa9_0'.
14:22:50 INFO  : 'configparams force-mem-access 0' command is executed.
14:22:50 INFO  : ----------------XSDB Script----------------
connect -url tcp:127.0.0.1:3121
source C:/COSMOS_KJH/CosmosPlus_DFTL_Cluster/Cluster/Build/Cluster/system_hw_platform_0/ps7_init.tcl
targets -set -nocase -filter {name =~"APU*" && jtag_cable_name =~ "Digilent JTAG-SMT2 210251A543E7"} -index 0
rst -system
after 3000
targets -set -filter {jtag_cable_name =~ "Digilent JTAG-SMT2 210251A543E7" && level==0} -index 1
fpga -file C:/COSMOS_KJH/CosmosPlus_DFTL_Cluster/Cluster/Build/Cluster/system_hw_platform_0/OpenSSD2.bit
targets -set -nocase -filter {name =~"APU*" && jtag_cable_name =~ "Digilent JTAG-SMT2 210251A543E7"} -index 0
loadhw -hw C:/COSMOS_KJH/CosmosPlus_DFTL_Cluster/Cluster/Build/Cluster/system_hw_platform_0/system.hdf -mem-ranges [list {0x40000000 0xbfffffff}]
configparams force-mem-access 1
targets -set -nocase -filter {name =~"APU*" && jtag_cable_name =~ "Digilent JTAG-SMT2 210251A543E7"} -index 0
ps7_init
ps7_post_config
targets -set -nocase -filter {name =~ "ARM*#0" && jtag_cable_name =~ "Digilent JTAG-SMT2 210251A543E7"} -index 0
dow C:/COSMOS_KJH/CosmosPlus_DFTL_Cluster/Cluster/Build/Cluster/Cluster/Debug/Cluster.elf
configparams force-mem-access 0
----------------End of Script----------------

14:22:50 INFO  : Memory regions updated for context APU
14:22:50 INFO  : Context for processor 'ps7_cortexa9_0' is selected.
14:22:50 INFO  : 'con' command is executed.
14:22:50 INFO  : ----------------XSDB Script (After Launch)----------------
targets -set -nocase -filter {name =~ "ARM*#0" && jtag_cable_name =~ "Digilent JTAG-SMT2 210251A543E7"} -index 0
con
----------------End of Script----------------

14:22:50 INFO  : Launch script is exported to file 'C:\COSMOS_KJH\CosmosPlus_DFTL_Cluster\Cluster\Build\Cluster\.sdk\launch_scripts\xilinx_c-c++_application_(system_debugger)\system_debugger_using_debug_cluster.elf_on_local.tcl'
14:49:17 INFO  : Disconnected from the channel tcfchan#9.
14:49:18 INFO  : Connected to target on host '127.0.0.1' and port '3121'.
14:49:18 INFO  : Jtag cable 'Digilent JTAG-SMT2 210251A543E7' is selected.
14:49:18 INFO  : 'jtag frequency' command is executed.
14:49:18 INFO  : Sourcing of 'C:/COSMOS_KJH/CosmosPlus_DFTL_Cluster/Cluster/Build/Cluster/system_hw_platform_0/ps7_init.tcl' is done.
14:49:18 INFO  : Context for 'APU' is selected.
14:49:18 INFO  : System reset is completed.
14:49:21 INFO  : 'after 3000' command is executed.
14:49:21 INFO  : 'targets -set -filter {jtag_cable_name =~ "Digilent JTAG-SMT2 210251A543E7" && level==0} -index 1' command is executed.
14:49:29 INFO  : FPGA configured successfully with bitstream "C:/COSMOS_KJH/CosmosPlus_DFTL_Cluster/Cluster/Build/Cluster/system_hw_platform_0/OpenSSD2.bit"
14:49:29 INFO  : Context for 'APU' is selected.
14:49:29 INFO  : Hardware design information is loaded from 'C:/COSMOS_KJH/CosmosPlus_DFTL_Cluster/Cluster/Build/Cluster/system_hw_platform_0/system.hdf'.
14:49:29 INFO  : 'configparams force-mem-access 1' command is executed.
14:49:29 INFO  : Context for 'APU' is selected.
14:49:29 INFO  : 'ps7_init' command is executed.
14:49:29 INFO  : 'ps7_post_config' command is executed.
14:49:29 INFO  : Context for processor 'ps7_cortexa9_0' is selected.
14:49:30 INFO  : The application 'C:/COSMOS_KJH/CosmosPlus_DFTL_Cluster/Cluster/Build/Cluster/Cluster/Debug/Cluster.elf' is downloaded to processor 'ps7_cortexa9_0'.
14:49:30 INFO  : 'configparams force-mem-access 0' command is executed.
14:49:30 INFO  : ----------------XSDB Script----------------
connect -url tcp:127.0.0.1:3121
source C:/COSMOS_KJH/CosmosPlus_DFTL_Cluster/Cluster/Build/Cluster/system_hw_platform_0/ps7_init.tcl
targets -set -nocase -filter {name =~"APU*" && jtag_cable_name =~ "Digilent JTAG-SMT2 210251A543E7"} -index 0
rst -system
after 3000
targets -set -filter {jtag_cable_name =~ "Digilent JTAG-SMT2 210251A543E7" && level==0} -index 1
fpga -file C:/COSMOS_KJH/CosmosPlus_DFTL_Cluster/Cluster/Build/Cluster/system_hw_platform_0/OpenSSD2.bit
targets -set -nocase -filter {name =~"APU*" && jtag_cable_name =~ "Digilent JTAG-SMT2 210251A543E7"} -index 0
loadhw -hw C:/COSMOS_KJH/CosmosPlus_DFTL_Cluster/Cluster/Build/Cluster/system_hw_platform_0/system.hdf -mem-ranges [list {0x40000000 0xbfffffff}]
configparams force-mem-access 1
targets -set -nocase -filter {name =~"APU*" && jtag_cable_name =~ "Digilent JTAG-SMT2 210251A543E7"} -index 0
ps7_init
ps7_post_config
targets -set -nocase -filter {name =~ "ARM*#0" && jtag_cable_name =~ "Digilent JTAG-SMT2 210251A543E7"} -index 0
dow C:/COSMOS_KJH/CosmosPlus_DFTL_Cluster/Cluster/Build/Cluster/Cluster/Debug/Cluster.elf
configparams force-mem-access 0
----------------End of Script----------------

14:49:30 INFO  : Memory regions updated for context APU
14:49:30 INFO  : Context for processor 'ps7_cortexa9_0' is selected.
14:49:30 INFO  : 'con' command is executed.
14:49:30 INFO  : ----------------XSDB Script (After Launch)----------------
targets -set -nocase -filter {name =~ "ARM*#0" && jtag_cable_name =~ "Digilent JTAG-SMT2 210251A543E7"} -index 0
con
----------------End of Script----------------

14:49:30 INFO  : Launch script is exported to file 'C:\COSMOS_KJH\CosmosPlus_DFTL_Cluster\Cluster\Build\Cluster\.sdk\launch_scripts\xilinx_c-c++_application_(system_debugger)\system_debugger_using_debug_cluster.elf_on_local.tcl'
14:51:42 INFO  : Disconnected from the channel tcfchan#10.
14:51:43 INFO  : Connected to target on host '127.0.0.1' and port '3121'.
14:51:43 INFO  : Jtag cable 'Digilent JTAG-SMT2 210251A543E7' is selected.
14:51:43 INFO  : 'jtag frequency' command is executed.
14:51:43 INFO  : Sourcing of 'C:/COSMOS_KJH/CosmosPlus_DFTL_Cluster/Cluster/Build/Cluster/system_hw_platform_0/ps7_init.tcl' is done.
14:51:43 INFO  : Context for 'APU' is selected.
14:51:43 INFO  : System reset is completed.
14:51:46 INFO  : 'after 3000' command is executed.
14:51:46 INFO  : 'targets -set -filter {jtag_cable_name =~ "Digilent JTAG-SMT2 210251A543E7" && level==0} -index 1' command is executed.
14:51:54 INFO  : FPGA configured successfully with bitstream "C:/COSMOS_KJH/CosmosPlus_DFTL_Cluster/Cluster/Build/Cluster/system_hw_platform_0/OpenSSD2.bit"
14:51:54 INFO  : Context for 'APU' is selected.
14:51:54 INFO  : Hardware design information is loaded from 'C:/COSMOS_KJH/CosmosPlus_DFTL_Cluster/Cluster/Build/Cluster/system_hw_platform_0/system.hdf'.
14:51:54 INFO  : 'configparams force-mem-access 1' command is executed.
14:51:54 INFO  : Context for 'APU' is selected.
14:51:54 INFO  : 'ps7_init' command is executed.
14:51:54 INFO  : 'ps7_post_config' command is executed.
14:51:54 INFO  : Context for processor 'ps7_cortexa9_0' is selected.
14:51:55 INFO  : The application 'C:/COSMOS_KJH/CosmosPlus_DFTL_Cluster/Cluster/Build/Cluster/Cluster/Debug/Cluster.elf' is downloaded to processor 'ps7_cortexa9_0'.
14:51:55 INFO  : 'configparams force-mem-access 0' command is executed.
14:51:55 INFO  : ----------------XSDB Script----------------
connect -url tcp:127.0.0.1:3121
source C:/COSMOS_KJH/CosmosPlus_DFTL_Cluster/Cluster/Build/Cluster/system_hw_platform_0/ps7_init.tcl
targets -set -nocase -filter {name =~"APU*" && jtag_cable_name =~ "Digilent JTAG-SMT2 210251A543E7"} -index 0
rst -system
after 3000
targets -set -filter {jtag_cable_name =~ "Digilent JTAG-SMT2 210251A543E7" && level==0} -index 1
fpga -file C:/COSMOS_KJH/CosmosPlus_DFTL_Cluster/Cluster/Build/Cluster/system_hw_platform_0/OpenSSD2.bit
targets -set -nocase -filter {name =~"APU*" && jtag_cable_name =~ "Digilent JTAG-SMT2 210251A543E7"} -index 0
loadhw -hw C:/COSMOS_KJH/CosmosPlus_DFTL_Cluster/Cluster/Build/Cluster/system_hw_platform_0/system.hdf -mem-ranges [list {0x40000000 0xbfffffff}]
configparams force-mem-access 1
targets -set -nocase -filter {name =~"APU*" && jtag_cable_name =~ "Digilent JTAG-SMT2 210251A543E7"} -index 0
ps7_init
ps7_post_config
targets -set -nocase -filter {name =~ "ARM*#0" && jtag_cable_name =~ "Digilent JTAG-SMT2 210251A543E7"} -index 0
dow C:/COSMOS_KJH/CosmosPlus_DFTL_Cluster/Cluster/Build/Cluster/Cluster/Debug/Cluster.elf
configparams force-mem-access 0
----------------End of Script----------------

14:51:55 INFO  : Memory regions updated for context APU
14:51:55 INFO  : Context for processor 'ps7_cortexa9_0' is selected.
14:51:55 INFO  : 'con' command is executed.
14:51:55 INFO  : ----------------XSDB Script (After Launch)----------------
targets -set -nocase -filter {name =~ "ARM*#0" && jtag_cable_name =~ "Digilent JTAG-SMT2 210251A543E7"} -index 0
con
----------------End of Script----------------

14:51:55 INFO  : Launch script is exported to file 'C:\COSMOS_KJH\CosmosPlus_DFTL_Cluster\Cluster\Build\Cluster\.sdk\launch_scripts\xilinx_c-c++_application_(system_debugger)\system_debugger_using_debug_cluster.elf_on_local.tcl'
14:54:08 INFO  : Disconnected from the channel tcfchan#11.
14:54:09 INFO  : Connected to target on host '127.0.0.1' and port '3121'.
14:54:09 INFO  : Jtag cable 'Digilent JTAG-SMT2 210251A543E7' is selected.
14:54:09 INFO  : 'jtag frequency' command is executed.
14:54:09 INFO  : Sourcing of 'C:/COSMOS_KJH/CosmosPlus_DFTL_Cluster/Cluster/Build/Cluster/system_hw_platform_0/ps7_init.tcl' is done.
14:54:09 INFO  : Context for 'APU' is selected.
14:54:09 INFO  : System reset is completed.
14:54:12 INFO  : 'after 3000' command is executed.
14:54:12 INFO  : 'targets -set -filter {jtag_cable_name =~ "Digilent JTAG-SMT2 210251A543E7" && level==0} -index 1' command is executed.
14:54:20 INFO  : FPGA configured successfully with bitstream "C:/COSMOS_KJH/CosmosPlus_DFTL_Cluster/Cluster/Build/Cluster/system_hw_platform_0/OpenSSD2.bit"
14:54:20 INFO  : Context for 'APU' is selected.
14:54:20 INFO  : Hardware design information is loaded from 'C:/COSMOS_KJH/CosmosPlus_DFTL_Cluster/Cluster/Build/Cluster/system_hw_platform_0/system.hdf'.
14:54:20 INFO  : 'configparams force-mem-access 1' command is executed.
14:54:20 INFO  : Context for 'APU' is selected.
14:54:20 INFO  : 'ps7_init' command is executed.
14:54:20 INFO  : 'ps7_post_config' command is executed.
14:54:20 INFO  : Context for processor 'ps7_cortexa9_0' is selected.
14:54:21 INFO  : The application 'C:/COSMOS_KJH/CosmosPlus_DFTL_Cluster/Cluster/Build/Cluster/Cluster/Debug/Cluster.elf' is downloaded to processor 'ps7_cortexa9_0'.
14:54:21 INFO  : 'configparams force-mem-access 0' command is executed.
14:54:21 INFO  : ----------------XSDB Script----------------
connect -url tcp:127.0.0.1:3121
source C:/COSMOS_KJH/CosmosPlus_DFTL_Cluster/Cluster/Build/Cluster/system_hw_platform_0/ps7_init.tcl
targets -set -nocase -filter {name =~"APU*" && jtag_cable_name =~ "Digilent JTAG-SMT2 210251A543E7"} -index 0
rst -system
after 3000
targets -set -filter {jtag_cable_name =~ "Digilent JTAG-SMT2 210251A543E7" && level==0} -index 1
fpga -file C:/COSMOS_KJH/CosmosPlus_DFTL_Cluster/Cluster/Build/Cluster/system_hw_platform_0/OpenSSD2.bit
targets -set -nocase -filter {name =~"APU*" && jtag_cable_name =~ "Digilent JTAG-SMT2 210251A543E7"} -index 0
loadhw -hw C:/COSMOS_KJH/CosmosPlus_DFTL_Cluster/Cluster/Build/Cluster/system_hw_platform_0/system.hdf -mem-ranges [list {0x40000000 0xbfffffff}]
configparams force-mem-access 1
targets -set -nocase -filter {name =~"APU*" && jtag_cable_name =~ "Digilent JTAG-SMT2 210251A543E7"} -index 0
ps7_init
ps7_post_config
targets -set -nocase -filter {name =~ "ARM*#0" && jtag_cable_name =~ "Digilent JTAG-SMT2 210251A543E7"} -index 0
dow C:/COSMOS_KJH/CosmosPlus_DFTL_Cluster/Cluster/Build/Cluster/Cluster/Debug/Cluster.elf
configparams force-mem-access 0
----------------End of Script----------------

14:54:21 INFO  : Memory regions updated for context APU
14:54:21 INFO  : Context for processor 'ps7_cortexa9_0' is selected.
14:54:21 INFO  : 'con' command is executed.
14:54:21 INFO  : ----------------XSDB Script (After Launch)----------------
targets -set -nocase -filter {name =~ "ARM*#0" && jtag_cable_name =~ "Digilent JTAG-SMT2 210251A543E7"} -index 0
con
----------------End of Script----------------

14:54:21 INFO  : Launch script is exported to file 'C:\COSMOS_KJH\CosmosPlus_DFTL_Cluster\Cluster\Build\Cluster\.sdk\launch_scripts\xilinx_c-c++_application_(system_debugger)\system_debugger_using_debug_cluster.elf_on_local.tcl'
15:03:23 INFO  : Disconnected from the channel tcfchan#12.
15:03:24 INFO  : Connected to target on host '127.0.0.1' and port '3121'.
15:03:24 INFO  : Jtag cable 'Digilent JTAG-SMT2 210251A543E7' is selected.
15:03:24 INFO  : 'jtag frequency' command is executed.
15:03:24 INFO  : Sourcing of 'C:/COSMOS_KJH/CosmosPlus_DFTL_Cluster/Cluster/Build/Cluster/system_hw_platform_0/ps7_init.tcl' is done.
15:03:24 INFO  : Context for 'APU' is selected.
15:03:25 INFO  : System reset is completed.
15:03:28 INFO  : 'after 3000' command is executed.
15:03:28 INFO  : 'targets -set -filter {jtag_cable_name =~ "Digilent JTAG-SMT2 210251A543E7" && level==0} -index 1' command is executed.
15:03:35 INFO  : FPGA configured successfully with bitstream "C:/COSMOS_KJH/CosmosPlus_DFTL_Cluster/Cluster/Build/Cluster/system_hw_platform_0/OpenSSD2.bit"
15:03:35 INFO  : Context for 'APU' is selected.
15:03:35 INFO  : Hardware design information is loaded from 'C:/COSMOS_KJH/CosmosPlus_DFTL_Cluster/Cluster/Build/Cluster/system_hw_platform_0/system.hdf'.
15:03:35 INFO  : 'configparams force-mem-access 1' command is executed.
15:03:35 INFO  : Context for 'APU' is selected.
15:03:36 INFO  : 'ps7_init' command is executed.
15:03:36 INFO  : 'ps7_post_config' command is executed.
15:03:36 INFO  : Context for processor 'ps7_cortexa9_0' is selected.
15:03:36 INFO  : The application 'C:/COSMOS_KJH/CosmosPlus_DFTL_Cluster/Cluster/Build/Cluster/Cluster/Debug/Cluster.elf' is downloaded to processor 'ps7_cortexa9_0'.
15:03:36 INFO  : 'configparams force-mem-access 0' command is executed.
15:03:36 INFO  : ----------------XSDB Script----------------
connect -url tcp:127.0.0.1:3121
source C:/COSMOS_KJH/CosmosPlus_DFTL_Cluster/Cluster/Build/Cluster/system_hw_platform_0/ps7_init.tcl
targets -set -nocase -filter {name =~"APU*" && jtag_cable_name =~ "Digilent JTAG-SMT2 210251A543E7"} -index 0
rst -system
after 3000
targets -set -filter {jtag_cable_name =~ "Digilent JTAG-SMT2 210251A543E7" && level==0} -index 1
fpga -file C:/COSMOS_KJH/CosmosPlus_DFTL_Cluster/Cluster/Build/Cluster/system_hw_platform_0/OpenSSD2.bit
targets -set -nocase -filter {name =~"APU*" && jtag_cable_name =~ "Digilent JTAG-SMT2 210251A543E7"} -index 0
loadhw -hw C:/COSMOS_KJH/CosmosPlus_DFTL_Cluster/Cluster/Build/Cluster/system_hw_platform_0/system.hdf -mem-ranges [list {0x40000000 0xbfffffff}]
configparams force-mem-access 1
targets -set -nocase -filter {name =~"APU*" && jtag_cable_name =~ "Digilent JTAG-SMT2 210251A543E7"} -index 0
ps7_init
ps7_post_config
targets -set -nocase -filter {name =~ "ARM*#0" && jtag_cable_name =~ "Digilent JTAG-SMT2 210251A543E7"} -index 0
dow C:/COSMOS_KJH/CosmosPlus_DFTL_Cluster/Cluster/Build/Cluster/Cluster/Debug/Cluster.elf
configparams force-mem-access 0
----------------End of Script----------------

15:03:36 INFO  : Memory regions updated for context APU
15:03:36 INFO  : Context for processor 'ps7_cortexa9_0' is selected.
15:03:36 INFO  : 'con' command is executed.
15:03:36 INFO  : ----------------XSDB Script (After Launch)----------------
targets -set -nocase -filter {name =~ "ARM*#0" && jtag_cable_name =~ "Digilent JTAG-SMT2 210251A543E7"} -index 0
con
----------------End of Script----------------

15:03:36 INFO  : Launch script is exported to file 'C:\COSMOS_KJH\CosmosPlus_DFTL_Cluster\Cluster\Build\Cluster\.sdk\launch_scripts\xilinx_c-c++_application_(system_debugger)\system_debugger_using_debug_cluster.elf_on_local.tcl'
15:05:05 INFO  : Disconnected from the channel tcfchan#13.
15:05:06 INFO  : Connected to target on host '127.0.0.1' and port '3121'.
15:05:07 INFO  : Jtag cable 'Digilent JTAG-SMT2 210251A543E7' is selected.
15:05:07 INFO  : 'jtag frequency' command is executed.
15:05:07 INFO  : Sourcing of 'C:/COSMOS_KJH/CosmosPlus_DFTL_Cluster/Cluster/Build/Cluster/system_hw_platform_0/ps7_init.tcl' is done.
15:05:07 INFO  : Context for 'APU' is selected.
15:05:07 INFO  : System reset is completed.
15:05:10 INFO  : 'after 3000' command is executed.
15:05:10 INFO  : 'targets -set -filter {jtag_cable_name =~ "Digilent JTAG-SMT2 210251A543E7" && level==0} -index 1' command is executed.
15:05:18 INFO  : FPGA configured successfully with bitstream "C:/COSMOS_KJH/CosmosPlus_DFTL_Cluster/Cluster/Build/Cluster/system_hw_platform_0/OpenSSD2.bit"
15:05:18 INFO  : Context for 'APU' is selected.
15:05:18 INFO  : Hardware design information is loaded from 'C:/COSMOS_KJH/CosmosPlus_DFTL_Cluster/Cluster/Build/Cluster/system_hw_platform_0/system.hdf'.
15:05:18 INFO  : 'configparams force-mem-access 1' command is executed.
15:05:18 INFO  : Context for 'APU' is selected.
15:05:18 INFO  : 'ps7_init' command is executed.
15:05:18 INFO  : 'ps7_post_config' command is executed.
15:05:18 INFO  : Context for processor 'ps7_cortexa9_0' is selected.
15:05:18 INFO  : The application 'C:/COSMOS_KJH/CosmosPlus_DFTL_Cluster/Cluster/Build/Cluster/Cluster/Debug/Cluster.elf' is downloaded to processor 'ps7_cortexa9_0'.
15:05:18 INFO  : 'configparams force-mem-access 0' command is executed.
15:05:18 INFO  : ----------------XSDB Script----------------
connect -url tcp:127.0.0.1:3121
source C:/COSMOS_KJH/CosmosPlus_DFTL_Cluster/Cluster/Build/Cluster/system_hw_platform_0/ps7_init.tcl
targets -set -nocase -filter {name =~"APU*" && jtag_cable_name =~ "Digilent JTAG-SMT2 210251A543E7"} -index 0
rst -system
after 3000
targets -set -filter {jtag_cable_name =~ "Digilent JTAG-SMT2 210251A543E7" && level==0} -index 1
fpga -file C:/COSMOS_KJH/CosmosPlus_DFTL_Cluster/Cluster/Build/Cluster/system_hw_platform_0/OpenSSD2.bit
targets -set -nocase -filter {name =~"APU*" && jtag_cable_name =~ "Digilent JTAG-SMT2 210251A543E7"} -index 0
loadhw -hw C:/COSMOS_KJH/CosmosPlus_DFTL_Cluster/Cluster/Build/Cluster/system_hw_platform_0/system.hdf -mem-ranges [list {0x40000000 0xbfffffff}]
configparams force-mem-access 1
targets -set -nocase -filter {name =~"APU*" && jtag_cable_name =~ "Digilent JTAG-SMT2 210251A543E7"} -index 0
ps7_init
ps7_post_config
targets -set -nocase -filter {name =~ "ARM*#0" && jtag_cable_name =~ "Digilent JTAG-SMT2 210251A543E7"} -index 0
dow C:/COSMOS_KJH/CosmosPlus_DFTL_Cluster/Cluster/Build/Cluster/Cluster/Debug/Cluster.elf
configparams force-mem-access 0
----------------End of Script----------------

15:05:19 INFO  : Memory regions updated for context APU
15:05:19 INFO  : Context for processor 'ps7_cortexa9_0' is selected.
15:05:19 INFO  : 'con' command is executed.
15:05:19 INFO  : ----------------XSDB Script (After Launch)----------------
targets -set -nocase -filter {name =~ "ARM*#0" && jtag_cable_name =~ "Digilent JTAG-SMT2 210251A543E7"} -index 0
con
----------------End of Script----------------

15:05:19 INFO  : Launch script is exported to file 'C:\COSMOS_KJH\CosmosPlus_DFTL_Cluster\Cluster\Build\Cluster\.sdk\launch_scripts\xilinx_c-c++_application_(system_debugger)\system_debugger_using_debug_cluster.elf_on_local.tcl'
15:16:51 INFO  : Disconnected from the channel tcfchan#14.
15:16:52 INFO  : Connected to target on host '127.0.0.1' and port '3121'.
15:16:52 INFO  : Jtag cable 'Digilent JTAG-SMT2 210251A543E7' is selected.
15:16:52 INFO  : 'jtag frequency' command is executed.
15:16:52 INFO  : Sourcing of 'C:/COSMOS_KJH/CosmosPlus_DFTL_Cluster/Cluster/Build/Cluster/system_hw_platform_0/ps7_init.tcl' is done.
15:16:52 INFO  : Context for 'APU' is selected.
15:16:52 INFO  : System reset is completed.
15:16:55 INFO  : 'after 3000' command is executed.
15:16:55 INFO  : 'targets -set -filter {jtag_cable_name =~ "Digilent JTAG-SMT2 210251A543E7" && level==0} -index 1' command is executed.
15:17:03 INFO  : FPGA configured successfully with bitstream "C:/COSMOS_KJH/CosmosPlus_DFTL_Cluster/Cluster/Build/Cluster/system_hw_platform_0/OpenSSD2.bit"
15:17:03 INFO  : Context for 'APU' is selected.
15:17:03 INFO  : Hardware design information is loaded from 'C:/COSMOS_KJH/CosmosPlus_DFTL_Cluster/Cluster/Build/Cluster/system_hw_platform_0/system.hdf'.
15:17:03 INFO  : 'configparams force-mem-access 1' command is executed.
15:17:03 INFO  : Context for 'APU' is selected.
15:17:04 INFO  : 'ps7_init' command is executed.
15:17:04 INFO  : 'ps7_post_config' command is executed.
15:17:04 INFO  : Context for processor 'ps7_cortexa9_0' is selected.
15:17:04 INFO  : The application 'C:/COSMOS_KJH/CosmosPlus_DFTL_Cluster/Cluster/Build/Cluster/Cluster/Debug/Cluster.elf' is downloaded to processor 'ps7_cortexa9_0'.
15:17:04 INFO  : 'configparams force-mem-access 0' command is executed.
15:17:04 INFO  : ----------------XSDB Script----------------
connect -url tcp:127.0.0.1:3121
source C:/COSMOS_KJH/CosmosPlus_DFTL_Cluster/Cluster/Build/Cluster/system_hw_platform_0/ps7_init.tcl
targets -set -nocase -filter {name =~"APU*" && jtag_cable_name =~ "Digilent JTAG-SMT2 210251A543E7"} -index 0
rst -system
after 3000
targets -set -filter {jtag_cable_name =~ "Digilent JTAG-SMT2 210251A543E7" && level==0} -index 1
fpga -file C:/COSMOS_KJH/CosmosPlus_DFTL_Cluster/Cluster/Build/Cluster/system_hw_platform_0/OpenSSD2.bit
targets -set -nocase -filter {name =~"APU*" && jtag_cable_name =~ "Digilent JTAG-SMT2 210251A543E7"} -index 0
loadhw -hw C:/COSMOS_KJH/CosmosPlus_DFTL_Cluster/Cluster/Build/Cluster/system_hw_platform_0/system.hdf -mem-ranges [list {0x40000000 0xbfffffff}]
configparams force-mem-access 1
targets -set -nocase -filter {name =~"APU*" && jtag_cable_name =~ "Digilent JTAG-SMT2 210251A543E7"} -index 0
ps7_init
ps7_post_config
targets -set -nocase -filter {name =~ "ARM*#0" && jtag_cable_name =~ "Digilent JTAG-SMT2 210251A543E7"} -index 0
dow C:/COSMOS_KJH/CosmosPlus_DFTL_Cluster/Cluster/Build/Cluster/Cluster/Debug/Cluster.elf
configparams force-mem-access 0
----------------End of Script----------------

15:17:04 INFO  : Memory regions updated for context APU
15:17:04 INFO  : Context for processor 'ps7_cortexa9_0' is selected.
15:17:04 INFO  : 'con' command is executed.
15:17:04 INFO  : ----------------XSDB Script (After Launch)----------------
targets -set -nocase -filter {name =~ "ARM*#0" && jtag_cable_name =~ "Digilent JTAG-SMT2 210251A543E7"} -index 0
con
----------------End of Script----------------

15:17:04 INFO  : Launch script is exported to file 'C:\COSMOS_KJH\CosmosPlus_DFTL_Cluster\Cluster\Build\Cluster\.sdk\launch_scripts\xilinx_c-c++_application_(system_debugger)\system_debugger_using_debug_cluster.elf_on_local.tcl'
15:37:14 INFO  : Disconnected from the channel tcfchan#15.
15:37:15 INFO  : Connected to target on host '127.0.0.1' and port '3121'.
15:37:15 INFO  : Jtag cable 'Digilent JTAG-SMT2 210251A543E7' is selected.
15:37:15 INFO  : 'jtag frequency' command is executed.
15:37:15 INFO  : Sourcing of 'C:/COSMOS_KJH/CosmosPlus_DFTL_Cluster/Cluster/Build/Cluster/system_hw_platform_0/ps7_init.tcl' is done.
15:37:15 INFO  : Context for 'APU' is selected.
15:37:15 INFO  : System reset is completed.
15:37:18 INFO  : 'after 3000' command is executed.
15:37:18 INFO  : 'targets -set -filter {jtag_cable_name =~ "Digilent JTAG-SMT2 210251A543E7" && level==0} -index 1' command is executed.
15:37:26 INFO  : FPGA configured successfully with bitstream "C:/COSMOS_KJH/CosmosPlus_DFTL_Cluster/Cluster/Build/Cluster/system_hw_platform_0/OpenSSD2.bit"
15:37:26 INFO  : Context for 'APU' is selected.
15:37:26 INFO  : Hardware design information is loaded from 'C:/COSMOS_KJH/CosmosPlus_DFTL_Cluster/Cluster/Build/Cluster/system_hw_platform_0/system.hdf'.
15:37:26 INFO  : 'configparams force-mem-access 1' command is executed.
15:37:26 INFO  : Context for 'APU' is selected.
15:37:26 INFO  : 'ps7_init' command is executed.
15:37:26 INFO  : 'ps7_post_config' command is executed.
15:37:26 INFO  : Context for processor 'ps7_cortexa9_0' is selected.
15:37:27 INFO  : The application 'C:/COSMOS_KJH/CosmosPlus_DFTL_Cluster/Cluster/Build/Cluster/Cluster/Debug/Cluster.elf' is downloaded to processor 'ps7_cortexa9_0'.
15:37:27 INFO  : 'configparams force-mem-access 0' command is executed.
15:37:27 INFO  : ----------------XSDB Script----------------
connect -url tcp:127.0.0.1:3121
source C:/COSMOS_KJH/CosmosPlus_DFTL_Cluster/Cluster/Build/Cluster/system_hw_platform_0/ps7_init.tcl
targets -set -nocase -filter {name =~"APU*" && jtag_cable_name =~ "Digilent JTAG-SMT2 210251A543E7"} -index 0
rst -system
after 3000
targets -set -filter {jtag_cable_name =~ "Digilent JTAG-SMT2 210251A543E7" && level==0} -index 1
fpga -file C:/COSMOS_KJH/CosmosPlus_DFTL_Cluster/Cluster/Build/Cluster/system_hw_platform_0/OpenSSD2.bit
targets -set -nocase -filter {name =~"APU*" && jtag_cable_name =~ "Digilent JTAG-SMT2 210251A543E7"} -index 0
loadhw -hw C:/COSMOS_KJH/CosmosPlus_DFTL_Cluster/Cluster/Build/Cluster/system_hw_platform_0/system.hdf -mem-ranges [list {0x40000000 0xbfffffff}]
configparams force-mem-access 1
targets -set -nocase -filter {name =~"APU*" && jtag_cable_name =~ "Digilent JTAG-SMT2 210251A543E7"} -index 0
ps7_init
ps7_post_config
targets -set -nocase -filter {name =~ "ARM*#0" && jtag_cable_name =~ "Digilent JTAG-SMT2 210251A543E7"} -index 0
dow C:/COSMOS_KJH/CosmosPlus_DFTL_Cluster/Cluster/Build/Cluster/Cluster/Debug/Cluster.elf
configparams force-mem-access 0
----------------End of Script----------------

15:37:27 INFO  : Memory regions updated for context APU
15:37:27 INFO  : Context for processor 'ps7_cortexa9_0' is selected.
15:37:27 INFO  : 'con' command is executed.
15:37:27 INFO  : ----------------XSDB Script (After Launch)----------------
targets -set -nocase -filter {name =~ "ARM*#0" && jtag_cable_name =~ "Digilent JTAG-SMT2 210251A543E7"} -index 0
con
----------------End of Script----------------

15:37:27 INFO  : Launch script is exported to file 'C:\COSMOS_KJH\CosmosPlus_DFTL_Cluster\Cluster\Build\Cluster\.sdk\launch_scripts\xilinx_c-c++_application_(system_debugger)\system_debugger_using_debug_cluster.elf_on_local.tcl'
15:39:18 INFO  : Disconnected from the channel tcfchan#16.
15:39:19 INFO  : Connected to target on host '127.0.0.1' and port '3121'.
15:39:20 INFO  : Jtag cable 'Digilent JTAG-SMT2 210251A543E7' is selected.
15:39:20 INFO  : 'jtag frequency' command is executed.
15:39:20 INFO  : Sourcing of 'C:/COSMOS_KJH/CosmosPlus_DFTL_Cluster/Cluster/Build/Cluster/system_hw_platform_0/ps7_init.tcl' is done.
15:39:20 INFO  : Context for 'APU' is selected.
15:39:20 INFO  : System reset is completed.
15:39:23 INFO  : 'after 3000' command is executed.
15:39:23 INFO  : 'targets -set -filter {jtag_cable_name =~ "Digilent JTAG-SMT2 210251A543E7" && level==0} -index 1' command is executed.
15:39:30 INFO  : FPGA configured successfully with bitstream "C:/COSMOS_KJH/CosmosPlus_DFTL_Cluster/Cluster/Build/Cluster/system_hw_platform_0/OpenSSD2.bit"
15:39:31 INFO  : Context for 'APU' is selected.
15:39:31 INFO  : Hardware design information is loaded from 'C:/COSMOS_KJH/CosmosPlus_DFTL_Cluster/Cluster/Build/Cluster/system_hw_platform_0/system.hdf'.
15:39:31 INFO  : 'configparams force-mem-access 1' command is executed.
15:39:31 INFO  : Context for 'APU' is selected.
15:39:31 INFO  : 'ps7_init' command is executed.
15:39:31 INFO  : 'ps7_post_config' command is executed.
15:39:31 INFO  : Context for processor 'ps7_cortexa9_0' is selected.
15:39:31 INFO  : The application 'C:/COSMOS_KJH/CosmosPlus_DFTL_Cluster/Cluster/Build/Cluster/Cluster/Debug/Cluster.elf' is downloaded to processor 'ps7_cortexa9_0'.
15:39:31 INFO  : 'configparams force-mem-access 0' command is executed.
15:39:31 INFO  : ----------------XSDB Script----------------
connect -url tcp:127.0.0.1:3121
source C:/COSMOS_KJH/CosmosPlus_DFTL_Cluster/Cluster/Build/Cluster/system_hw_platform_0/ps7_init.tcl
targets -set -nocase -filter {name =~"APU*" && jtag_cable_name =~ "Digilent JTAG-SMT2 210251A543E7"} -index 0
rst -system
after 3000
targets -set -filter {jtag_cable_name =~ "Digilent JTAG-SMT2 210251A543E7" && level==0} -index 1
fpga -file C:/COSMOS_KJH/CosmosPlus_DFTL_Cluster/Cluster/Build/Cluster/system_hw_platform_0/OpenSSD2.bit
targets -set -nocase -filter {name =~"APU*" && jtag_cable_name =~ "Digilent JTAG-SMT2 210251A543E7"} -index 0
loadhw -hw C:/COSMOS_KJH/CosmosPlus_DFTL_Cluster/Cluster/Build/Cluster/system_hw_platform_0/system.hdf -mem-ranges [list {0x40000000 0xbfffffff}]
configparams force-mem-access 1
targets -set -nocase -filter {name =~"APU*" && jtag_cable_name =~ "Digilent JTAG-SMT2 210251A543E7"} -index 0
ps7_init
ps7_post_config
targets -set -nocase -filter {name =~ "ARM*#0" && jtag_cable_name =~ "Digilent JTAG-SMT2 210251A543E7"} -index 0
dow C:/COSMOS_KJH/CosmosPlus_DFTL_Cluster/Cluster/Build/Cluster/Cluster/Debug/Cluster.elf
configparams force-mem-access 0
----------------End of Script----------------

15:39:32 INFO  : Memory regions updated for context APU
15:39:32 INFO  : Context for processor 'ps7_cortexa9_0' is selected.
15:39:32 INFO  : 'con' command is executed.
15:39:32 INFO  : ----------------XSDB Script (After Launch)----------------
targets -set -nocase -filter {name =~ "ARM*#0" && jtag_cable_name =~ "Digilent JTAG-SMT2 210251A543E7"} -index 0
con
----------------End of Script----------------

15:39:32 INFO  : Launch script is exported to file 'C:\COSMOS_KJH\CosmosPlus_DFTL_Cluster\Cluster\Build\Cluster\.sdk\launch_scripts\xilinx_c-c++_application_(system_debugger)\system_debugger_using_debug_cluster.elf_on_local.tcl'
15:43:40 INFO  : Disconnected from the channel tcfchan#17.
15:43:41 INFO  : Connected to target on host '127.0.0.1' and port '3121'.
15:43:41 INFO  : Jtag cable 'Digilent JTAG-SMT2 210251A543E7' is selected.
15:43:41 INFO  : 'jtag frequency' command is executed.
15:43:41 INFO  : Sourcing of 'C:/COSMOS_KJH/CosmosPlus_DFTL_Cluster/Cluster/Build/Cluster/system_hw_platform_0/ps7_init.tcl' is done.
15:43:42 INFO  : Context for 'APU' is selected.
15:43:42 INFO  : System reset is completed.
15:43:45 INFO  : 'after 3000' command is executed.
15:43:45 INFO  : 'targets -set -filter {jtag_cable_name =~ "Digilent JTAG-SMT2 210251A543E7" && level==0} -index 1' command is executed.
15:43:52 INFO  : FPGA configured successfully with bitstream "C:/COSMOS_KJH/CosmosPlus_DFTL_Cluster/Cluster/Build/Cluster/system_hw_platform_0/OpenSSD2.bit"
15:43:52 INFO  : Context for 'APU' is selected.
15:43:52 INFO  : Hardware design information is loaded from 'C:/COSMOS_KJH/CosmosPlus_DFTL_Cluster/Cluster/Build/Cluster/system_hw_platform_0/system.hdf'.
15:43:52 INFO  : 'configparams force-mem-access 1' command is executed.
15:43:52 INFO  : Context for 'APU' is selected.
15:43:53 INFO  : 'ps7_init' command is executed.
15:43:53 INFO  : 'ps7_post_config' command is executed.
15:43:53 INFO  : Context for processor 'ps7_cortexa9_0' is selected.
15:43:53 INFO  : The application 'C:/COSMOS_KJH/CosmosPlus_DFTL_Cluster/Cluster/Build/Cluster/Cluster/Debug/Cluster.elf' is downloaded to processor 'ps7_cortexa9_0'.
15:43:53 INFO  : 'configparams force-mem-access 0' command is executed.
15:43:53 INFO  : ----------------XSDB Script----------------
connect -url tcp:127.0.0.1:3121
source C:/COSMOS_KJH/CosmosPlus_DFTL_Cluster/Cluster/Build/Cluster/system_hw_platform_0/ps7_init.tcl
targets -set -nocase -filter {name =~"APU*" && jtag_cable_name =~ "Digilent JTAG-SMT2 210251A543E7"} -index 0
rst -system
after 3000
targets -set -filter {jtag_cable_name =~ "Digilent JTAG-SMT2 210251A543E7" && level==0} -index 1
fpga -file C:/COSMOS_KJH/CosmosPlus_DFTL_Cluster/Cluster/Build/Cluster/system_hw_platform_0/OpenSSD2.bit
targets -set -nocase -filter {name =~"APU*" && jtag_cable_name =~ "Digilent JTAG-SMT2 210251A543E7"} -index 0
loadhw -hw C:/COSMOS_KJH/CosmosPlus_DFTL_Cluster/Cluster/Build/Cluster/system_hw_platform_0/system.hdf -mem-ranges [list {0x40000000 0xbfffffff}]
configparams force-mem-access 1
targets -set -nocase -filter {name =~"APU*" && jtag_cable_name =~ "Digilent JTAG-SMT2 210251A543E7"} -index 0
ps7_init
ps7_post_config
targets -set -nocase -filter {name =~ "ARM*#0" && jtag_cable_name =~ "Digilent JTAG-SMT2 210251A543E7"} -index 0
dow C:/COSMOS_KJH/CosmosPlus_DFTL_Cluster/Cluster/Build/Cluster/Cluster/Debug/Cluster.elf
configparams force-mem-access 0
----------------End of Script----------------

15:43:53 INFO  : Memory regions updated for context APU
15:43:54 INFO  : Context for processor 'ps7_cortexa9_0' is selected.
15:43:54 INFO  : 'con' command is executed.
15:43:54 INFO  : ----------------XSDB Script (After Launch)----------------
targets -set -nocase -filter {name =~ "ARM*#0" && jtag_cable_name =~ "Digilent JTAG-SMT2 210251A543E7"} -index 0
con
----------------End of Script----------------

15:43:54 INFO  : Launch script is exported to file 'C:\COSMOS_KJH\CosmosPlus_DFTL_Cluster\Cluster\Build\Cluster\.sdk\launch_scripts\xilinx_c-c++_application_(system_debugger)\system_debugger_using_debug_cluster.elf_on_local.tcl'
15:48:09 INFO  : Disconnected from the channel tcfchan#18.
15:48:10 INFO  : Connected to target on host '127.0.0.1' and port '3121'.
15:48:10 INFO  : Jtag cable 'Digilent JTAG-SMT2 210251A543E7' is selected.
15:48:10 INFO  : 'jtag frequency' command is executed.
15:48:10 INFO  : Sourcing of 'C:/COSMOS_KJH/CosmosPlus_DFTL_Cluster/Cluster/Build/Cluster/system_hw_platform_0/ps7_init.tcl' is done.
15:48:10 INFO  : Context for 'APU' is selected.
15:48:11 INFO  : System reset is completed.
15:48:14 INFO  : 'after 3000' command is executed.
15:48:14 INFO  : 'targets -set -filter {jtag_cable_name =~ "Digilent JTAG-SMT2 210251A543E7" && level==0} -index 1' command is executed.
15:48:21 INFO  : FPGA configured successfully with bitstream "C:/COSMOS_KJH/CosmosPlus_DFTL_Cluster/Cluster/Build/Cluster/system_hw_platform_0/OpenSSD2.bit"
15:48:21 INFO  : Context for 'APU' is selected.
15:48:21 INFO  : Hardware design information is loaded from 'C:/COSMOS_KJH/CosmosPlus_DFTL_Cluster/Cluster/Build/Cluster/system_hw_platform_0/system.hdf'.
15:48:21 INFO  : 'configparams force-mem-access 1' command is executed.
15:48:21 INFO  : Context for 'APU' is selected.
15:48:22 INFO  : 'ps7_init' command is executed.
15:48:22 INFO  : 'ps7_post_config' command is executed.
15:48:22 INFO  : Context for processor 'ps7_cortexa9_0' is selected.
15:48:22 INFO  : The application 'C:/COSMOS_KJH/CosmosPlus_DFTL_Cluster/Cluster/Build/Cluster/Cluster/Debug/Cluster.elf' is downloaded to processor 'ps7_cortexa9_0'.
15:48:22 INFO  : 'configparams force-mem-access 0' command is executed.
15:48:22 INFO  : ----------------XSDB Script----------------
connect -url tcp:127.0.0.1:3121
source C:/COSMOS_KJH/CosmosPlus_DFTL_Cluster/Cluster/Build/Cluster/system_hw_platform_0/ps7_init.tcl
targets -set -nocase -filter {name =~"APU*" && jtag_cable_name =~ "Digilent JTAG-SMT2 210251A543E7"} -index 0
rst -system
after 3000
targets -set -filter {jtag_cable_name =~ "Digilent JTAG-SMT2 210251A543E7" && level==0} -index 1
fpga -file C:/COSMOS_KJH/CosmosPlus_DFTL_Cluster/Cluster/Build/Cluster/system_hw_platform_0/OpenSSD2.bit
targets -set -nocase -filter {name =~"APU*" && jtag_cable_name =~ "Digilent JTAG-SMT2 210251A543E7"} -index 0
loadhw -hw C:/COSMOS_KJH/CosmosPlus_DFTL_Cluster/Cluster/Build/Cluster/system_hw_platform_0/system.hdf -mem-ranges [list {0x40000000 0xbfffffff}]
configparams force-mem-access 1
targets -set -nocase -filter {name =~"APU*" && jtag_cable_name =~ "Digilent JTAG-SMT2 210251A543E7"} -index 0
ps7_init
ps7_post_config
targets -set -nocase -filter {name =~ "ARM*#0" && jtag_cable_name =~ "Digilent JTAG-SMT2 210251A543E7"} -index 0
dow C:/COSMOS_KJH/CosmosPlus_DFTL_Cluster/Cluster/Build/Cluster/Cluster/Debug/Cluster.elf
configparams force-mem-access 0
----------------End of Script----------------

15:48:22 INFO  : Memory regions updated for context APU
15:48:22 INFO  : Context for processor 'ps7_cortexa9_0' is selected.
15:48:22 INFO  : 'con' command is executed.
15:48:22 INFO  : ----------------XSDB Script (After Launch)----------------
targets -set -nocase -filter {name =~ "ARM*#0" && jtag_cable_name =~ "Digilent JTAG-SMT2 210251A543E7"} -index 0
con
----------------End of Script----------------

15:48:22 INFO  : Launch script is exported to file 'C:\COSMOS_KJH\CosmosPlus_DFTL_Cluster\Cluster\Build\Cluster\.sdk\launch_scripts\xilinx_c-c++_application_(system_debugger)\system_debugger_using_debug_cluster.elf_on_local.tcl'
15:49:23 INFO  : Disconnected from the channel tcfchan#19.
15:49:24 INFO  : Connected to target on host '127.0.0.1' and port '3121'.
15:49:24 INFO  : Jtag cable 'Digilent JTAG-SMT2 210251A543E7' is selected.
15:49:24 INFO  : 'jtag frequency' command is executed.
15:49:24 INFO  : Sourcing of 'C:/COSMOS_KJH/CosmosPlus_DFTL_Cluster/Cluster/Build/Cluster/system_hw_platform_0/ps7_init.tcl' is done.
15:49:24 INFO  : Context for 'APU' is selected.
15:49:24 INFO  : System reset is completed.
15:49:27 INFO  : 'after 3000' command is executed.
15:49:27 INFO  : 'targets -set -filter {jtag_cable_name =~ "Digilent JTAG-SMT2 210251A543E7" && level==0} -index 1' command is executed.
15:49:35 INFO  : FPGA configured successfully with bitstream "C:/COSMOS_KJH/CosmosPlus_DFTL_Cluster/Cluster/Build/Cluster/system_hw_platform_0/OpenSSD2.bit"
15:49:35 INFO  : Context for 'APU' is selected.
15:49:35 INFO  : Hardware design information is loaded from 'C:/COSMOS_KJH/CosmosPlus_DFTL_Cluster/Cluster/Build/Cluster/system_hw_platform_0/system.hdf'.
15:49:35 INFO  : 'configparams force-mem-access 1' command is executed.
15:49:35 INFO  : Context for 'APU' is selected.
15:49:35 INFO  : 'ps7_init' command is executed.
15:49:35 INFO  : 'ps7_post_config' command is executed.
15:49:35 INFO  : Context for processor 'ps7_cortexa9_0' is selected.
15:49:36 INFO  : The application 'C:/COSMOS_KJH/CosmosPlus_DFTL_Cluster/Cluster/Build/Cluster/Cluster/Debug/Cluster.elf' is downloaded to processor 'ps7_cortexa9_0'.
15:49:36 INFO  : 'configparams force-mem-access 0' command is executed.
15:49:36 INFO  : ----------------XSDB Script----------------
connect -url tcp:127.0.0.1:3121
source C:/COSMOS_KJH/CosmosPlus_DFTL_Cluster/Cluster/Build/Cluster/system_hw_platform_0/ps7_init.tcl
targets -set -nocase -filter {name =~"APU*" && jtag_cable_name =~ "Digilent JTAG-SMT2 210251A543E7"} -index 0
rst -system
after 3000
targets -set -filter {jtag_cable_name =~ "Digilent JTAG-SMT2 210251A543E7" && level==0} -index 1
fpga -file C:/COSMOS_KJH/CosmosPlus_DFTL_Cluster/Cluster/Build/Cluster/system_hw_platform_0/OpenSSD2.bit
targets -set -nocase -filter {name =~"APU*" && jtag_cable_name =~ "Digilent JTAG-SMT2 210251A543E7"} -index 0
loadhw -hw C:/COSMOS_KJH/CosmosPlus_DFTL_Cluster/Cluster/Build/Cluster/system_hw_platform_0/system.hdf -mem-ranges [list {0x40000000 0xbfffffff}]
configparams force-mem-access 1
targets -set -nocase -filter {name =~"APU*" && jtag_cable_name =~ "Digilent JTAG-SMT2 210251A543E7"} -index 0
ps7_init
ps7_post_config
targets -set -nocase -filter {name =~ "ARM*#0" && jtag_cable_name =~ "Digilent JTAG-SMT2 210251A543E7"} -index 0
dow C:/COSMOS_KJH/CosmosPlus_DFTL_Cluster/Cluster/Build/Cluster/Cluster/Debug/Cluster.elf
configparams force-mem-access 0
----------------End of Script----------------

15:49:36 INFO  : Memory regions updated for context APU
15:49:36 INFO  : Context for processor 'ps7_cortexa9_0' is selected.
15:49:36 INFO  : 'con' command is executed.
15:49:36 INFO  : ----------------XSDB Script (After Launch)----------------
targets -set -nocase -filter {name =~ "ARM*#0" && jtag_cable_name =~ "Digilent JTAG-SMT2 210251A543E7"} -index 0
con
----------------End of Script----------------

15:49:36 INFO  : Launch script is exported to file 'C:\COSMOS_KJH\CosmosPlus_DFTL_Cluster\Cluster\Build\Cluster\.sdk\launch_scripts\xilinx_c-c++_application_(system_debugger)\system_debugger_using_debug_cluster.elf_on_local.tcl'
15:52:46 INFO  : Disconnected from the channel tcfchan#20.
15:52:47 INFO  : Connected to target on host '127.0.0.1' and port '3121'.
15:52:47 INFO  : Jtag cable 'Digilent JTAG-SMT2 210251A543E7' is selected.
15:52:47 INFO  : 'jtag frequency' command is executed.
15:52:47 INFO  : Sourcing of 'C:/COSMOS_KJH/CosmosPlus_DFTL_Cluster/Cluster/Build/Cluster/system_hw_platform_0/ps7_init.tcl' is done.
15:52:47 INFO  : Context for 'APU' is selected.
15:52:47 INFO  : System reset is completed.
15:52:51 INFO  : 'after 3000' command is executed.
15:52:51 INFO  : 'targets -set -filter {jtag_cable_name =~ "Digilent JTAG-SMT2 210251A543E7" && level==0} -index 1' command is executed.
15:52:58 INFO  : FPGA configured successfully with bitstream "C:/COSMOS_KJH/CosmosPlus_DFTL_Cluster/Cluster/Build/Cluster/system_hw_platform_0/OpenSSD2.bit"
15:52:58 INFO  : Context for 'APU' is selected.
15:52:58 INFO  : Hardware design information is loaded from 'C:/COSMOS_KJH/CosmosPlus_DFTL_Cluster/Cluster/Build/Cluster/system_hw_platform_0/system.hdf'.
15:52:58 INFO  : 'configparams force-mem-access 1' command is executed.
15:52:58 INFO  : Context for 'APU' is selected.
15:52:59 INFO  : 'ps7_init' command is executed.
15:52:59 INFO  : 'ps7_post_config' command is executed.
15:52:59 INFO  : Context for processor 'ps7_cortexa9_0' is selected.
15:52:59 INFO  : The application 'C:/COSMOS_KJH/CosmosPlus_DFTL_Cluster/Cluster/Build/Cluster/Cluster/Debug/Cluster.elf' is downloaded to processor 'ps7_cortexa9_0'.
15:52:59 INFO  : 'configparams force-mem-access 0' command is executed.
15:52:59 INFO  : ----------------XSDB Script----------------
connect -url tcp:127.0.0.1:3121
source C:/COSMOS_KJH/CosmosPlus_DFTL_Cluster/Cluster/Build/Cluster/system_hw_platform_0/ps7_init.tcl
targets -set -nocase -filter {name =~"APU*" && jtag_cable_name =~ "Digilent JTAG-SMT2 210251A543E7"} -index 0
rst -system
after 3000
targets -set -filter {jtag_cable_name =~ "Digilent JTAG-SMT2 210251A543E7" && level==0} -index 1
fpga -file C:/COSMOS_KJH/CosmosPlus_DFTL_Cluster/Cluster/Build/Cluster/system_hw_platform_0/OpenSSD2.bit
targets -set -nocase -filter {name =~"APU*" && jtag_cable_name =~ "Digilent JTAG-SMT2 210251A543E7"} -index 0
loadhw -hw C:/COSMOS_KJH/CosmosPlus_DFTL_Cluster/Cluster/Build/Cluster/system_hw_platform_0/system.hdf -mem-ranges [list {0x40000000 0xbfffffff}]
configparams force-mem-access 1
targets -set -nocase -filter {name =~"APU*" && jtag_cable_name =~ "Digilent JTAG-SMT2 210251A543E7"} -index 0
ps7_init
ps7_post_config
targets -set -nocase -filter {name =~ "ARM*#0" && jtag_cable_name =~ "Digilent JTAG-SMT2 210251A543E7"} -index 0
dow C:/COSMOS_KJH/CosmosPlus_DFTL_Cluster/Cluster/Build/Cluster/Cluster/Debug/Cluster.elf
configparams force-mem-access 0
----------------End of Script----------------

15:52:59 INFO  : Memory regions updated for context APU
15:52:59 INFO  : Context for processor 'ps7_cortexa9_0' is selected.
15:52:59 INFO  : 'con' command is executed.
15:52:59 INFO  : ----------------XSDB Script (After Launch)----------------
targets -set -nocase -filter {name =~ "ARM*#0" && jtag_cable_name =~ "Digilent JTAG-SMT2 210251A543E7"} -index 0
con
----------------End of Script----------------

15:52:59 INFO  : Launch script is exported to file 'C:\COSMOS_KJH\CosmosPlus_DFTL_Cluster\Cluster\Build\Cluster\.sdk\launch_scripts\xilinx_c-c++_application_(system_debugger)\system_debugger_using_debug_cluster.elf_on_local.tcl'
15:54:24 INFO  : Disconnected from the channel tcfchan#21.
15:54:25 INFO  : Connected to target on host '127.0.0.1' and port '3121'.
15:54:25 INFO  : Jtag cable 'Digilent JTAG-SMT2 210251A543E7' is selected.
15:54:25 INFO  : 'jtag frequency' command is executed.
15:54:25 INFO  : Sourcing of 'C:/COSMOS_KJH/CosmosPlus_DFTL_Cluster/Cluster/Build/Cluster/system_hw_platform_0/ps7_init.tcl' is done.
15:54:25 INFO  : Context for 'APU' is selected.
15:54:26 INFO  : System reset is completed.
15:54:29 INFO  : 'after 3000' command is executed.
15:54:29 INFO  : 'targets -set -filter {jtag_cable_name =~ "Digilent JTAG-SMT2 210251A543E7" && level==0} -index 1' command is executed.
15:54:36 INFO  : FPGA configured successfully with bitstream "C:/COSMOS_KJH/CosmosPlus_DFTL_Cluster/Cluster/Build/Cluster/system_hw_platform_0/OpenSSD2.bit"
15:54:36 INFO  : Context for 'APU' is selected.
15:54:36 INFO  : Hardware design information is loaded from 'C:/COSMOS_KJH/CosmosPlus_DFTL_Cluster/Cluster/Build/Cluster/system_hw_platform_0/system.hdf'.
15:54:36 INFO  : 'configparams force-mem-access 1' command is executed.
15:54:36 INFO  : Context for 'APU' is selected.
15:54:37 INFO  : 'ps7_init' command is executed.
15:54:37 INFO  : 'ps7_post_config' command is executed.
15:54:37 INFO  : Context for processor 'ps7_cortexa9_0' is selected.
15:54:37 INFO  : The application 'C:/COSMOS_KJH/CosmosPlus_DFTL_Cluster/Cluster/Build/Cluster/Cluster/Debug/Cluster.elf' is downloaded to processor 'ps7_cortexa9_0'.
15:54:37 INFO  : 'configparams force-mem-access 0' command is executed.
15:54:37 INFO  : ----------------XSDB Script----------------
connect -url tcp:127.0.0.1:3121
source C:/COSMOS_KJH/CosmosPlus_DFTL_Cluster/Cluster/Build/Cluster/system_hw_platform_0/ps7_init.tcl
targets -set -nocase -filter {name =~"APU*" && jtag_cable_name =~ "Digilent JTAG-SMT2 210251A543E7"} -index 0
rst -system
after 3000
targets -set -filter {jtag_cable_name =~ "Digilent JTAG-SMT2 210251A543E7" && level==0} -index 1
fpga -file C:/COSMOS_KJH/CosmosPlus_DFTL_Cluster/Cluster/Build/Cluster/system_hw_platform_0/OpenSSD2.bit
targets -set -nocase -filter {name =~"APU*" && jtag_cable_name =~ "Digilent JTAG-SMT2 210251A543E7"} -index 0
loadhw -hw C:/COSMOS_KJH/CosmosPlus_DFTL_Cluster/Cluster/Build/Cluster/system_hw_platform_0/system.hdf -mem-ranges [list {0x40000000 0xbfffffff}]
configparams force-mem-access 1
targets -set -nocase -filter {name =~"APU*" && jtag_cable_name =~ "Digilent JTAG-SMT2 210251A543E7"} -index 0
ps7_init
ps7_post_config
targets -set -nocase -filter {name =~ "ARM*#0" && jtag_cable_name =~ "Digilent JTAG-SMT2 210251A543E7"} -index 0
dow C:/COSMOS_KJH/CosmosPlus_DFTL_Cluster/Cluster/Build/Cluster/Cluster/Debug/Cluster.elf
configparams force-mem-access 0
----------------End of Script----------------

15:54:37 INFO  : Memory regions updated for context APU
15:54:37 INFO  : Context for processor 'ps7_cortexa9_0' is selected.
15:54:37 INFO  : 'con' command is executed.
15:54:37 INFO  : ----------------XSDB Script (After Launch)----------------
targets -set -nocase -filter {name =~ "ARM*#0" && jtag_cable_name =~ "Digilent JTAG-SMT2 210251A543E7"} -index 0
con
----------------End of Script----------------

15:54:37 INFO  : Launch script is exported to file 'C:\COSMOS_KJH\CosmosPlus_DFTL_Cluster\Cluster\Build\Cluster\.sdk\launch_scripts\xilinx_c-c++_application_(system_debugger)\system_debugger_using_debug_cluster.elf_on_local.tcl'
15:56:25 INFO  : Disconnected from the channel tcfchan#22.
15:56:26 INFO  : Connected to target on host '127.0.0.1' and port '3121'.
15:56:26 INFO  : Jtag cable 'Digilent JTAG-SMT2 210251A543E7' is selected.
15:56:26 INFO  : 'jtag frequency' command is executed.
15:56:26 INFO  : Sourcing of 'C:/COSMOS_KJH/CosmosPlus_DFTL_Cluster/Cluster/Build/Cluster/system_hw_platform_0/ps7_init.tcl' is done.
15:56:26 INFO  : Context for 'APU' is selected.
15:56:26 INFO  : System reset is completed.
15:56:29 INFO  : 'after 3000' command is executed.
15:56:29 INFO  : 'targets -set -filter {jtag_cable_name =~ "Digilent JTAG-SMT2 210251A543E7" && level==0} -index 1' command is executed.
15:56:37 INFO  : FPGA configured successfully with bitstream "C:/COSMOS_KJH/CosmosPlus_DFTL_Cluster/Cluster/Build/Cluster/system_hw_platform_0/OpenSSD2.bit"
15:56:37 INFO  : Context for 'APU' is selected.
15:56:37 INFO  : Hardware design information is loaded from 'C:/COSMOS_KJH/CosmosPlus_DFTL_Cluster/Cluster/Build/Cluster/system_hw_platform_0/system.hdf'.
15:56:37 INFO  : 'configparams force-mem-access 1' command is executed.
15:56:37 INFO  : Context for 'APU' is selected.
15:56:38 INFO  : 'ps7_init' command is executed.
15:56:38 INFO  : 'ps7_post_config' command is executed.
15:56:38 INFO  : Context for processor 'ps7_cortexa9_0' is selected.
15:56:38 INFO  : The application 'C:/COSMOS_KJH/CosmosPlus_DFTL_Cluster/Cluster/Build/Cluster/Cluster/Debug/Cluster.elf' is downloaded to processor 'ps7_cortexa9_0'.
15:56:38 INFO  : 'configparams force-mem-access 0' command is executed.
15:56:38 INFO  : ----------------XSDB Script----------------
connect -url tcp:127.0.0.1:3121
source C:/COSMOS_KJH/CosmosPlus_DFTL_Cluster/Cluster/Build/Cluster/system_hw_platform_0/ps7_init.tcl
targets -set -nocase -filter {name =~"APU*" && jtag_cable_name =~ "Digilent JTAG-SMT2 210251A543E7"} -index 0
rst -system
after 3000
targets -set -filter {jtag_cable_name =~ "Digilent JTAG-SMT2 210251A543E7" && level==0} -index 1
fpga -file C:/COSMOS_KJH/CosmosPlus_DFTL_Cluster/Cluster/Build/Cluster/system_hw_platform_0/OpenSSD2.bit
targets -set -nocase -filter {name =~"APU*" && jtag_cable_name =~ "Digilent JTAG-SMT2 210251A543E7"} -index 0
loadhw -hw C:/COSMOS_KJH/CosmosPlus_DFTL_Cluster/Cluster/Build/Cluster/system_hw_platform_0/system.hdf -mem-ranges [list {0x40000000 0xbfffffff}]
configparams force-mem-access 1
targets -set -nocase -filter {name =~"APU*" && jtag_cable_name =~ "Digilent JTAG-SMT2 210251A543E7"} -index 0
ps7_init
ps7_post_config
targets -set -nocase -filter {name =~ "ARM*#0" && jtag_cable_name =~ "Digilent JTAG-SMT2 210251A543E7"} -index 0
dow C:/COSMOS_KJH/CosmosPlus_DFTL_Cluster/Cluster/Build/Cluster/Cluster/Debug/Cluster.elf
configparams force-mem-access 0
----------------End of Script----------------

15:56:38 INFO  : Memory regions updated for context APU
15:56:38 INFO  : Context for processor 'ps7_cortexa9_0' is selected.
15:56:38 INFO  : 'con' command is executed.
15:56:38 INFO  : ----------------XSDB Script (After Launch)----------------
targets -set -nocase -filter {name =~ "ARM*#0" && jtag_cable_name =~ "Digilent JTAG-SMT2 210251A543E7"} -index 0
con
----------------End of Script----------------

15:56:38 INFO  : Launch script is exported to file 'C:\COSMOS_KJH\CosmosPlus_DFTL_Cluster\Cluster\Build\Cluster\.sdk\launch_scripts\xilinx_c-c++_application_(system_debugger)\system_debugger_using_debug_cluster.elf_on_local.tcl'
16:08:46 INFO  : Disconnected from the channel tcfchan#23.
16:08:47 INFO  : Connected to target on host '127.0.0.1' and port '3121'.
16:08:48 INFO  : Jtag cable 'Digilent JTAG-SMT2 210251A543E7' is selected.
16:08:48 INFO  : 'jtag frequency' command is executed.
16:08:48 INFO  : Sourcing of 'C:/COSMOS_KJH/CosmosPlus_DFTL_Cluster/Cluster/Build/Cluster/system_hw_platform_0/ps7_init.tcl' is done.
16:08:48 INFO  : Context for 'APU' is selected.
16:08:48 INFO  : System reset is completed.
16:08:51 INFO  : 'after 3000' command is executed.
16:08:51 INFO  : 'targets -set -filter {jtag_cable_name =~ "Digilent JTAG-SMT2 210251A543E7" && level==0} -index 1' command is executed.
16:08:59 INFO  : FPGA configured successfully with bitstream "C:/COSMOS_KJH/CosmosPlus_DFTL_Cluster/Cluster/Build/Cluster/system_hw_platform_0/OpenSSD2.bit"
16:08:59 INFO  : Context for 'APU' is selected.
16:08:59 INFO  : Hardware design information is loaded from 'C:/COSMOS_KJH/CosmosPlus_DFTL_Cluster/Cluster/Build/Cluster/system_hw_platform_0/system.hdf'.
16:08:59 INFO  : 'configparams force-mem-access 1' command is executed.
16:08:59 INFO  : Context for 'APU' is selected.
16:08:59 INFO  : 'ps7_init' command is executed.
16:08:59 INFO  : 'ps7_post_config' command is executed.
16:08:59 INFO  : Context for processor 'ps7_cortexa9_0' is selected.
16:09:00 INFO  : The application 'C:/COSMOS_KJH/CosmosPlus_DFTL_Cluster/Cluster/Build/Cluster/Cluster/Debug/Cluster.elf' is downloaded to processor 'ps7_cortexa9_0'.
16:09:00 INFO  : 'configparams force-mem-access 0' command is executed.
16:09:00 INFO  : ----------------XSDB Script----------------
connect -url tcp:127.0.0.1:3121
source C:/COSMOS_KJH/CosmosPlus_DFTL_Cluster/Cluster/Build/Cluster/system_hw_platform_0/ps7_init.tcl
targets -set -nocase -filter {name =~"APU*" && jtag_cable_name =~ "Digilent JTAG-SMT2 210251A543E7"} -index 0
rst -system
after 3000
targets -set -filter {jtag_cable_name =~ "Digilent JTAG-SMT2 210251A543E7" && level==0} -index 1
fpga -file C:/COSMOS_KJH/CosmosPlus_DFTL_Cluster/Cluster/Build/Cluster/system_hw_platform_0/OpenSSD2.bit
targets -set -nocase -filter {name =~"APU*" && jtag_cable_name =~ "Digilent JTAG-SMT2 210251A543E7"} -index 0
loadhw -hw C:/COSMOS_KJH/CosmosPlus_DFTL_Cluster/Cluster/Build/Cluster/system_hw_platform_0/system.hdf -mem-ranges [list {0x40000000 0xbfffffff}]
configparams force-mem-access 1
targets -set -nocase -filter {name =~"APU*" && jtag_cable_name =~ "Digilent JTAG-SMT2 210251A543E7"} -index 0
ps7_init
ps7_post_config
targets -set -nocase -filter {name =~ "ARM*#0" && jtag_cable_name =~ "Digilent JTAG-SMT2 210251A543E7"} -index 0
dow C:/COSMOS_KJH/CosmosPlus_DFTL_Cluster/Cluster/Build/Cluster/Cluster/Debug/Cluster.elf
configparams force-mem-access 0
----------------End of Script----------------

16:09:00 INFO  : Memory regions updated for context APU
16:09:00 INFO  : Context for processor 'ps7_cortexa9_0' is selected.
16:09:00 INFO  : 'con' command is executed.
16:09:00 INFO  : ----------------XSDB Script (After Launch)----------------
targets -set -nocase -filter {name =~ "ARM*#0" && jtag_cable_name =~ "Digilent JTAG-SMT2 210251A543E7"} -index 0
con
----------------End of Script----------------

16:09:00 INFO  : Launch script is exported to file 'C:\COSMOS_KJH\CosmosPlus_DFTL_Cluster\Cluster\Build\Cluster\.sdk\launch_scripts\xilinx_c-c++_application_(system_debugger)\system_debugger_using_debug_cluster.elf_on_local.tcl'
