#-----------------------------------------------------------
# Webtalk v2019.1 (64-bit)
# SW Build 2552052 on Fri May 24 14:49:42 MDT 2019
# 
# Start of session at: Thu Jul 31 09:59:51 2025
# Process ID: 27604
# Current directory: C:/CosmosPlus_DFTL-CSY/cosmos_plus_DFTL/Build/dftl_trim/webtalk
# Command line: wbtcv.exe -mode batch -source sdk_webtalk.tcl
# Log file: C:/CosmosPlus_DFTL-CSY/cosmos_plus_DFTL/Build/dftl_trim/webtalk/webtalk.log
# Journal file: C:/CosmosPlus_DFTL-CSY/cosmos_plus_DFTL/Build/dftl_trim/webtalk\webtalk.jou
#-----------------------------------------------------------
source sdk_webtalk.tcl
# webtalk_init -webtalk_dir C:\\CosmosPlus_DFTL-CSY\\cosmos_plus_DFTL\\Build\\dftl_trim\\webtalk
# webtalk_register_client -client project
# webtalk_add_data -client project -key date_generated -value "2025-07-31 09:59:50" -context "software_version_and_target_device"
# webtalk_add_data -client project -key product_version -value "SDK v2019.1" -context "software_version_and_target_device"
# webtalk_add_data -client project -key build_version -value "2019.1" -context "software_version_and_target_device"
# webtalk_add_data -client project -key os_platform -value "amd64" -context "software_version_and_target_device"
# webtalk_add_data -client project -key registration_id -value "212994262_0_0_047" -context "software_version_and_target_device"
# webtalk_add_data -client project -key tool_flow -value "SDK" -context "software_version_and_target_device"
# webtalk_add_data -client project -key beta -value "false" -context "software_version_and_target_device"
# webtalk_add_data -client project -key route_design -value "NA" -context "software_version_and_target_device"
# webtalk_add_data -client project -key target_family -value "NA" -context "software_version_and_target_device"
# webtalk_add_data -client project -key target_device -value "NA" -context "software_version_and_target_device"
# webtalk_add_data -client project -key target_package -value "NA" -context "software_version_and_target_device"
# webtalk_add_data -client project -key target_speed -value "NA" -context "software_version_and_target_device"
# webtalk_add_data -client project -key random_id -value "f3rtg5l20rs10bqrebjknld3hf" -context "software_version_and_target_device"
# webtalk_add_data -client project -key project_id -value "2019.1_8" -context "software_version_and_target_device"
# webtalk_add_data -client project -key project_iteration -value "8" -context "software_version_and_target_device"
# webtalk_add_data -client project -key os_name -value "Microsoft Windows 8 or later , 64-bit" -context "user_environment"
# webtalk_add_data -client project -key os_release -value "major release  (build 9200)" -context "user_environment"
# webtalk_add_data -client project -key cpu_name -value "AMD Ryzen 5 PRO 4650G with Radeon Graphics" -context "user_environment"
# webtalk_add_data -client project -key cpu_speed -value "3693 MHz" -context "user_environment"
# webtalk_add_data -client project -key total_processors -value "2" -context "user_environment"
# webtalk_add_data -client project -key system_ram -value "33.600 GB" -context "user_environment"
# webtalk_register_client -client sdk
# webtalk_add_data -client sdk -key uid -value "1753840936982" -context "sdk\\\\hardware/1753840936982"
# webtalk_add_data -client sdk -key isZynq -value "true" -context "sdk\\\\hardware/1753840936982"
# webtalk_add_data -client sdk -key isZynqMP -value "false" -context "sdk\\\\hardware/1753840936982"
# webtalk_add_data -client sdk -key Processors -value "2" -context "sdk\\\\hardware/1753840936982"
# webtalk_add_data -client sdk -key VivadoVersion -value "2019.1" -context "sdk\\\\hardware/1753840936982"
# webtalk_add_data -client sdk -key Arch -value "zynq" -context "sdk\\\\hardware/1753840936982"
# webtalk_add_data -client sdk -key Device -value "7z045" -context "sdk\\\\hardware/1753840936982"
# webtalk_add_data -client sdk -key IsHandoff -value "true" -context "sdk\\\\hardware/1753840936982"
# webtalk_add_data -client sdk -key os -value "NA" -context "sdk\\\\hardware/1753840936982"
# webtalk_add_data -client sdk -key apptemplate -value "NA" -context "sdk\\\\hardware/1753840936982"
# webtalk_add_data -client sdk -key RecordType -value "HWCreation" -context "sdk\\\\hardware/1753840936982"
# webtalk_add_data -client sdk -key uid -value "1753840947865" -context "sdk\\\\bsp/1753840947865"
# webtalk_add_data -client sdk -key hwid -value "1753840936982" -context "sdk\\\\bsp/1753840947865"
# webtalk_add_data -client sdk -key os -value "standalone" -context "sdk\\\\bsp/1753840947865"
# webtalk_add_data -client sdk -key apptemplate -value "empty_application" -context "sdk\\\\bsp/1753840947865"
# webtalk_add_data -client sdk -key RecordType -value "BSPCreation" -context "sdk\\\\bsp/1753840947865"
# webtalk_add_data -client sdk -key uid -value "1753840952040" -context "sdk\\\\application/1753840952040"
# webtalk_add_data -client sdk -key hwid -value "1753840936982" -context "sdk\\\\application/1753840952040"
# webtalk_add_data -client sdk -key bspid -value "1753840947865" -context "sdk\\\\application/1753840952040"
# webtalk_add_data -client sdk -key newbsp -value "true" -context "sdk\\\\application/1753840952040"
# webtalk_add_data -client sdk -key os -value "standalone" -context "sdk\\\\application/1753840952040"
# webtalk_add_data -client sdk -key apptemplate -value "empty_application" -context "sdk\\\\application/1753840952040"
# webtalk_add_data -client sdk -key RecordType -value "APPCreation" -context "sdk\\\\application/1753840952040"
# webtalk_add_data -client sdk -key LangUsed -value "CPP" -context "sdk\\\\application/1753840952040"
# webtalk_add_data -client sdk -key Procused -value "ps7_cortexa9" -context "sdk\\\\application/1753840952040"
# webtalk_add_data -client sdk -key projSize -value "1059.8984375" -context "sdk\\\\application/1753840952040"
# webtalk_add_data -client sdk -key uid -value "NA" -context "sdk\\\\bsp/1753923590056"
# webtalk_add_data -client sdk -key RecordType -value "ToolUsage" -context "sdk\\\\bsp/1753923590056"
# webtalk_add_data -client sdk -key BootgenCount -value "0" -context "sdk\\\\bsp/1753923590056"
# webtalk_add_data -client sdk -key DebugCount -value "32" -context "sdk\\\\bsp/1753923590056"
# webtalk_add_data -client sdk -key PerfCount -value "0" -context "sdk\\\\bsp/1753923590056"
# webtalk_add_data -client sdk -key FlashCount -value "0" -context "sdk\\\\bsp/1753923590056"
# webtalk_add_data -client sdk -key CrossTriggCount -value "0" -context "sdk\\\\bsp/1753923590056"
# webtalk_add_data -client sdk -key QemuDebugCount -value "0" -context "sdk\\\\bsp/1753923590056"
# webtalk_transmit -clientid 2063679983 -regid "212994262_0_0_047" -xml C:\\CosmosPlus_DFTL-CSY\\cosmos_plus_DFTL\\Build\\dftl_trim\\webtalk\\usage_statistics_ext_sdk.xml -html C:\\CosmosPlus_DFTL-CSY\\cosmos_plus_DFTL\\Build\\dftl_trim\\webtalk\\usage_statistics_ext_sdk.html -wdm C:\\CosmosPlus_DFTL-CSY\\cosmos_plus_DFTL\\Build\\dftl_trim\\webtalk\\sdk_webtalk.wdm -intro "<H3>SDK Usage Report</H3><BR>"
# webtalk_terminate
INFO: [Common 17-206] Exiting Webtalk at Thu Jul 31 10:00:04 2025...
