17:16:15 **** Auto Build of configuration Debug for project CDTRIM_CACHE ****
make pre-build main-build 
a9-linaro-pre-build-step
' '
'Building file: C:/COSMOS_KJH/CosmosPlus_Cluster/CosmosPlus_DFTL_Cluster_DTRIM/CDTRIM/ftl/dftl/dftl_request_hil.cpp'
'Invoking: ARM v7 g++ compiler'
arm-none-eabi-g++ -DCOSMOS_PLUS=1 -DDFTL=1 -Wall -O0 -g3 -I../../CDTRIM_CACHE_bsp/ps7_cortexa9_0/include -I../../../../common -I../../../../hil -I../../../../hil/nvme -I../../../../ftl -I../../../../ftl/dftl -I../../../../target -I../../../../target/cosmos_plus -I../../../../fil -c -fmessage-length=0 -MT"src/ftl/dftl/dftl_request_hil.o" -mcpu=cortex-a9 -mfpu=vfpv3 -mfloat-abi=hard -MMD -MP -MF"src/ftl/dftl/dftl_request_hil.d" -MT"src/ftl/dftl/dftl_request_hil.o" -o "src/ftl/dftl/dftl_request_hil.o" "C:/COSMOS_KJH/CosmosPlus_Cluster/CosmosPlus_DFTL_Cluster_DTRIM/CDTRIM/ftl/dftl/dftl_request_hil.cpp"
In file included from C:/COSMOS_KJH/CosmosPlus_Cluster/CosmosPlus_DFTL_Cluster_DTRIM/CDTRIM/ftl/dftl/dftl_internal.h:53,
                 from C:/COSMOS_KJH/CosmosPlus_Cluster/CosmosPlus_DFTL_Cluster_DTRIM/CDTRIM/ftl/dftl/dftl_request_hil.cpp:18:
C:/COSMOS_KJH/CosmosPlus_Cluster/CosmosPlus_DFTL_Cluster_DTRIM/CDTRIM/ftl/dftl/dftl_garbagecollector.h:23: warning: "TRIM_FLUSH_THRESHOLD" redefined
 #define TRIM_FLUSH_THRESHOLD (16384)
 
In file included from C:/COSMOS_KJH/CosmosPlus_Cluster/CosmosPlus_DFTL_Cluster_DTRIM/CDTRIM/ftl/dftl/dftl_internal.h:45,
                 from C:/COSMOS_KJH/CosmosPlus_Cluster/CosmosPlus_DFTL_Cluster_DTRIM/CDTRIM/ftl/dftl/dftl_request_hil.cpp:18:
C:/COSMOS_KJH/CosmosPlus_Cluster/CosmosPlus_DFTL_Cluster_DTRIM/CDTRIM/ftl/dftl/dftl_config.h:39: note: this is the location of the previous definition
 #define TRIM_FLUSH_THRESHOLD    (262144)
 
In file included from C:/COSMOS_KJH/CosmosPlus_Cluster/CosmosPlus_DFTL_Cluster_DTRIM/CDTRIM/ftl/dftl/dftl_request_hil.cpp:17:
../../CDTRIM_CACHE_bsp/ps7_cortexa9_0/include/xtime_l.h:87:70: note: #pragma message: For the sleep routines, Global timer is being used
 #pragma message ("For the sleep routines, Global timer is being used")
                                                                      ^
C:/COSMOS_KJH/CosmosPlus_Cluster/CosmosPlus_DFTL_Cluster_DTRIM/CDTRIM/ftl/dftl/dftl_request_hil.cpp: In member function 'virtual BOOL HIL_REQUEST::_ProcessRead_Wait()':
C:/COSMOS_KJH/CosmosPlus_Cluster/CosmosPlus_DFTL_Cluster_DTRIM/CDTRIM/ftl/dftl/dftl_request_hil.cpp:632:28: warning: comparison of integer expressions of different signedness: 'int' and 'UINT32' {aka 'unsigned int'} [-Wsign-compare]
          for (int j = 0; j < lpn_count; j++) {
                          ~~^~~~~~~~~~~
C:/COSMOS_KJH/CosmosPlus_Cluster/CosmosPlus_DFTL_Cluster_DTRIM/CDTRIM/ftl/dftl/dftl_request_hil.cpp:651:25: warning: comparison of integer expressions of different signedness: 'int' and 'UINT32' {aka 'unsigned int'} [-Wsign-compare]
       for (int j = 0; j < lpn_count; j++) {
                       ~~^~~~~~~~~~~
C:/COSMOS_KJH/CosmosPlus_Cluster/CosmosPlus_DFTL_Cluster_DTRIM/CDTRIM/ftl/dftl/dftl_request_hil.cpp:577:21: warning: unused variable 'pstBufferMgr' [-Wunused-variable]
    BUFFER_MGR*      pstBufferMgr = DFTL_GLOBAL::GetBufferMgr();
                     ^~~~~~~~~~~~
C:/COSMOS_KJH/CosmosPlus_Cluster/CosmosPlus_DFTL_Cluster_DTRIM/CDTRIM/ftl/dftl/dftl_request_hil.cpp: In member function 'virtual BOOL HIL_REQUEST_PER_WAY::_ProcessRead_Wait()':
C:/COSMOS_KJH/CosmosPlus_Cluster/CosmosPlus_DFTL_Cluster_DTRIM/CDTRIM/ftl/dftl/dftl_request_hil.cpp:863:37: warning: comparison of integer expressions of different signedness: 'unsigned int' and 'INT32' {aka 'int'} [-Wsign-compare]
          for (unsigned int i = 0; i < GetLPNCount(); i++) {
                                   ~~^~~~~~~~~~~~~~~
C:/COSMOS_KJH/CosmosPlus_Cluster/CosmosPlus_DFTL_Cluster_DTRIM/CDTRIM/ftl/dftl/dftl_request_hil.cpp:876:17: warning: comparison of integer expressions of different signedness: 'INT32' {aka 'int'} and 'unsigned int' [-Wsign-compare]
       if (nVPPN == INVALID_PPN)   // unmap read
C:/COSMOS_KJH/CosmosPlus_Cluster/CosmosPlus_DFTL_Cluster_DTRIM/CDTRIM/ftl/dftl/dftl_request_hil.cpp:905:86: warning: comparison of integer expressions of different signedness: 'UINT32' {aka 'unsigned int'} and 'INT32' {aka 'int'} [-Wsign-compare]
                if (((UINT32*)ReadCacheBuf->m_pSpareBuf)[LPN_OFFSET_FROM_VPPN(nVPPN)] != nLPN)
                    ~~~~~~~~~~~~~~~~~~~~~~~~~~~~~~~~~~~~~~~~~~~~~~~~~~~~~~~~~~~~~~~~~~^~~~~~~
In file included from C:/COSMOS_KJH/CosmosPlus_Cluster/CosmosPlus_DFTL_Cluster_DTRIM/CDTRIM/ftl/dftl/dftl_internal.h:39,
                 from C:/COSMOS_KJH/CosmosPlus_Cluster/CosmosPlus_DFTL_Cluster_DTRIM/CDTRIM/ftl/dftl/dftl_request_hil.cpp:18:
C:/COSMOS_KJH/CosmosPlus_Cluster/CosmosPlus_DFTL_Cluster_DTRIM/CDTRIM/ftl/dftl/dftl_request_hil.cpp:916:35: warning: comparison of integer expressions of different signedness: 'INT32' {aka 'int'} and 'UINT32' {aka 'unsigned int'} [-Wsign-compare]
                      ASSERT(nVPPN == nBufferingVPPN);
                             ~~~~~~^~~~~~~~~~~~~~~~~
../../../../common/debug.h:57:7: note: in definition of macro 'ASSERT'
 if (!(X))                \
       ^
C:/COSMOS_KJH/CosmosPlus_Cluster/CosmosPlus_DFTL_Cluster_DTRIM/CDTRIM/ftl/dftl/dftl_request_hil.cpp:966:52: warning: comparison of integer expressions of different signedness: 'INT32' {aka 'int'} and 'UINT32' {aka 'unsigned int'} [-Wsign-compare]
                if ((nVPPN >> NUM_BIT_LPN_PER_PAGE) == (read_VPPN[iter] >> NUM_BIT_LPN_PER_PAGE))
                    ~~~~~~~~~~~~~~~~~~~~~~~~~~~~~~~~^~~~~~~~~~~~~~~~~~~~~~~~~~~~~~~~~~~~~~~~~~~~
C:/COSMOS_KJH/CosmosPlus_Cluster/CosmosPlus_DFTL_Cluster_DTRIM/CDTRIM/ftl/dftl/dftl_request_hil.cpp:1007:22: warning: comparison of integer expressions of different signedness: 'INT32' {aka 'int'} and 'UINT32' {aka 'unsigned int'} [-Wsign-compare]
    if (GetLPNCount() == GetDoneCount())
        ~~~~~~~~~~~~~~^~~~~~~~~~~~~~~~~
C:/COSMOS_KJH/CosmosPlus_Cluster/CosmosPlus_DFTL_Cluster_DTRIM/CDTRIM/ftl/dftl/dftl_request_hil.cpp:823:18: warning: unused variable 'nVPPN' [-Wunused-variable]
    INT32         nVPPN;
                  ^~~~~
C:/COSMOS_KJH/CosmosPlus_Cluster/CosmosPlus_DFTL_Cluster_DTRIM/CDTRIM/ftl/dftl/dftl_request_hil.cpp: In member function 'BOOL HIL_REQUEST_PER_WAY::HDMAIssue()':
C:/COSMOS_KJH/CosmosPlus_Cluster/CosmosPlus_DFTL_Cluster_DTRIM/CDTRIM/ftl/dftl/dftl_request_hil.cpp:1086:40: warning: comparison of integer expressions of different signedness: 'UINT32' {aka 'unsigned int'} and 'INT32' {aka 'int'} [-Wsign-compare]
       if (m_parent_req->GetDoneCount() == m_parent_req->GetLPNCount()) {
           ~~~~~~~~~~~~~~~~~~~~~~~~~~~~~^~~~~~~~~~~~~~~~~~~~~~~~~~~~~~
C:/COSMOS_KJH/CosmosPlus_Cluster/CosmosPlus_DFTL_Cluster_DTRIM/CDTRIM/ftl/dftl/dftl_request_hil.cpp: In member function 'virtual BOOL HIL_REQUEST_PER_WAY::_ProcessWrite_Wait()':
C:/COSMOS_KJH/CosmosPlus_Cluster/CosmosPlus_DFTL_Cluster_DTRIM/CDTRIM/ftl/dftl/dftl_request_hil.cpp:1176:29: warning: comparison of integer expressions of different signedness: 'UINT32' {aka 'unsigned int'} and 'INT32' {aka 'int'} [-Wsign-compare]
    } while ((GetDoneCount() < GetLPNCount()) && (bSuccess == TRUE));
              ~~~~~~~~~~~~~~~^~~~~~~~~~~~~~~
C:/COSMOS_KJH/CosmosPlus_Cluster/CosmosPlus_DFTL_Cluster_DTRIM/CDTRIM/ftl/dftl/dftl_request_hil.cpp:1191:40: warning: comparison of integer expressions of different signedness: 'UINT32' {aka 'unsigned int'} and 'INT32' {aka 'int'} [-Wsign-compare]
       if (m_parent_req->GetDoneCount() == m_parent_req->GetLPNCount()) {
           ~~~~~~~~~~~~~~~~~~~~~~~~~~~~~^~~~~~~~~~~~~~~~~~~~~~~~~~~~~~
C:/COSMOS_KJH/CosmosPlus_Cluster/CosmosPlus_DFTL_Cluster_DTRIM/CDTRIM/ftl/dftl/dftl_request_hil.cpp: In member function 'BOOL HIL_REQUEST::_ProcessDSM_Wait()':
C:/COSMOS_KJH/CosmosPlus_Cluster/CosmosPlus_DFTL_Cluster_DTRIM/CDTRIM/ftl/dftl/dftl_request_hil.cpp:1208:9: warning: unused variable 'DSLength' [-Wunused-variable]
  UINT32 DSLength = 0;
         ^~~~~~~~
In file included from C:/COSMOS_KJH/CosmosPlus_Cluster/CosmosPlus_DFTL_Cluster_DTRIM/CDTRIM/ftl/dftl/dftl_internal.h:61,
                 from C:/COSMOS_KJH/CosmosPlus_Cluster/CosmosPlus_DFTL_Cluster_DTRIM/CDTRIM/ftl/dftl/dftl_request_hil.cpp:18:
C:/COSMOS_KJH/CosmosPlus_Cluster/CosmosPlus_DFTL_Cluster_DTRIM/CDTRIM/ftl/dftl/dftl_profile.h: At global scope:
C:/COSMOS_KJH/CosmosPlus_Cluster/CosmosPlus_DFTL_Cluster_DTRIM/CDTRIM/ftl/dftl/dftl_profile.h:74:15: warning: 'DFTL_profile' defined but not used [-Wunused-variable]
 static UINT32 DFTL_profile[Prof_Total_Num];
               ^~~~~~~~~~~~
'Finished building: C:/COSMOS_KJH/CosmosPlus_Cluster/CosmosPlus_DFTL_Cluster_DTRIM/CDTRIM/ftl/dftl/dftl_request_hil.cpp'
' '
'Building target: CDTRIM_CACHE.elf'
'Invoking: ARM v7 g++ linker'
arm-none-eabi-g++ -mcpu=cortex-a9 -mfpu=vfpv3 -mfloat-abi=hard -Wl,-build-id=none -specs=Xilinx.spec -Wl,-T -Wl,../src/lscript.ld -L../../CDTRIM_CACHE_bsp/ps7_cortexa9_0/lib -o "CDTRIM_CACHE.elf"  ./src/target/cosmos_plus/cosmos_plus_system.o  ./src/target/main.o ./src/target/osal.o  ./src/hil/nvme/host_lld.o ./src/hil/nvme/nvme_admin_cmd.o ./src/hil/nvme/nvme_identify.o ./src/hil/nvme/nvme_io_cmd.o ./src/hil/nvme/nvme_main.o  ./src/hil/hil.o  ./src/ftl/dftl/dftl_activeblock.o ./src/ftl/dftl/dftl_block.o ./src/ftl/dftl/dftl_bufferpool.o ./src/ftl/dftl/dftl_external_interface.o ./src/ftl/dftl/dftl_garbagecollector.o ./src/ftl/dftl/dftl_global.o ./src/ftl/dftl/dftl_hdma.o ./src/ftl/dftl/dftl_meta.o ./src/ftl/dftl/dftl_profile.o ./src/ftl/dftl/dftl_request.o ./src/ftl/dftl/dftl_request_gc.o ./src/ftl/dftl/dftl_request_hil.o ./src/ftl/dftl/dftl_request_meta.o ./src/ftl/dftl/dftl_vnand.o  ./src/ftl/template.o ./src/ftl/template_cpp.o  ./src/fil/fil.o ./src/fil/fil_nand.o ./src/fil/fil_request.o ./src/fil/nsc_driver.o  ./src/common/list.o ./src/common/random.o ./src/common/statistics.o ./src/common/util.o   -Wl,--start-group,-lxil,-lgcc,-lc,-lstdc++,--end-group
'Finished building target: CDTRIM_CACHE.elf'
' '
'Invoking: ARM v7 Print Size'
arm-none-eabi-size CDTRIM_CACHE.elf  |tee "CDTRIM_CACHE.elf.size"
   text	   data	    bss	    dec	    hex	filename
 246660	   5000	  28324	 279984	  445b0	CDTRIM_CACHE.elf
'Finished building: CDTRIM_CACHE.elf.size'
' '

17:16:16 Build Finished (took 1s.825ms)

