10:26:41 INFO  : Registering command handlers for SDK TCF services
10:26:42 INFO  : Launching XSCT server: xsct.bat -interactive C:\COSMOS_KJH\CosmosPlus_Cluster\CosmosPlus_DFTL_Cluster_DTRIM_Bef\CDTRIM_bef\Build\CDTRIM_bef\temp_xsdb_launch_script.tcl
10:26:45 INFO  : XSCT server has started successfully.
10:26:50 INFO  : Successfully done setting XSCT server connection channel  
10:26:50 INFO  : Successfully done setting SDK workspace  
10:34:53 INFO  : Project 'system_hw_platform_0' created. You can now create BSPs and application projects targeting this hardware platform.
10:44:52 INFO  : Connected to target on host '127.0.0.1' and port '3121'.
10:45:10 INFO  : ----------------XSDB Script----------------
connect -url tcp:127.0.0.1:3121
----------------End of Script----------------

10:45:22 INFO  : Connected to target on host '127.0.0.1' and port '3121'.
10:45:23 INFO  : Jtag cable 'Digilent JTAG-SMT2 210251A543E7' is selected.
10:45:23 INFO  : 'jtag frequency' command is executed.
10:45:23 INFO  : Sourcing of 'C:/COSMOS_KJH/CosmosPlus_Cluster/CosmosPlus_DFTL_Cluster_DTRIM_Bef/CDTRIM_bef/Build/CDTRIM_bef/system_hw_platform_0/ps7_init.tcl' is done.
10:45:23 INFO  : Context for 'APU' is selected.
10:45:23 INFO  : System reset is completed.
10:45:26 INFO  : 'after 3000' command is executed.
10:45:26 INFO  : 'targets -set -filter {jtag_cable_name =~ "Digilent JTAG-SMT2 210251A543E7" && level==0} -index 1' command is executed.
10:45:33 INFO  : FPGA configured successfully with bitstream "C:/COSMOS_KJH/CosmosPlus_Cluster/CosmosPlus_DFTL_Cluster_DTRIM_Bef/CDTRIM_bef/Build/CDTRIM_bef/system_hw_platform_0/OpenSSD2.bit"
10:45:34 INFO  : Context for 'APU' is selected.
10:45:34 INFO  : Hardware design information is loaded from 'C:/COSMOS_KJH/CosmosPlus_Cluster/CosmosPlus_DFTL_Cluster_DTRIM_Bef/CDTRIM_bef/Build/CDTRIM_bef/system_hw_platform_0/system.hdf'.
10:45:34 INFO  : 'configparams force-mem-access 1' command is executed.
10:45:34 INFO  : Context for 'APU' is selected.
10:45:34 INFO  : 'ps7_init' command is executed.
10:45:34 INFO  : 'ps7_post_config' command is executed.
10:45:34 INFO  : Context for processor 'ps7_cortexa9_0' is selected.
10:45:34 INFO  : The application 'C:/COSMOS_KJH/CosmosPlus_Cluster/CosmosPlus_DFTL_Cluster_DTRIM_Bef/CDTRIM_bef/Build/CDTRIM_bef/CDTRIM_BEF/Debug/CDTRIM_BEF.elf' is downloaded to processor 'ps7_cortexa9_0'.
10:45:34 INFO  : 'configparams force-mem-access 0' command is executed.
10:45:34 INFO  : ----------------XSDB Script----------------
connect -url tcp:127.0.0.1:3121
source C:/COSMOS_KJH/CosmosPlus_Cluster/CosmosPlus_DFTL_Cluster_DTRIM_Bef/CDTRIM_bef/Build/CDTRIM_bef/system_hw_platform_0/ps7_init.tcl
targets -set -nocase -filter {name =~"APU*" && jtag_cable_name =~ "Digilent JTAG-SMT2 210251A543E7"} -index 0
rst -system
after 3000
targets -set -filter {jtag_cable_name =~ "Digilent JTAG-SMT2 210251A543E7" && level==0} -index 1
fpga -file C:/COSMOS_KJH/CosmosPlus_Cluster/CosmosPlus_DFTL_Cluster_DTRIM_Bef/CDTRIM_bef/Build/CDTRIM_bef/system_hw_platform_0/OpenSSD2.bit
targets -set -nocase -filter {name =~"APU*" && jtag_cable_name =~ "Digilent JTAG-SMT2 210251A543E7"} -index 0
loadhw -hw C:/COSMOS_KJH/CosmosPlus_Cluster/CosmosPlus_DFTL_Cluster_DTRIM_Bef/CDTRIM_bef/Build/CDTRIM_bef/system_hw_platform_0/system.hdf -mem-ranges [list {0x40000000 0xbfffffff}]
configparams force-mem-access 1
targets -set -nocase -filter {name =~"APU*" && jtag_cable_name =~ "Digilent JTAG-SMT2 210251A543E7"} -index 0
ps7_init
ps7_post_config
targets -set -nocase -filter {name =~ "ARM*#0" && jtag_cable_name =~ "Digilent JTAG-SMT2 210251A543E7"} -index 0
dow C:/COSMOS_KJH/CosmosPlus_Cluster/CosmosPlus_DFTL_Cluster_DTRIM_Bef/CDTRIM_bef/Build/CDTRIM_bef/CDTRIM_BEF/Debug/CDTRIM_BEF.elf
configparams force-mem-access 0
----------------End of Script----------------

10:45:35 INFO  : Memory regions updated for context APU
10:45:35 INFO  : Context for processor 'ps7_cortexa9_0' is selected.
10:45:35 INFO  : 'con' command is executed.
10:45:35 INFO  : ----------------XSDB Script (After Launch)----------------
targets -set -nocase -filter {name =~ "ARM*#0" && jtag_cable_name =~ "Digilent JTAG-SMT2 210251A543E7"} -index 0
con
----------------End of Script----------------

10:45:35 INFO  : Launch script is exported to file 'C:\COSMOS_KJH\CosmosPlus_Cluster\CosmosPlus_DFTL_Cluster_DTRIM_Bef\CDTRIM_bef\Build\CDTRIM_bef\.sdk\launch_scripts\xilinx_c-c++_application_(system_debugger)\system_debugger_using_debug_cdtrim_bef.elf_on_local.tcl'
11:12:28 INFO  : Disconnected from the channel tcfchan#1.
11:12:29 INFO  : Connected to target on host '127.0.0.1' and port '3121'.
11:12:29 INFO  : Jtag cable 'Digilent JTAG-SMT2 210251A543E7' is selected.
11:12:29 INFO  : 'jtag frequency' command is executed.
11:12:29 INFO  : Sourcing of 'C:/COSMOS_KJH/CosmosPlus_Cluster/CosmosPlus_DFTL_Cluster_DTRIM_Bef/CDTRIM_bef/Build/CDTRIM_bef/system_hw_platform_0/ps7_init.tcl' is done.
11:12:29 INFO  : Context for 'APU' is selected.
11:12:29 INFO  : System reset is completed.
11:12:32 INFO  : 'after 3000' command is executed.
11:12:32 INFO  : 'targets -set -filter {jtag_cable_name =~ "Digilent JTAG-SMT2 210251A543E7" && level==0} -index 1' command is executed.
11:12:40 INFO  : FPGA configured successfully with bitstream "C:/COSMOS_KJH/CosmosPlus_Cluster/CosmosPlus_DFTL_Cluster_DTRIM_Bef/CDTRIM_bef/Build/CDTRIM_bef/system_hw_platform_0/OpenSSD2.bit"
11:12:40 INFO  : Context for 'APU' is selected.
11:12:40 INFO  : Hardware design information is loaded from 'C:/COSMOS_KJH/CosmosPlus_Cluster/CosmosPlus_DFTL_Cluster_DTRIM_Bef/CDTRIM_bef/Build/CDTRIM_bef/system_hw_platform_0/system.hdf'.
11:12:40 INFO  : 'configparams force-mem-access 1' command is executed.
11:12:40 INFO  : Context for 'APU' is selected.
11:12:40 INFO  : 'ps7_init' command is executed.
11:12:40 INFO  : 'ps7_post_config' command is executed.
11:12:41 INFO  : Context for processor 'ps7_cortexa9_0' is selected.
11:12:41 INFO  : The application 'C:/COSMOS_KJH/CosmosPlus_Cluster/CosmosPlus_DFTL_Cluster_DTRIM_Bef/CDTRIM_bef/Build/CDTRIM_bef/CDTRIM_BEF/Debug/CDTRIM_BEF.elf' is downloaded to processor 'ps7_cortexa9_0'.
11:12:41 INFO  : 'configparams force-mem-access 0' command is executed.
11:12:41 INFO  : ----------------XSDB Script----------------
connect -url tcp:127.0.0.1:3121
source C:/COSMOS_KJH/CosmosPlus_Cluster/CosmosPlus_DFTL_Cluster_DTRIM_Bef/CDTRIM_bef/Build/CDTRIM_bef/system_hw_platform_0/ps7_init.tcl
targets -set -nocase -filter {name =~"APU*" && jtag_cable_name =~ "Digilent JTAG-SMT2 210251A543E7"} -index 0
rst -system
after 3000
targets -set -filter {jtag_cable_name =~ "Digilent JTAG-SMT2 210251A543E7" && level==0} -index 1
fpga -file C:/COSMOS_KJH/CosmosPlus_Cluster/CosmosPlus_DFTL_Cluster_DTRIM_Bef/CDTRIM_bef/Build/CDTRIM_bef/system_hw_platform_0/OpenSSD2.bit
targets -set -nocase -filter {name =~"APU*" && jtag_cable_name =~ "Digilent JTAG-SMT2 210251A543E7"} -index 0
loadhw -hw C:/COSMOS_KJH/CosmosPlus_Cluster/CosmosPlus_DFTL_Cluster_DTRIM_Bef/CDTRIM_bef/Build/CDTRIM_bef/system_hw_platform_0/system.hdf -mem-ranges [list {0x40000000 0xbfffffff}]
configparams force-mem-access 1
targets -set -nocase -filter {name =~"APU*" && jtag_cable_name =~ "Digilent JTAG-SMT2 210251A543E7"} -index 0
ps7_init
ps7_post_config
targets -set -nocase -filter {name =~ "ARM*#0" && jtag_cable_name =~ "Digilent JTAG-SMT2 210251A543E7"} -index 0
dow C:/COSMOS_KJH/CosmosPlus_Cluster/CosmosPlus_DFTL_Cluster_DTRIM_Bef/CDTRIM_bef/Build/CDTRIM_bef/CDTRIM_BEF/Debug/CDTRIM_BEF.elf
configparams force-mem-access 0
----------------End of Script----------------

11:12:41 INFO  : Memory regions updated for context APU
11:12:41 INFO  : Context for processor 'ps7_cortexa9_0' is selected.
11:12:41 INFO  : 'con' command is executed.
11:12:41 INFO  : ----------------XSDB Script (After Launch)----------------
targets -set -nocase -filter {name =~ "ARM*#0" && jtag_cable_name =~ "Digilent JTAG-SMT2 210251A543E7"} -index 0
con
----------------End of Script----------------

11:12:41 INFO  : Launch script is exported to file 'C:\COSMOS_KJH\CosmosPlus_Cluster\CosmosPlus_DFTL_Cluster_DTRIM_Bef\CDTRIM_bef\Build\CDTRIM_bef\.sdk\launch_scripts\xilinx_c-c++_application_(system_debugger)\system_debugger_using_debug_cdtrim_bef.elf_on_local.tcl'
17:41:37 INFO  : Disconnected from the channel tcfchan#2.
